<?xml version="1.0" encoding="UTF-8"?>
<robot generator="Robot 7.2.2 (Python 3.13.1 on win32)" generated="2025-05-12T17:51:25.039697" rpa="false" schemaversion="5">
<suite id="s1" name="TS ForgotPassword" source="E:\PythonProject\MFramework\tests\test_suites\TS_ForgotPassword.robot">
<test id="s1-t1" name="Using data driven testing using hi and 12 and 12 and  and Thông báo and Tạo lại tài khoản thành công and E:/PythonProject/Mframework/screenshot/baseline/warning_notify_icon.png and success" line="14">
<kw name="Open MCM Application" owner="common_keyword" type="SETUP">
<kw name="Check Is App Is Running" owner="common_keyword">
<kw name="Run Process" owner="Process">
<msg time="2025-05-12T17:51:27.564929" level="INFO">Starting process:
adb shell pidof com.example.mcm_mangacollectionmanagement</msg>
<msg time="2025-05-12T17:51:27.577160" level="INFO">Waiting for process to complete.</msg>
<msg time="2025-05-12T17:51:27.664192" level="INFO">Process completed.</msg>
<msg time="2025-05-12T17:51:27.664369" level="INFO">${output} = &lt;result object with rc 1&gt;</msg>
<var>${output}</var>
<arg>adb shell pidof ${APP_PACKAGE}</arg>
<arg>shell=True</arg>
<arg>stdout=STDOUT</arg>
<doc>Runs a process and waits for it to complete.</doc>
<status status="PASS" start="2025-05-12T17:51:27.564329" elapsed="0.100078"/>
</kw>
<kw name="Run Keyword And Return Status" owner="BuiltIn">
<kw name="Should Not Be Empty" owner="BuiltIn">
<msg time="2025-05-12T17:51:27.665929" level="INFO">Length is 0.</msg>
<msg time="2025-05-12T17:51:27.666085" level="FAIL">'' should not be empty.</msg>
<arg>${output.stdout}</arg>
<doc>Verifies that the given item is not empty.</doc>
<status status="FAIL" start="2025-05-12T17:51:27.664941" elapsed="0.001320">'' should not be empty.</status>
</kw>
<msg time="2025-05-12T17:51:27.666414" level="INFO">${status} = False</msg>
<var>${status}</var>
<arg>Should Not Be Empty</arg>
<arg>${output.stdout}</arg>
<doc>Runs the given keyword with given arguments and returns the status as a Boolean value.</doc>
<status status="PASS" start="2025-05-12T17:51:27.664629" elapsed="0.001820"/>
</kw>
<return>
<value>${status}</value>
<status status="PASS" start="2025-05-12T17:51:27.666518" elapsed="0.000050"/>
</return>
<msg time="2025-05-12T17:51:27.666745" level="INFO">${status} = False</msg>
<var>${status}</var>
<doc>Kiểm tra xem ứng dụng MCM có đang chạy không.
- Lệnh `adb shell pidof` được sử dụng để lấy PID của ứng dụng.
- Nếu `output.stdout` không rỗng, ứng dụng đang chạy.
- Trả về `True` nếu ứng dụng đang chạy, ngược lại trả về `False`.</doc>
<status status="PASS" start="2025-05-12T17:51:27.563668" elapsed="0.103109"/>
</kw>
<kw name="Run Keyword If" owner="BuiltIn">
<arg>${status}</arg>
<arg>Close MCM Application</arg>
<doc>Runs the given keyword with the given arguments, if ``condition`` is true.</doc>
<status status="PASS" start="2025-05-12T17:51:27.666992" elapsed="0.000168"/>
</kw>
<kw name="Sleep" owner="BuiltIn">
<msg time="2025-05-12T17:51:29.667778" level="INFO">Slept 2 seconds.</msg>
<arg>2</arg>
<doc>Pauses the test executed for the given time.</doc>
<status status="PASS" start="2025-05-12T17:51:27.667293" elapsed="2.000696"/>
</kw>
<kw name="Open Application" owner="AppiumLibrary">
<arg>${REMOTE_URL}</arg>
<arg>platformName=${PLATFORM_NAME}</arg>
<arg>deviceName=${EMULATOR_DEVICE_NAME}</arg>
<arg>appPackage=${APP_PACKAGE}</arg>
<arg>appActivity=${APP_ACTIVITY}</arg>
<arg>noReset=${NO_RESET}</arg>
<arg>automationName=${AUTOMATION_NAME}</arg>
<doc>Opens a new application to given Appium server.
Capabilities of appium server, Android and iOS,
Please check https://appium.io/docs/en/2.1/cli/args/
| *Option*            | *Man.* | *Description*     |
| remote_url          | Yes    | Appium server url |
| alias               | no     | alias             |
| strict_ssl          | No     | allows you to send commands to an invalid certificate host like a self-signed one. |</doc>
<status status="PASS" start="2025-05-12T17:51:29.668333" elapsed="6.328266"/>
</kw>
<doc>Mở ứng dụng MCM trên thiết bị/emulator.
- Nếu ứng dụng đã chạy trước đó, nó sẽ được đóng trước khi mở lại.
- Sử dụng `Open Application` với các tham số cấu hình từ biến môi trường.</doc>
<status status="PASS" start="2025-05-12T17:51:27.563270" elapsed="8.433578"/>
</kw>
<kw name="Data Driven Testing For Register Feature">
<kw name="Check Forgot Password" owner="forgotpassword_keyword">
<if>
<branch type="IF" condition="&quot;${type}&quot; == &quot;remove_app&quot;">
<kw name="Reset MCM App" owner="common_keyword">
<doc>Reset ứng dụng MCM về trạng thái mặc định.
- Dừng ứng dụng (`Terminate application`).
- Xóa dữ liệu ứng dụng bằng `adb shell pm clear`.</doc>
<status status="NOT RUN" start="2025-05-12T17:51:35.999371" elapsed="0.000051"/>
</kw>
<kw name="Sleep" owner="BuiltIn">
<arg>3s</arg>
<doc>Pauses the test executed for the given time.</doc>
<status status="NOT RUN" start="2025-05-12T17:51:35.999663" elapsed="0.000045"/>
</kw>
<kw name="Open MCM Application" owner="common_keyword">
<doc>Mở ứng dụng MCM trên thiết bị/emulator.
- Nếu ứng dụng đã chạy trước đó, nó sẽ được đóng trước khi mở lại.
- Sử dụng `Open Application` với các tham số cấu hình từ biến môi trường.</doc>
<status status="NOT RUN" start="2025-05-12T17:51:35.999972" elapsed="0.000048"/>
</kw>
<status status="NOT RUN" start="2025-05-12T17:51:35.998914" elapsed="0.001172"/>
</branch>
<status status="PASS" start="2025-05-12T17:51:35.998850" elapsed="0.001296"/>
</if>
<kw name="Forgot Password" owner="forgotpassword_keyword">
<kw name="Wait Until Page Contains Element" owner="AppiumLibrary">
<msg time="2025-05-12T17:51:38.933832" level="INFO">xpath criteria: //android.widget.TextView[@resource-id="com.example.mcm_mangacollectionmanagement:id/txtForgotPassword"]
xpath criteria: //android.widget.TextView[@resource-id="com.example.mcm_mangacollectionmanagement:id/txtForgotPassword"]
xpath criteria: //android.widget.TextView[@resource-id="com.example.mcm_mangacollectionmanagement:id/txtForgotPassword"]
xpath criteria: //android.widget.TextView[@resource-id="com.example.mcm_mangacollectionmanagement:id/txtForgotPassword"]
xpath criteria: //android.widget.TextView[@resource-id="com.example.mcm_mangacollectionmanagement:id/txtForgotPassword"]
xpath criteria: //android.widget.TextView[@resource-id="com.example.mcm_mangacollectionmanagement:id/txtForgotPassword"]</msg>
<arg>${BTN_LOGIN_FORGOT_PASSWORD}</arg>
<arg>10s</arg>
<doc>Waits until element specified with `locator` appears on current page.</doc>
<status status="PASS" start="2025-05-12T17:51:36.001496" elapsed="2.932464"/>
</kw>
<kw name="Click Element" owner="AppiumLibrary">
<msg time="2025-05-12T17:51:38.938262" level="INFO">Clicking element '//android.widget.TextView[@resource-id="com.example.mcm_mangacollectionmanagement:id/txtForgotPassword"]'.</msg>
<msg time="2025-05-12T17:51:39.130731" level="INFO">xpath criteria: //android.widget.TextView[@resource-id="com.example.mcm_mangacollectionmanagement:id/txtForgotPassword"]</msg>
<arg>${BTN_LOGIN_FORGOT_PASSWORD}</arg>
<doc>Click element identified by `locator`.</doc>
<status status="PASS" start="2025-05-12T17:51:38.934143" elapsed="0.196734"/>
</kw>
<kw name="Wait Until Page Contains Element" owner="AppiumLibrary">
<msg time="2025-05-12T17:51:40.053783" level="INFO">xpath criteria: //android.widget.EditText[@resource-id="com.example.mcm_mangacollectionmanagement:id/edtFPUsername"]</msg>
<arg>${EDT_FP_USERNAME}</arg>
<doc>Waits until element specified with `locator` appears on current page.</doc>
<status status="PASS" start="2025-05-12T17:51:39.131194" elapsed="0.922718"/>
</kw>
<kw name="Wait Until Page Contains Element" owner="AppiumLibrary">
<msg time="2025-05-12T17:51:40.159547" level="INFO">xpath criteria: //android.widget.EditText[@resource-id="com.example.mcm_mangacollectionmanagement:id/edtFPPassword1"]</msg>
<arg>${EDT_FP_PASSWORD}</arg>
<doc>Waits until element specified with `locator` appears on current page.</doc>
<status status="PASS" start="2025-05-12T17:51:40.054099" elapsed="0.105798"/>
</kw>
<kw name="Wait Until Page Contains Element" owner="AppiumLibrary">
<msg time="2025-05-12T17:51:40.260829" level="INFO">xpath criteria: //android.widget.EditText[@resource-id="com.example.mcm_mangacollectionmanagement:id/edtFPPasswrod2"]</msg>
<arg>${EDT_FP_COMFIRM_PASSWORD}</arg>
<doc>Waits until element specified with `locator` appears on current page.</doc>
<status status="PASS" start="2025-05-12T17:51:40.160206" elapsed="0.100738"/>
</kw>
<kw name="Input Text" owner="AppiumLibrary">
<msg time="2025-05-12T17:51:40.263191" level="INFO">Typing text 'hi' into text field '//android.widget.EditText[@resource-id="com.example.mcm_mangacollectionmanagement:id/edtFPUsername"]'</msg>
<msg time="2025-05-12T17:51:40.432111" level="INFO">xpath criteria: //android.widget.EditText[@resource-id="com.example.mcm_mangacollectionmanagement:id/edtFPUsername"]</msg>
<arg>${EDT_FP_USERNAME}</arg>
<arg>${username}</arg>
<doc>Types the given `text` into text field identified by `locator`.</doc>
<status status="PASS" start="2025-05-12T17:51:40.261153" elapsed="0.171090"/>
</kw>
<kw name="Input Text" owner="AppiumLibrary">
<msg time="2025-05-12T17:51:40.439133" level="INFO">Typing text '12' into text field '//android.widget.EditText[@resource-id="com.example.mcm_mangacollectionmanagement:id/edtFPPassword1"]'</msg>
<msg time="2025-05-12T17:51:41.656353" level="INFO">xpath criteria: //android.widget.EditText[@resource-id="com.example.mcm_mangacollectionmanagement:id/edtFPPassword1"]</msg>
<arg>${EDT_FP_PASSWORD}</arg>
<arg>${password1}</arg>
<doc>Types the given `text` into text field identified by `locator`.</doc>
<status status="PASS" start="2025-05-12T17:51:40.432554" elapsed="1.224115"/>
</kw>
<kw name="Input Text" owner="AppiumLibrary">
<msg time="2025-05-12T17:51:41.662778" level="INFO">Typing text '12' into text field '//android.widget.EditText[@resource-id="com.example.mcm_mangacollectionmanagement:id/edtFPPasswrod2"]'</msg>
<msg time="2025-05-12T17:51:42.911526" level="INFO">xpath criteria: //android.widget.EditText[@resource-id="com.example.mcm_mangacollectionmanagement:id/edtFPPasswrod2"]</msg>
<arg>${EDT_FP_COMFIRM_PASSWORD}</arg>
<arg>${password2}</arg>
<doc>Types the given `text` into text field identified by `locator`.</doc>
<status status="PASS" start="2025-05-12T17:51:41.657079" elapsed="1.254584"/>
</kw>
<if>
<branch type="IF" condition="'${wcode}' != 'nothing'">
<if>
<branch type="IF" condition="'${wcode}' == '${EMPTY}'">
<kw name="Click Element" owner="AppiumLibrary">
<msg time="2025-05-12T17:51:42.916845" level="INFO">Clicking element 'xpath=(//android.widget.ImageButton[@resource-id="com.example.mcm_mangacollectionmanagement:id/text_input_end_icon"])[3]'.</msg>
<msg time="2025-05-12T17:51:44.137161" level="INFO">xpath criteria: (//android.widget.ImageButton[@resource-id="com.example.mcm_mangacollectionmanagement:id/text_input_end_icon"])[3]</msg>
<arg>${BTN_FP_SEND_CODE}</arg>
<doc>Click element identified by `locator`.</doc>
<status status="PASS" start="2025-05-12T17:51:42.913425" elapsed="1.223966"/>
</kw>
<kw name="Sleep" owner="BuiltIn">
<msg time="2025-05-12T17:52:04.138768" level="INFO">Slept 20 seconds.</msg>
<arg>20</arg>
<doc>Pauses the test executed for the given time.</doc>
<status status="PASS" start="2025-05-12T17:51:44.138008" elapsed="20.000897"/>
</kw>
<kw name="Get Confirmed Code" owner="GetNewMail">
<msg time="2025-05-12T17:52:06.285941" level="INFO">${code} = 800142
</msg>
<var>${code}</var>
<status status="PASS" start="2025-05-12T17:52:04.139128" elapsed="2.146864"/>
</kw>
<kw name="Input Text" owner="AppiumLibrary">
<msg time="2025-05-12T17:52:06.288843" level="INFO">Typing text '800142
' into text field '//android.widget.EditText[@resource-id="com.example.mcm_mangacollectionmanagement:id/edtFPConfirmedCode"]'</msg>
<msg time="2025-05-12T17:52:07.106496" level="INFO">xpath criteria: //android.widget.EditText[@resource-id="com.example.mcm_mangacollectionmanagement:id/edtFPConfirmedCode"]</msg>
<arg>${EDT_FP_CODE}</arg>
<arg>${code}</arg>
<doc>Types the given `text` into text field identified by `locator`.</doc>
<status status="PASS" start="2025-05-12T17:52:06.286182" elapsed="0.820505"/>
</kw>
<status status="PASS" start="2025-05-12T17:51:42.912264" elapsed="24.194587"/>
</branch>
<branch type="ELSE IF" condition="'${wcode}' == 'empty'">
<kw name="Clear Text" owner="AppiumLibrary">
<arg>${EDT_FP_CODE}</arg>
<doc>Clears the text field identified by `locator`.</doc>
<status status="NOT RUN" start="2025-05-12T17:52:07.107998" elapsed="0.000118"/>
</kw>
<status status="NOT RUN" start="2025-05-12T17:52:07.107321" elapsed="0.001150"/>
</branch>
<branch type="ELSE">
<kw name="Input Text" owner="AppiumLibrary">
<arg>${EDT_FP_CODE}</arg>
<arg>${wcode}</arg>
<doc>Types the given `text` into text field identified by `locator`.</doc>
<status status="NOT RUN" start="2025-05-12T17:52:07.108981" elapsed="0.000079"/>
</kw>
<status status="NOT RUN" start="2025-05-12T17:52:07.108589" elapsed="0.000602"/>
</branch>
<status status="PASS" start="2025-05-12T17:51:42.912224" elapsed="24.197049"/>
</if>
<kw name="Click Element" owner="AppiumLibrary">
<msg time="2025-05-12T17:52:07.121289" level="INFO">Clicking element '//android.widget.Button[@resource-id="com.example.mcm_mangacollectionmanagement:id/btnFPRegister"]'.</msg>
<msg time="2025-05-12T17:52:08.943852" level="INFO">xpath criteria: //android.widget.Button[@resource-id="com.example.mcm_mangacollectionmanagement:id/btnFPRegister"]</msg>
<arg>${BTN_FP_CREATE}</arg>
<doc>Click element identified by `locator`.</doc>
<status status="PASS" start="2025-05-12T17:52:07.109608" elapsed="1.834364"/>
</kw>
<status status="PASS" start="2025-05-12T17:51:42.911901" elapsed="26.032259"/>
</branch>
<branch type="ELSE">
<kw name="Click Element" owner="AppiumLibrary">
<arg>${BTN_FP_SEND_CODE}</arg>
<doc>Click element identified by `locator`.</doc>
<status status="NOT RUN" start="2025-05-12T17:52:08.944530" elapsed="0.000047"/>
</kw>
<status status="NOT RUN" start="2025-05-12T17:52:08.944221" elapsed="0.000421"/>
</branch>
<status status="PASS" start="2025-05-12T17:51:42.911844" elapsed="26.032841"/>
</if>
<kw name="Sleep" owner="BuiltIn">
<msg time="2025-05-12T17:52:13.946024" level="INFO">Slept 5 seconds.</msg>
<arg>5</arg>
<doc>Pauses the test executed for the given time.</doc>
<status status="PASS" start="2025-05-12T17:52:08.945146" elapsed="5.001034"/>
</kw>
<arg>${username}</arg>
<arg>${password1}</arg>
<arg>${password2}</arg>
<arg>${wcode}</arg>
<status status="PASS" start="2025-05-12T17:51:36.000609" elapsed="37.945690"/>
</kw>
<kw name="Verify Notification" owner="notificationall_keyword">
<kw name="Verify Element In Notification Visible" owner="notification_keyword">
<kw name="Wait Until Element Is Visible" owner="AppiumLibrary">
<msg time="2025-05-12T17:52:14.058394" level="INFO">xpath criteria: //android.widget.ImageView[@resource-id="com.example.mcm_mangacollectionmanagement:id/successimage"]</msg>
<arg>${NOTIFY_ICON}</arg>
<doc>Waits until element specified with `locator` is visible.</doc>
<status status="PASS" start="2025-05-12T17:52:13.952940" elapsed="0.105583"/>
</kw>
<kw name="Wait Until Element Is Visible" owner="AppiumLibrary">
<msg time="2025-05-12T17:52:14.192635" level="INFO">xpath criteria: //android.widget.TextView[@resource-id="com.example.mcm_mangacollectionmanagement:id/successtitle"]</msg>
<arg>${TXT_NOTIFY_TITLE}</arg>
<doc>Waits until element specified with `locator` is visible.</doc>
<status status="PASS" start="2025-05-12T17:52:14.058814" elapsed="0.133954"/>
</kw>
<kw name="Wait Until Element Is Visible" owner="AppiumLibrary">
<msg time="2025-05-12T17:52:14.349326" level="INFO">xpath criteria: //android.widget.TextView[@resource-id="com.example.mcm_mangacollectionmanagement:id/successdesc"]</msg>
<arg>${TXT_NOTIFY_CONTENT}</arg>
<doc>Waits until element specified with `locator` is visible.</doc>
<status status="PASS" start="2025-05-12T17:52:14.193020" elapsed="0.156458"/>
</kw>
<kw name="Wait Until Element Is Visible" owner="AppiumLibrary">
<msg time="2025-05-12T17:52:14.580424" level="INFO">xpath criteria: //android.widget.Button[@resource-id="com.example.mcm_mangacollectionmanagement:id/successdone"]</msg>
<arg>${BTN_NOTIFY_OK}</arg>
<doc>Waits until element specified with `locator` is visible.</doc>
<status status="PASS" start="2025-05-12T17:52:14.350153" elapsed="0.230408"/>
</kw>
<kw name="Run Keyword If" owner="BuiltIn">
<arg>"${twoButton}" == "2"</arg>
<arg>Wait until element is visible</arg>
<arg>${BTN_NOTIFY_CANCEL}</arg>
<doc>Runs the given keyword with the given arguments, if ``condition`` is true.</doc>
<status status="PASS" start="2025-05-12T17:52:14.581023" elapsed="0.000532"/>
</kw>
<doc>Từ khóa này đợi cho đến khi các thành phần trong thông báo hiển thị.
- Tham số `${twoButton}` xác định số lượng nút trong thông báo:
- `1`: Thông báo chỉ có một nút.
- `2`: Thông báo có hai nút (OK và Cancel).
- Các thành phần được kiểm tra:
  - Icon thông báo
  - Tiêu đề thông báo
  - Nội dung thông báo
  - Nút OK
  - Nút Cancel (nếu `${twoButton} == 2`)</doc>
<status status="PASS" start="2025-05-12T17:52:13.952332" elapsed="0.629383"/>
</kw>
<kw name="Check Icon In Notification" owner="notification_keyword">
<kw name="Capture Element Screenshot" owner="CaptureElementScreenshot">
<msg time="2025-05-12T17:52:15.468365" level="INFO">${element_screenshot_path} = E:\PythonProject\MFramework\screenshot\current\curr_20250512_175214.png</msg>
<var>${element_screenshot_path}</var>
<arg>${NOTIFY_ICON}</arg>
<status status="PASS" start="2025-05-12T17:52:14.586397" elapsed="0.882019"/>
</kw>
<kw name="Compare Image" owner="compare_image">
<kw name="Create Session" owner="RequestsLibrary">
<msg time="2025-05-12T17:52:15.469251" level="INFO">Creating Session using : alias=compareImage, url=http://127.0.0.1:500, headers={},                     cookies={}, auth=None, timeout=None, proxies=None, verify=False,                     debug=0 </msg>
<arg>compareImage</arg>
<arg>${API_URL}</arg>
<doc>Create Session: create a HTTP session to a server</doc>
<status status="PASS" start="2025-05-12T17:52:15.469096" elapsed="0.000608"/>
</kw>
<kw name="Create Dictionary" owner="BuiltIn">
<msg time="2025-05-12T17:52:15.470389" level="INFO">${para} = {'image_path1': 'E:\\PythonProject\\MFramework\\screenshot\\current\\curr_20250512_175214.png', 'image_path2': 'E:/PythonProject/Mframework/screenshot/baseline/warning_notify_icon.png'}</msg>
<var>${para}</var>
<arg>image_path1=${IMAGE_PATH1}</arg>
<arg>image_path2=${IMAGE_PATH2}</arg>
<doc>Creates and returns a dictionary based on the given ``items``.</doc>
<status status="PASS" start="2025-05-12T17:52:15.469898" elapsed="0.000528"/>
</kw>
<kw name="Run Keyword And Ignore Error" owner="BuiltIn">
<kw name="POST On Session" owner="RequestsLibrary">
<msg time="2025-05-12T17:52:15.726871" level="INFO">POST Request : url=http://127.0.0.1:500/compare_using_pixelmatch 
 path_url=/compare_using_pixelmatch 
 headers={'User-Agent': 'python-requests/2.32.3', 'Accept-Encoding': 'gzip, deflate', 'Accept': '*/*', 'Connection': 'keep-alive', 'Content-Length': '185', 'Content-Type': 'application/json'} 
 body=b'{"image_path1": "E:\\\\PythonProject\\\\MFramework\\\\screenshot\\\\current\\\\curr_20250512_175214.png", "image_path2": "E:/PythonProject/Mframework/screenshot/baseline/warning_notify_icon.png"}' 
 </msg>
<msg time="2025-05-12T17:52:15.727115" level="INFO">POST Response : url=http://127.0.0.1:500/compare_using_pixelmatch 
 status=200, reason=OK 
 headers={'Server': 'Werkzeug/3.1.3 Python/3.13.1', 'Date': 'Mon, 12 May 2025 10:52:15 GMT', 'Content-Type': 'application/json', 'Content-Length': '288', 'Connection': 'close'} 
 body={"Color_Details":{"Hue Change":"0.00%","Saturation Change":"0.00%","Value Change":"88.20%"},"Differences":["Hai h\u00ecnh \u1ea3nh gi\u1ed1ng nhau nh\u01b0ng gi\u1eefa hai h\u00ecnh \u1ea3nh c\u00f3 s\u1ef1 kh\u00e1c nhau v\u1ec1 m\u00e0u s\u1eafc"],"Similarity_Percent":97.760009765625}
 
 </msg>
<arg>compareImage</arg>
<arg>${METHOD}</arg>
<arg>json=${para}</arg>
<doc>Sends a POST request on a previously created HTTP Session.</doc>
<status status="PASS" start="2025-05-12T17:52:15.470770" elapsed="0.256490"/>
</kw>
<msg time="2025-05-12T17:52:15.727484" level="INFO">${status} = PASS</msg>
<msg time="2025-05-12T17:52:15.727567" level="INFO">${response} = &lt;Response [200]&gt;</msg>
<var>${status}</var>
<var>${response}</var>
<arg>POST On Session</arg>
<arg>compareImage</arg>
<arg>${METHOD}</arg>
<arg>json=${para}</arg>
<doc>Runs the given keyword with the given arguments and ignores possible error.</doc>
<status status="PASS" start="2025-05-12T17:52:15.470591" elapsed="0.257021"/>
</kw>
<kw name="Run Keyword If" owner="BuiltIn">
<arg>'${status}' == 'FAIL'</arg>
<arg>Get Latest File By Modified Time</arg>
<doc>Runs the given keyword with the given arguments, if ``condition`` is true.</doc>
<status status="PASS" start="2025-05-12T17:52:15.727908" elapsed="0.000294"/>
</kw>
<kw name="Log" owner="BuiltIn">
<msg time="2025-05-12T17:52:15.728706" level="INFO" html="true">&lt;Response [200]&gt;</msg>
<arg>${response}</arg>
<arg>html=True</arg>
<doc>Logs the given message with the given level.</doc>
<status status="PASS" start="2025-05-12T17:52:15.728427" elapsed="0.000369"/>
</kw>
<kw name="Should Be Equal As Strings" owner="BuiltIn">
<arg>${status}</arg>
<arg>PASS</arg>
<doc>Fails if objects are unequal after converting them to strings.</doc>
<status status="PASS" start="2025-05-12T17:52:15.729071" elapsed="0.000367"/>
</kw>
<msg time="2025-05-12T17:52:15.729634" level="INFO">${result} = None</msg>
<var>${result}</var>
<arg>${element_screenshot_path}</arg>
<arg>${expected_icon_link}</arg>
<status status="PASS" start="2025-05-12T17:52:15.468636" elapsed="0.261045"/>
</kw>
<return>
<value>${result}</value>
<status status="PASS" start="2025-05-12T17:52:15.729776" elapsed="0.000078"/>
</return>
<arg>${icon}</arg>
<doc>Từ khóa này kiểm tra xem icon của thông báo có khớp với icon mong đợi hay không.
- Tham số `${expected_icon_link}`: Đường dẫn hoặc hình ảnh icon mẫu.
- Chụp ảnh icon hiện tại và so sánh với icon mẫu.
- Trả về kết quả so sánh (`True` hoặc `False`).</doc>
<status status="PASS" start="2025-05-12T17:52:14.585088" elapsed="1.144964"/>
</kw>
<kw name="Check Title In Notification" owner="notification_keyword">
<kw name="Get Title In Notification" owner="notification_keyword">
<kw name="Wait Until Page Contains Element" owner="AppiumLibrary">
<msg time="2025-05-12T17:52:15.800787" level="INFO">xpath criteria: //android.widget.TextView[@resource-id="com.example.mcm_mangacollectionmanagement:id/successtitle"]</msg>
<arg>${TXT_NOTIFY_TITLE}</arg>
<doc>Waits until element specified with `locator` appears on current page.</doc>
<status status="PASS" start="2025-05-12T17:52:15.734140" elapsed="0.066794"/>
</kw>
<kw name="Get Text" owner="AppiumLibrary">
<msg time="2025-05-12T17:52:16.031306" level="INFO">Element '//android.widget.TextView[@resource-id="com.example.mcm_mangacollectionmanagement:id/successtitle"]' text is 'Thông báo' </msg>
<msg time="2025-05-12T17:52:16.031432" level="INFO">xpath criteria: //android.widget.TextView[@resource-id="com.example.mcm_mangacollectionmanagement:id/successtitle"]</msg>
<msg time="2025-05-12T17:52:16.031565" level="INFO">${title} = Thông báo</msg>
<var>${title}</var>
<arg>${TXT_NOTIFY_TITLE}</arg>
<doc>Get element text (for hybrid and mobile browser use `xpath` locator, others might cause problem)</doc>
<status status="PASS" start="2025-05-12T17:52:15.801252" elapsed="0.230358"/>
</kw>
<return>
<value>${title}</value>
<status status="PASS" start="2025-05-12T17:52:16.031719" elapsed="0.000060"/>
</return>
<msg time="2025-05-12T17:52:16.032007" level="INFO">${actual} = Thông báo</msg>
<var>${actual}</var>
<doc>Từ khóa này lấy tiêu đề của thông báo.
- Đợi cho đến khi phần tử tiêu đề xuất hiện.
- Trả về tiêu đề của thông báo dưới dạng chuỗi.</doc>
<status status="PASS" start="2025-05-12T17:52:15.733668" elapsed="0.298385"/>
</kw>
<kw name="Should Contain" owner="BuiltIn">
<arg>${actual}</arg>
<arg>${expected}</arg>
<doc>Fails if ``container`` does not contain ``item`` one or more times.</doc>
<status status="PASS" start="2025-05-12T17:52:16.032419" elapsed="0.000289"/>
</kw>
<arg>${title}</arg>
<doc>Từ khóa này kiểm tra tiêu đề của thông báo có chứa nội dung mong đợi hay không.
- Tham số `${expected}`: Chuỗi tiêu đề mong đợi.
- So sánh tiêu đề thực tế với tiêu đề mong đợi.</doc>
<status status="PASS" start="2025-05-12T17:52:15.732992" elapsed="0.299854"/>
</kw>
<kw name="Check Content In Notification" owner="notification_keyword">
<kw name="Get Content In Notification" owner="notification_keyword">
<kw name="Wait Until Page Contains Element" owner="AppiumLibrary">
<msg time="2025-05-12T17:52:16.227266" level="INFO">xpath criteria: //android.widget.TextView[@resource-id="com.example.mcm_mangacollectionmanagement:id/successdesc"]</msg>
<arg>${TXT_NOTIFY_CONTENT}</arg>
<doc>Waits until element specified with `locator` appears on current page.</doc>
<status status="PASS" start="2025-05-12T17:52:16.037113" elapsed="0.190304"/>
</kw>
<kw name="Get Text" owner="AppiumLibrary">
<msg time="2025-05-12T17:52:16.372129" level="INFO">Element '//android.widget.TextView[@resource-id="com.example.mcm_mangacollectionmanagement:id/successdesc"]' text is 'Tạo lại tài khoản thành công' </msg>
<msg time="2025-05-12T17:52:16.372272" level="INFO">xpath criteria: //android.widget.TextView[@resource-id="com.example.mcm_mangacollectionmanagement:id/successdesc"]</msg>
<msg time="2025-05-12T17:52:16.372443" level="INFO">${content} = Tạo lại tài khoản thành công</msg>
<var>${content}</var>
<arg>${TXT_NOTIFY_CONTENT}</arg>
<doc>Get element text (for hybrid and mobile browser use `xpath` locator, others might cause problem)</doc>
<status status="PASS" start="2025-05-12T17:52:16.227794" elapsed="0.144708"/>
</kw>
<return>
<value>${content}</value>
<status status="PASS" start="2025-05-12T17:52:16.372638" elapsed="0.000102"/>
</return>
<msg time="2025-05-12T17:52:16.373118" level="INFO">${actual} = Tạo lại tài khoản thành công</msg>
<var>${actual}</var>
<doc>Từ khóa này lấy nội dung hiển thị trong thông báo.
- Đợi cho đến khi phần tử nội dung thông báo xuất hiện.
- Trả về nội dung của thông báo dưới dạng chuỗi.</doc>
<status status="PASS" start="2025-05-12T17:52:16.036637" elapsed="0.336557"/>
</kw>
<kw name="Should Contain" owner="BuiltIn">
<arg>${actual}</arg>
<arg>${expected}</arg>
<doc>Fails if ``container`` does not contain ``item`` one or more times.</doc>
<status status="PASS" start="2025-05-12T17:52:16.373480" elapsed="0.000529"/>
</kw>
<arg>${content}</arg>
<doc>Từ khóa này kiểm tra nội dung của thông báo có chứa giá trị mong đợi hay không.
- Tham số `${expected}`: Chuỗi nội dung mong đợi.
- So sánh nội dung thực tế với nội dung mong đợi.</doc>
<status status="PASS" start="2025-05-12T17:52:16.035827" elapsed="0.338376"/>
</kw>
<kw name="Click OK In Notification" owner="notification_keyword">
<kw name="Wait Until Page Contains Element" owner="AppiumLibrary">
<msg time="2025-05-12T17:52:16.455592" level="INFO">xpath criteria: //android.widget.Button[@resource-id="com.example.mcm_mangacollectionmanagement:id/successdone"]</msg>
<arg>${BTN_NOTIFY_OK}</arg>
<doc>Waits until element specified with `locator` appears on current page.</doc>
<status status="PASS" start="2025-05-12T17:52:16.376806" elapsed="0.078925"/>
</kw>
<kw name="Click Element" owner="AppiumLibrary">
<msg time="2025-05-12T17:52:16.459740" level="INFO">Clicking element '//android.widget.Button[@resource-id="com.example.mcm_mangacollectionmanagement:id/successdone"]'.</msg>
<msg time="2025-05-12T17:52:16.678443" level="INFO">xpath criteria: //android.widget.Button[@resource-id="com.example.mcm_mangacollectionmanagement:id/successdone"]</msg>
<arg>${BTN_NOTIFY_OK}</arg>
<doc>Click element identified by `locator`.</doc>
<status status="PASS" start="2025-05-12T17:52:16.456033" elapsed="0.222532"/>
</kw>
<doc>Từ khóa này nhấn vào nút OK trong thông báo.</doc>
<status status="PASS" start="2025-05-12T17:52:16.375577" elapsed="0.303119"/>
</kw>
<kw name="Verify Element In Notification Not Visible" owner="notification_keyword">
<kw name="Page Should Not Contain Element" owner="AppiumLibrary">
<msg time="2025-05-12T17:52:17.806293" level="INFO">Current page not contains element '//android.widget.ImageView[@resource-id="com.example.mcm_mangacollectionmanagement:id/successimage"]'.</msg>
<msg time="2025-05-12T17:52:17.806417" level="INFO">xpath criteria: //android.widget.ImageView[@resource-id="com.example.mcm_mangacollectionmanagement:id/successimage"]</msg>
<arg>${NOTIFY_ICON}</arg>
<doc>Verifies that current page not contains `locator` element.</doc>
<status status="PASS" start="2025-05-12T17:52:16.684656" elapsed="1.121872"/>
</kw>
<kw name="Page Should Not Contain Element" owner="AppiumLibrary">
<msg time="2025-05-12T17:52:17.885860" level="INFO">Current page not contains element '//android.widget.TextView[@resource-id="com.example.mcm_mangacollectionmanagement:id/successtitle"]'.</msg>
<msg time="2025-05-12T17:52:17.885972" level="INFO">xpath criteria: //android.widget.TextView[@resource-id="com.example.mcm_mangacollectionmanagement:id/successtitle"]</msg>
<arg>${TXT_NOTIFY_TITLE}</arg>
<doc>Verifies that current page not contains `locator` element.</doc>
<status status="PASS" start="2025-05-12T17:52:17.806745" elapsed="0.079282"/>
</kw>
<kw name="Page Should Not Contain Element" owner="AppiumLibrary">
<msg time="2025-05-12T17:52:17.965669" level="INFO">Current page not contains element '//android.widget.TextView[@resource-id="com.example.mcm_mangacollectionmanagement:id/successdesc"]'.</msg>
<msg time="2025-05-12T17:52:17.965871" level="INFO">xpath criteria: //android.widget.TextView[@resource-id="com.example.mcm_mangacollectionmanagement:id/successdesc"]</msg>
<arg>${TXT_NOTIFY_CONTENT}</arg>
<doc>Verifies that current page not contains `locator` element.</doc>
<status status="PASS" start="2025-05-12T17:52:17.886229" elapsed="0.079997"/>
</kw>
<kw name="Page Should Not Contain Element" owner="AppiumLibrary">
<msg time="2025-05-12T17:52:18.045170" level="INFO">Current page not contains element '//android.widget.Button[@resource-id="com.example.mcm_mangacollectionmanagement:id/successdone"]'.</msg>
<msg time="2025-05-12T17:52:18.045311" level="INFO">xpath criteria: //android.widget.Button[@resource-id="com.example.mcm_mangacollectionmanagement:id/successdone"]</msg>
<arg>${BTN_NOTIFY_OK}</arg>
<doc>Verifies that current page not contains `locator` element.</doc>
<status status="PASS" start="2025-05-12T17:52:17.966566" elapsed="0.078838"/>
</kw>
<kw name="Run Keyword If" owner="BuiltIn">
<arg>"${twoButton}" == "2"</arg>
<arg>Page should not contain element</arg>
<arg>${BTN_NOTIFY_CANCEL}</arg>
<doc>Runs the given keyword with the given arguments, if ``condition`` is true.</doc>
<status status="PASS" start="2025-05-12T17:52:18.045719" elapsed="0.000312"/>
</kw>
<doc>Từ khóa này kiểm tra rằng tất cả các thành phần của thông báo không hiển thị trên màn hình.
- Tham số `${twoButton}` xác định số lượng nút trong thông báo:
  - `1`: Chỉ có một nút (OK).
  - `2`: Có hai nút (OK và Cancel).
- Các phần tử cần kiểm tra:
  - Icon thông báo
  - Tiêu đề thông báo
  - Nội dung thông báo
  - Nút OK
  - Nút Cancel (nếu `${twoButton} == 2`)</doc>
<status status="PASS" start="2025-05-12T17:52:16.684034" elapsed="1.362132"/>
</kw>
<arg>${icon}</arg>
<arg>${notif_title}</arg>
<arg>${notif_content}</arg>
<status status="PASS" start="2025-05-12T17:52:13.946564" elapsed="4.099721"/>
</kw>
<if>
<branch type="IF" condition="&quot;${type}&quot; == &quot;success&quot;">
<kw name="Page Should Contain Element" owner="AppiumLibrary">
<msg time="2025-05-12T17:52:18.129690" level="INFO">Current page contains element '//android.widget.TextView[@resource-id="com.example.mcm_mangacollectionmanagement:id/textView2"]'.</msg>
<msg time="2025-05-12T17:52:18.130060" level="INFO">xpath criteria: //android.widget.TextView[@resource-id="com.example.mcm_mangacollectionmanagement:id/textView2"]</msg>
<arg>${LOGIN_PAGE_TITLE}</arg>
<doc>Verifies that current page contains `locator` element.</doc>
<status status="PASS" start="2025-05-12T17:52:18.047370" elapsed="0.082797"/>
</kw>
<status status="PASS" start="2025-05-12T17:52:18.046902" elapsed="0.083378"/>
</branch>
<status status="PASS" start="2025-05-12T17:52:18.046842" elapsed="0.083508"/>
</if>
<arg>${username}</arg>
<arg>${password1}</arg>
<arg>${password2}</arg>
<arg>${wcode}</arg>
<arg>${notif_title}</arg>
<arg>${notif_content}</arg>
<arg>${icon}</arg>
<arg>${type}</arg>
<status status="PASS" start="2025-05-12T17:51:35.998079" elapsed="42.132395"/>
</kw>
<arg>username=hi</arg>
<arg>password1=12</arg>
<arg>password2=12</arg>
<arg>wcode=</arg>
<arg>notif_title=Thông báo</arg>
<arg>notif_content=Tạo lại tài khoản thành công</arg>
<arg>icon=E:/PythonProject/Mframework/screenshot/baseline/warning_notify_icon.png</arg>
<arg>type=success</arg>
<status status="PASS" start="2025-05-12T17:51:35.997176" elapsed="42.133459"/>
</kw>
<kw name="Close MCM Application" owner="common_keyword" type="TEARDOWN">
<kw name="Run Process" owner="Process">
<msg time="2025-05-12T17:52:18.132193" level="INFO">Starting process:
adb shell am force-stop com.example.mcm_mangacollectionmanagement</msg>
<msg time="2025-05-12T17:52:18.144026" level="INFO">Waiting for process to complete.</msg>
<msg time="2025-05-12T17:52:18.287966" level="INFO">Process completed.</msg>
<arg>adb</arg>
<arg>shell</arg>
<arg>am</arg>
<arg>force-stop</arg>
<arg>${APP_PACKAGE}</arg>
<doc>Runs a process and waits for it to complete.</doc>
<status status="PASS" start="2025-05-12T17:52:18.131850" elapsed="0.159915"/>
</kw>
<doc>Đóng ứng dụng MCM nếu nó đang chạy.
- Sử dụng lệnh `adb shell am force-stop` để đóng ứng dụng.</doc>
<status status="PASS" start="2025-05-12T17:52:18.131238" elapsed="0.160756"/>
</kw>
<status status="PASS" start="2025-05-12T17:51:27.561087" elapsed="50.731030"/>
</test>
<test id="s1-t2" name="Using data driven testing using hi and 1 and 1 and  and Thông báo and Tạo lại tài khoản thành công and E:/PythonProject/Mframework/screenshot/baseline/warning_notify_icon.png and success" line="14">
<kw name="Open MCM Application" owner="common_keyword" type="SETUP">
<kw name="Check Is App Is Running" owner="common_keyword">
<kw name="Run Process" owner="Process">
<msg time="2025-05-12T17:52:18.305467" level="INFO">Starting process:
adb shell pidof com.example.mcm_mangacollectionmanagement</msg>
<msg time="2025-05-12T17:52:18.347415" level="INFO">Waiting for process to complete.</msg>
<msg time="2025-05-12T17:52:18.754676" level="INFO">Process completed.</msg>
<msg time="2025-05-12T17:52:18.754978" level="INFO">${output} = &lt;result object with rc 1&gt;</msg>
<var>${output}</var>
<arg>adb shell pidof ${APP_PACKAGE}</arg>
<arg>shell=True</arg>
<arg>stdout=STDOUT</arg>
<doc>Runs a process and waits for it to complete.</doc>
<status status="PASS" start="2025-05-12T17:52:18.304293" elapsed="0.450764"/>
</kw>
<kw name="Run Keyword And Return Status" owner="BuiltIn">
<kw name="Should Not Be Empty" owner="BuiltIn">
<msg time="2025-05-12T17:52:18.758544" level="INFO">Length is 0.</msg>
<msg time="2025-05-12T17:52:18.758800" level="FAIL">'' should not be empty.</msg>
<arg>${output.stdout}</arg>
<doc>Verifies that the given item is not empty.</doc>
<status status="FAIL" start="2025-05-12T17:52:18.755967" elapsed="0.003028">'' should not be empty.</status>
</kw>
<msg time="2025-05-12T17:52:18.759328" level="INFO">${status} = False</msg>
<var>${status}</var>
<arg>Should Not Be Empty</arg>
<arg>${output.stdout}</arg>
<doc>Runs the given keyword with given arguments and returns the status as a Boolean value.</doc>
<status status="PASS" start="2025-05-12T17:52:18.755508" elapsed="0.003885"/>
</kw>
<return>
<value>${status}</value>
<status status="PASS" start="2025-05-12T17:52:18.759530" elapsed="0.000090"/>
</return>
<msg time="2025-05-12T17:52:18.759934" level="INFO">${status} = False</msg>
<var>${status}</var>
<doc>Kiểm tra xem ứng dụng MCM có đang chạy không.
- Lệnh `adb shell pidof` được sử dụng để lấy PID của ứng dụng.
- Nếu `output.stdout` không rỗng, ứng dụng đang chạy.
- Trả về `True` nếu ứng dụng đang chạy, ngược lại trả về `False`.</doc>
<status status="PASS" start="2025-05-12T17:52:18.303649" elapsed="0.456369"/>
</kw>
<kw name="Run Keyword If" owner="BuiltIn">
<arg>${status}</arg>
<arg>Close MCM Application</arg>
<doc>Runs the given keyword with the given arguments, if ``condition`` is true.</doc>
<status status="PASS" start="2025-05-12T17:52:18.760397" elapsed="0.000222"/>
</kw>
<kw name="Sleep" owner="BuiltIn">
<msg time="2025-05-12T17:52:20.761568" level="INFO">Slept 2 seconds.</msg>
<arg>2</arg>
<doc>Pauses the test executed for the given time.</doc>
<status status="PASS" start="2025-05-12T17:52:18.760891" elapsed="2.000888"/>
</kw>
<kw name="Open Application" owner="AppiumLibrary">
<arg>${REMOTE_URL}</arg>
<arg>platformName=${PLATFORM_NAME}</arg>
<arg>deviceName=${EMULATOR_DEVICE_NAME}</arg>
<arg>appPackage=${APP_PACKAGE}</arg>
<arg>appActivity=${APP_ACTIVITY}</arg>
<arg>noReset=${NO_RESET}</arg>
<arg>automationName=${AUTOMATION_NAME}</arg>
<doc>Opens a new application to given Appium server.
Capabilities of appium server, Android and iOS,
Please check https://appium.io/docs/en/2.1/cli/args/
| *Option*            | *Man.* | *Description*     |
| remote_url          | Yes    | Appium server url |
| alias               | no     | alias             |
| strict_ssl          | No     | allows you to send commands to an invalid certificate host like a self-signed one. |</doc>
<status status="PASS" start="2025-05-12T17:52:20.762143" elapsed="8.526681"/>
</kw>
<doc>Mở ứng dụng MCM trên thiết bị/emulator.
- Nếu ứng dụng đã chạy trước đó, nó sẽ được đóng trước khi mở lại.
- Sử dụng `Open Application` với các tham số cấu hình từ biến môi trường.</doc>
<status status="PASS" start="2025-05-12T17:52:18.302183" elapsed="10.986923"/>
</kw>
<kw name="Data Driven Testing For Register Feature">
<kw name="Check Forgot Password" owner="forgotpassword_keyword">
<if>
<branch type="IF" condition="&quot;${type}&quot; == &quot;remove_app&quot;">
<kw name="Reset MCM App" owner="common_keyword">
<doc>Reset ứng dụng MCM về trạng thái mặc định.
- Dừng ứng dụng (`Terminate application`).
- Xóa dữ liệu ứng dụng bằng `adb shell pm clear`.</doc>
<status status="NOT RUN" start="2025-05-12T17:52:29.292390" elapsed="0.000142"/>
</kw>
<kw name="Sleep" owner="BuiltIn">
<arg>3s</arg>
<doc>Pauses the test executed for the given time.</doc>
<status status="NOT RUN" start="2025-05-12T17:52:29.293102" elapsed="0.000313"/>
</kw>
<kw name="Open MCM Application" owner="common_keyword">
<doc>Mở ứng dụng MCM trên thiết bị/emulator.
- Nếu ứng dụng đã chạy trước đó, nó sẽ được đóng trước khi mở lại.
- Sử dụng `Open Application` với các tham số cấu hình từ biến môi trường.</doc>
<status status="NOT RUN" start="2025-05-12T17:52:29.293915" elapsed="0.000081"/>
</kw>
<status status="NOT RUN" start="2025-05-12T17:52:29.291672" elapsed="0.002412"/>
</branch>
<status status="PASS" start="2025-05-12T17:52:29.291627" elapsed="0.002516"/>
</if>
<kw name="Forgot Password" owner="forgotpassword_keyword">
<kw name="Wait Until Page Contains Element" owner="AppiumLibrary">
<msg time="2025-05-12T17:52:32.355431" level="INFO">xpath criteria: //android.widget.TextView[@resource-id="com.example.mcm_mangacollectionmanagement:id/txtForgotPassword"]
xpath criteria: //android.widget.TextView[@resource-id="com.example.mcm_mangacollectionmanagement:id/txtForgotPassword"]
xpath criteria: //android.widget.TextView[@resource-id="com.example.mcm_mangacollectionmanagement:id/txtForgotPassword"]
xpath criteria: //android.widget.TextView[@resource-id="com.example.mcm_mangacollectionmanagement:id/txtForgotPassword"]
xpath criteria: //android.widget.TextView[@resource-id="com.example.mcm_mangacollectionmanagement:id/txtForgotPassword"]</msg>
<arg>${BTN_LOGIN_FORGOT_PASSWORD}</arg>
<arg>10s</arg>
<doc>Waits until element specified with `locator` appears on current page.</doc>
<status status="PASS" start="2025-05-12T17:52:29.297244" elapsed="3.058333"/>
</kw>
<kw name="Click Element" owner="AppiumLibrary">
<msg time="2025-05-12T17:52:32.361326" level="INFO">Clicking element '//android.widget.TextView[@resource-id="com.example.mcm_mangacollectionmanagement:id/txtForgotPassword"]'.</msg>
<msg time="2025-05-12T17:52:32.729528" level="INFO">xpath criteria: //android.widget.TextView[@resource-id="com.example.mcm_mangacollectionmanagement:id/txtForgotPassword"]</msg>
<arg>${BTN_LOGIN_FORGOT_PASSWORD}</arg>
<doc>Click element identified by `locator`.</doc>
<status status="PASS" start="2025-05-12T17:52:32.355912" elapsed="0.373744"/>
</kw>
<kw name="Wait Until Page Contains Element" owner="AppiumLibrary">
<msg time="2025-05-12T17:52:33.721408" level="INFO">xpath criteria: //android.widget.EditText[@resource-id="com.example.mcm_mangacollectionmanagement:id/edtFPUsername"]</msg>
<arg>${EDT_FP_USERNAME}</arg>
<doc>Waits until element specified with `locator` appears on current page.</doc>
<status status="PASS" start="2025-05-12T17:52:32.729930" elapsed="0.991618"/>
</kw>
<kw name="Wait Until Page Contains Element" owner="AppiumLibrary">
<msg time="2025-05-12T17:52:33.864142" level="INFO">xpath criteria: //android.widget.EditText[@resource-id="com.example.mcm_mangacollectionmanagement:id/edtFPPassword1"]</msg>
<arg>${EDT_FP_PASSWORD}</arg>
<doc>Waits until element specified with `locator` appears on current page.</doc>
<status status="PASS" start="2025-05-12T17:52:33.721926" elapsed="0.142500"/>
</kw>
<kw name="Wait Until Page Contains Element" owner="AppiumLibrary">
<msg time="2025-05-12T17:52:33.995875" level="INFO">xpath criteria: //android.widget.EditText[@resource-id="com.example.mcm_mangacollectionmanagement:id/edtFPPasswrod2"]</msg>
<arg>${EDT_FP_COMFIRM_PASSWORD}</arg>
<doc>Waits until element specified with `locator` appears on current page.</doc>
<status status="PASS" start="2025-05-12T17:52:33.864991" elapsed="0.131007"/>
</kw>
<kw name="Input Text" owner="AppiumLibrary">
<msg time="2025-05-12T17:52:34.003606" level="INFO">Typing text 'hi' into text field '//android.widget.EditText[@resource-id="com.example.mcm_mangacollectionmanagement:id/edtFPUsername"]'</msg>
<msg time="2025-05-12T17:52:34.837763" level="INFO">xpath criteria: //android.widget.EditText[@resource-id="com.example.mcm_mangacollectionmanagement:id/edtFPUsername"]</msg>
<arg>${EDT_FP_USERNAME}</arg>
<arg>${username}</arg>
<doc>Types the given `text` into text field identified by `locator`.</doc>
<status status="PASS" start="2025-05-12T17:52:33.996516" elapsed="0.841373"/>
</kw>
<kw name="Input Text" owner="AppiumLibrary">
<msg time="2025-05-12T17:52:34.843760" level="INFO">Typing text '1' into text field '//android.widget.EditText[@resource-id="com.example.mcm_mangacollectionmanagement:id/edtFPPassword1"]'</msg>
<msg time="2025-05-12T17:52:36.125444" level="INFO">xpath criteria: //android.widget.EditText[@resource-id="com.example.mcm_mangacollectionmanagement:id/edtFPPassword1"]</msg>
<arg>${EDT_FP_PASSWORD}</arg>
<arg>${password1}</arg>
<doc>Types the given `text` into text field identified by `locator`.</doc>
<status status="PASS" start="2025-05-12T17:52:34.838144" elapsed="1.287428"/>
</kw>
<kw name="Input Text" owner="AppiumLibrary">
<msg time="2025-05-12T17:52:36.134598" level="INFO">Typing text '1' into text field '//android.widget.EditText[@resource-id="com.example.mcm_mangacollectionmanagement:id/edtFPPasswrod2"]'</msg>
<msg time="2025-05-12T17:52:37.373632" level="INFO">xpath criteria: //android.widget.EditText[@resource-id="com.example.mcm_mangacollectionmanagement:id/edtFPPasswrod2"]</msg>
<arg>${EDT_FP_COMFIRM_PASSWORD}</arg>
<arg>${password2}</arg>
<doc>Types the given `text` into text field identified by `locator`.</doc>
<status status="PASS" start="2025-05-12T17:52:36.125842" elapsed="1.247925"/>
</kw>
<if>
<branch type="IF" condition="'${wcode}' != 'nothing'">
<if>
<branch type="IF" condition="'${wcode}' == '${EMPTY}'">
<kw name="Click Element" owner="AppiumLibrary">
<msg time="2025-05-12T17:52:37.382793" level="INFO">Clicking element 'xpath=(//android.widget.ImageButton[@resource-id="com.example.mcm_mangacollectionmanagement:id/text_input_end_icon"])[3]'.</msg>
<msg time="2025-05-12T17:52:38.242280" level="INFO">xpath criteria: (//android.widget.ImageButton[@resource-id="com.example.mcm_mangacollectionmanagement:id/text_input_end_icon"])[3]</msg>
<arg>${BTN_FP_SEND_CODE}</arg>
<doc>Click element identified by `locator`.</doc>
<status status="PASS" start="2025-05-12T17:52:37.376792" elapsed="0.865611"/>
</kw>
<kw name="Sleep" owner="BuiltIn">
<msg time="2025-05-12T17:52:58.243338" level="INFO">Slept 20 seconds.</msg>
<arg>20</arg>
<doc>Pauses the test executed for the given time.</doc>
<status status="PASS" start="2025-05-12T17:52:38.242644" elapsed="20.000857"/>
</kw>
<kw name="Get Confirmed Code" owner="GetNewMail">
<msg time="2025-05-12T17:53:00.445950" level="INFO">${code} = 837495
</msg>
<var>${code}</var>
<status status="PASS" start="2025-05-12T17:52:58.243790" elapsed="2.202347"/>
</kw>
<kw name="Input Text" owner="AppiumLibrary">
<msg time="2025-05-12T17:53:00.456213" level="INFO">Typing text '837495
' into text field '//android.widget.EditText[@resource-id="com.example.mcm_mangacollectionmanagement:id/edtFPConfirmedCode"]'</msg>
<msg time="2025-05-12T17:53:01.261346" level="INFO">xpath criteria: //android.widget.EditText[@resource-id="com.example.mcm_mangacollectionmanagement:id/edtFPConfirmedCode"]</msg>
<arg>${EDT_FP_CODE}</arg>
<arg>${code}</arg>
<doc>Types the given `text` into text field identified by `locator`.</doc>
<status status="PASS" start="2025-05-12T17:53:00.446985" elapsed="0.814474"/>
</kw>
<status status="PASS" start="2025-05-12T17:52:37.374388" elapsed="23.887159"/>
</branch>
<branch type="ELSE IF" condition="'${wcode}' == 'empty'">
<kw name="Clear Text" owner="AppiumLibrary">
<arg>${EDT_FP_CODE}</arg>
<doc>Clears the text field identified by `locator`.</doc>
<status status="NOT RUN" start="2025-05-12T17:53:01.261798" elapsed="0.000036"/>
</kw>
<status status="NOT RUN" start="2025-05-12T17:53:01.261610" elapsed="0.000275"/>
</branch>
<branch type="ELSE">
<kw name="Input Text" owner="AppiumLibrary">
<arg>${EDT_FP_CODE}</arg>
<arg>${wcode}</arg>
<doc>Types the given `text` into text field identified by `locator`.</doc>
<status status="NOT RUN" start="2025-05-12T17:53:01.262140" elapsed="0.000041"/>
</kw>
<status status="NOT RUN" start="2025-05-12T17:53:01.261929" elapsed="0.000297"/>
</branch>
<status status="PASS" start="2025-05-12T17:52:37.374313" elapsed="23.887939"/>
</if>
<kw name="Click Element" owner="AppiumLibrary">
<msg time="2025-05-12T17:53:01.267943" level="INFO">Clicking element '//android.widget.Button[@resource-id="com.example.mcm_mangacollectionmanagement:id/btnFPRegister"]'.</msg>
<msg time="2025-05-12T17:53:01.954099" level="INFO">xpath criteria: //android.widget.Button[@resource-id="com.example.mcm_mangacollectionmanagement:id/btnFPRegister"]</msg>
<arg>${BTN_FP_CREATE}</arg>
<doc>Click element identified by `locator`.</doc>
<status status="PASS" start="2025-05-12T17:53:01.262371" elapsed="0.691858"/>
</kw>
<status status="PASS" start="2025-05-12T17:52:37.373946" elapsed="24.580366"/>
</branch>
<branch type="ELSE">
<kw name="Click Element" owner="AppiumLibrary">
<arg>${BTN_FP_SEND_CODE}</arg>
<doc>Click element identified by `locator`.</doc>
<status status="NOT RUN" start="2025-05-12T17:53:01.954652" elapsed="0.000031"/>
</kw>
<status status="NOT RUN" start="2025-05-12T17:53:01.954444" elapsed="0.000282"/>
</branch>
<status status="PASS" start="2025-05-12T17:52:37.373904" elapsed="24.580849"/>
</if>
<kw name="Sleep" owner="BuiltIn">
<msg time="2025-05-12T17:53:06.955502" level="INFO">Slept 5 seconds.</msg>
<arg>5</arg>
<doc>Pauses the test executed for the given time.</doc>
<status status="PASS" start="2025-05-12T17:53:01.954925" elapsed="5.000694"/>
</kw>
<arg>${username}</arg>
<arg>${password1}</arg>
<arg>${password2}</arg>
<arg>${wcode}</arg>
<status status="PASS" start="2025-05-12T17:52:29.294873" elapsed="37.660879"/>
</kw>
<kw name="Verify Notification" owner="notificationall_keyword">
<kw name="Verify Element In Notification Visible" owner="notification_keyword">
<kw name="Wait Until Element Is Visible" owner="AppiumLibrary">
<msg time="2025-05-12T17:53:07.052389" level="INFO">xpath criteria: //android.widget.ImageView[@resource-id="com.example.mcm_mangacollectionmanagement:id/successimage"]</msg>
<arg>${NOTIFY_ICON}</arg>
<doc>Waits until element specified with `locator` is visible.</doc>
<status status="PASS" start="2025-05-12T17:53:06.959922" elapsed="0.092562"/>
</kw>
<kw name="Wait Until Element Is Visible" owner="AppiumLibrary">
<msg time="2025-05-12T17:53:07.188586" level="INFO">xpath criteria: //android.widget.TextView[@resource-id="com.example.mcm_mangacollectionmanagement:id/successtitle"]</msg>
<arg>${TXT_NOTIFY_TITLE}</arg>
<doc>Waits until element specified with `locator` is visible.</doc>
<status status="PASS" start="2025-05-12T17:53:07.052755" elapsed="0.135970"/>
</kw>
<kw name="Wait Until Element Is Visible" owner="AppiumLibrary">
<msg time="2025-05-12T17:53:07.319988" level="INFO">xpath criteria: //android.widget.TextView[@resource-id="com.example.mcm_mangacollectionmanagement:id/successdesc"]</msg>
<arg>${TXT_NOTIFY_CONTENT}</arg>
<doc>Waits until element specified with `locator` is visible.</doc>
<status status="PASS" start="2025-05-12T17:53:07.189089" elapsed="0.131044"/>
</kw>
<kw name="Wait Until Element Is Visible" owner="AppiumLibrary">
<msg time="2025-05-12T17:53:07.472334" level="INFO">xpath criteria: //android.widget.Button[@resource-id="com.example.mcm_mangacollectionmanagement:id/successdone"]</msg>
<arg>${BTN_NOTIFY_OK}</arg>
<doc>Waits until element specified with `locator` is visible.</doc>
<status status="PASS" start="2025-05-12T17:53:07.320534" elapsed="0.152008"/>
</kw>
<kw name="Run Keyword If" owner="BuiltIn">
<arg>"${twoButton}" == "2"</arg>
<arg>Wait until element is visible</arg>
<arg>${BTN_NOTIFY_CANCEL}</arg>
<doc>Runs the given keyword with the given arguments, if ``condition`` is true.</doc>
<status status="PASS" start="2025-05-12T17:53:07.473062" elapsed="0.000529"/>
</kw>
<doc>Từ khóa này đợi cho đến khi các thành phần trong thông báo hiển thị.
- Tham số `${twoButton}` xác định số lượng nút trong thông báo:
- `1`: Thông báo chỉ có một nút.
- `2`: Thông báo có hai nút (OK và Cancel).
- Các thành phần được kiểm tra:
  - Icon thông báo
  - Tiêu đề thông báo
  - Nội dung thông báo
  - Nút OK
  - Nút Cancel (nếu `${twoButton} == 2`)</doc>
<status status="PASS" start="2025-05-12T17:53:06.959267" elapsed="0.514614"/>
</kw>
<kw name="Check Icon In Notification" owner="notification_keyword">
<kw name="Capture Element Screenshot" owner="CaptureElementScreenshot">
<msg time="2025-05-12T17:53:08.121763" level="INFO">${element_screenshot_path} = E:\PythonProject\MFramework\screenshot\current\curr_20250512_175307.png</msg>
<var>${element_screenshot_path}</var>
<arg>${NOTIFY_ICON}</arg>
<status status="PASS" start="2025-05-12T17:53:07.480503" elapsed="0.641311"/>
</kw>
<kw name="Compare Image" owner="compare_image">
<kw name="Create Session" owner="RequestsLibrary">
<msg time="2025-05-12T17:53:08.122730" level="INFO">Creating Session using : alias=compareImage, url=http://127.0.0.1:500, headers={},                     cookies={}, auth=None, timeout=None, proxies=None, verify=False,                     debug=0 </msg>
<arg>compareImage</arg>
<arg>${API_URL}</arg>
<doc>Create Session: create a HTTP session to a server</doc>
<status status="PASS" start="2025-05-12T17:53:08.122526" elapsed="0.000388"/>
</kw>
<kw name="Create Dictionary" owner="BuiltIn">
<msg time="2025-05-12T17:53:08.123672" level="INFO">${para} = {'image_path1': 'E:\\PythonProject\\MFramework\\screenshot\\current\\curr_20250512_175307.png', 'image_path2': 'E:/PythonProject/Mframework/screenshot/baseline/warning_notify_icon.png'}</msg>
<var>${para}</var>
<arg>image_path1=${IMAGE_PATH1}</arg>
<arg>image_path2=${IMAGE_PATH2}</arg>
<doc>Creates and returns a dictionary based on the given ``items``.</doc>
<status status="PASS" start="2025-05-12T17:53:08.123107" elapsed="0.000652"/>
</kw>
<kw name="Run Keyword And Ignore Error" owner="BuiltIn">
<kw name="POST On Session" owner="RequestsLibrary">
<msg time="2025-05-12T17:53:08.264607" level="INFO">POST Request : url=http://127.0.0.1:500/compare_using_pixelmatch 
 path_url=/compare_using_pixelmatch 
 headers={'User-Agent': 'python-requests/2.32.3', 'Accept-Encoding': 'gzip, deflate', 'Accept': '*/*', 'Connection': 'keep-alive', 'Content-Length': '185', 'Content-Type': 'application/json'} 
 body=b'{"image_path1": "E:\\\\PythonProject\\\\MFramework\\\\screenshot\\\\current\\\\curr_20250512_175307.png", "image_path2": "E:/PythonProject/Mframework/screenshot/baseline/warning_notify_icon.png"}' 
 </msg>
<msg time="2025-05-12T17:53:08.264749" level="INFO">POST Response : url=http://127.0.0.1:500/compare_using_pixelmatch 
 status=200, reason=OK 
 headers={'Server': 'Werkzeug/3.1.3 Python/3.13.1', 'Date': 'Mon, 12 May 2025 10:53:08 GMT', 'Content-Type': 'application/json', 'Content-Length': '288', 'Connection': 'close'} 
 body={"Color_Details":{"Hue Change":"0.00%","Saturation Change":"0.00%","Value Change":"88.20%"},"Differences":["Hai h\u00ecnh \u1ea3nh gi\u1ed1ng nhau nh\u01b0ng gi\u1eefa hai h\u00ecnh \u1ea3nh c\u00f3 s\u1ef1 kh\u00e1c nhau v\u1ec1 m\u00e0u s\u1eafc"],"Similarity_Percent":97.760009765625}
 
 </msg>
<arg>compareImage</arg>
<arg>${METHOD}</arg>
<arg>json=${para}</arg>
<doc>Sends a POST request on a previously created HTTP Session.</doc>
<status status="PASS" start="2025-05-12T17:53:08.124623" elapsed="0.140254"/>
</kw>
<msg time="2025-05-12T17:53:08.265091" level="INFO">${status} = PASS</msg>
<msg time="2025-05-12T17:53:08.265169" level="INFO">${response} = &lt;Response [200]&gt;</msg>
<var>${status}</var>
<var>${response}</var>
<arg>POST On Session</arg>
<arg>compareImage</arg>
<arg>${METHOD}</arg>
<arg>json=${para}</arg>
<doc>Runs the given keyword with the given arguments and ignores possible error.</doc>
<status status="PASS" start="2025-05-12T17:53:08.124153" elapsed="0.141059"/>
</kw>
<kw name="Run Keyword If" owner="BuiltIn">
<arg>'${status}' == 'FAIL'</arg>
<arg>Get Latest File By Modified Time</arg>
<doc>Runs the given keyword with the given arguments, if ``condition`` is true.</doc>
<status status="PASS" start="2025-05-12T17:53:08.265493" elapsed="0.000282"/>
</kw>
<kw name="Log" owner="BuiltIn">
<msg time="2025-05-12T17:53:08.266305" level="INFO" html="true">&lt;Response [200]&gt;</msg>
<arg>${response}</arg>
<arg>html=True</arg>
<doc>Logs the given message with the given level.</doc>
<status status="PASS" start="2025-05-12T17:53:08.265995" elapsed="0.000419"/>
</kw>
<kw name="Should Be Equal As Strings" owner="BuiltIn">
<arg>${status}</arg>
<arg>PASS</arg>
<doc>Fails if objects are unequal after converting them to strings.</doc>
<status status="PASS" start="2025-05-12T17:53:08.266676" elapsed="0.000348"/>
</kw>
<msg time="2025-05-12T17:53:08.267284" level="INFO">${result} = None</msg>
<var>${result}</var>
<arg>${element_screenshot_path}</arg>
<arg>${expected_icon_link}</arg>
<status status="PASS" start="2025-05-12T17:53:08.122073" elapsed="0.145280"/>
</kw>
<return>
<value>${result}</value>
<status status="PASS" start="2025-05-12T17:53:08.267517" elapsed="0.000058"/>
</return>
<arg>${icon}</arg>
<doc>Từ khóa này kiểm tra xem icon của thông báo có khớp với icon mong đợi hay không.
- Tham số `${expected_icon_link}`: Đường dẫn hoặc hình ảnh icon mẫu.
- Chụp ảnh icon hiện tại và so sánh với icon mẫu.
- Trả về kết quả so sánh (`True` hoặc `False`).</doc>
<status status="PASS" start="2025-05-12T17:53:07.478534" elapsed="0.789221"/>
</kw>
<kw name="Check Title In Notification" owner="notification_keyword">
<kw name="Get Title In Notification" owner="notification_keyword">
<kw name="Wait Until Page Contains Element" owner="AppiumLibrary">
<msg time="2025-05-12T17:53:08.317989" level="INFO">xpath criteria: //android.widget.TextView[@resource-id="com.example.mcm_mangacollectionmanagement:id/successtitle"]</msg>
<arg>${TXT_NOTIFY_TITLE}</arg>
<doc>Waits until element specified with `locator` appears on current page.</doc>
<status status="PASS" start="2025-05-12T17:53:08.269794" elapsed="0.048280"/>
</kw>
<kw name="Get Text" owner="AppiumLibrary">
<msg time="2025-05-12T17:53:08.456599" level="INFO">Element '//android.widget.TextView[@resource-id="com.example.mcm_mangacollectionmanagement:id/successtitle"]' text is 'Thông báo' </msg>
<msg time="2025-05-12T17:53:08.456722" level="INFO">xpath criteria: //android.widget.TextView[@resource-id="com.example.mcm_mangacollectionmanagement:id/successtitle"]</msg>
<msg time="2025-05-12T17:53:08.456859" level="INFO">${title} = Thông báo</msg>
<var>${title}</var>
<arg>${TXT_NOTIFY_TITLE}</arg>
<doc>Get element text (for hybrid and mobile browser use `xpath` locator, others might cause problem)</doc>
<status status="PASS" start="2025-05-12T17:53:08.318245" elapsed="0.138659"/>
</kw>
<return>
<value>${title}</value>
<status status="PASS" start="2025-05-12T17:53:08.457010" elapsed="0.000060"/>
</return>
<msg time="2025-05-12T17:53:08.457277" level="INFO">${actual} = Thông báo</msg>
<var>${actual}</var>
<doc>Từ khóa này lấy tiêu đề của thông báo.
- Đợi cho đến khi phần tử tiêu đề xuất hiện.
- Trả về tiêu đề của thông báo dưới dạng chuỗi.</doc>
<status status="PASS" start="2025-05-12T17:53:08.269515" elapsed="0.187806"/>
</kw>
<kw name="Should Contain" owner="BuiltIn">
<arg>${actual}</arg>
<arg>${expected}</arg>
<doc>Fails if ``container`` does not contain ``item`` one or more times.</doc>
<status status="PASS" start="2025-05-12T17:53:08.457591" elapsed="0.000286"/>
</kw>
<arg>${title}</arg>
<doc>Từ khóa này kiểm tra tiêu đề của thông báo có chứa nội dung mong đợi hay không.
- Tham số `${expected}`: Chuỗi tiêu đề mong đợi.
- So sánh tiêu đề thực tế với tiêu đề mong đợi.</doc>
<status status="PASS" start="2025-05-12T17:53:08.269085" elapsed="0.188914"/>
</kw>
<kw name="Check Content In Notification" owner="notification_keyword">
<kw name="Get Content In Notification" owner="notification_keyword">
<kw name="Wait Until Page Contains Element" owner="AppiumLibrary">
<msg time="2025-05-12T17:53:08.545273" level="INFO">xpath criteria: //android.widget.TextView[@resource-id="com.example.mcm_mangacollectionmanagement:id/successdesc"]</msg>
<arg>${TXT_NOTIFY_CONTENT}</arg>
<doc>Waits until element specified with `locator` appears on current page.</doc>
<status status="PASS" start="2025-05-12T17:53:08.463602" elapsed="0.081965"/>
</kw>
<kw name="Get Text" owner="AppiumLibrary">
<msg time="2025-05-12T17:53:08.707739" level="INFO">Element '//android.widget.TextView[@resource-id="com.example.mcm_mangacollectionmanagement:id/successdesc"]' text is 'Tạo lại tài khoản thành công' </msg>
<msg time="2025-05-12T17:53:08.707898" level="INFO">xpath criteria: //android.widget.TextView[@resource-id="com.example.mcm_mangacollectionmanagement:id/successdesc"]</msg>
<msg time="2025-05-12T17:53:08.708099" level="INFO">${content} = Tạo lại tài khoản thành công</msg>
<var>${content}</var>
<arg>${TXT_NOTIFY_CONTENT}</arg>
<doc>Get element text (for hybrid and mobile browser use `xpath` locator, others might cause problem)</doc>
<status status="PASS" start="2025-05-12T17:53:08.545939" elapsed="0.162237"/>
</kw>
<return>
<value>${content}</value>
<status status="PASS" start="2025-05-12T17:53:08.708328" elapsed="0.000089"/>
</return>
<msg time="2025-05-12T17:53:08.708781" level="INFO">${actual} = Tạo lại tài khoản thành công</msg>
<var>${actual}</var>
<doc>Từ khóa này lấy nội dung hiển thị trong thông báo.
- Đợi cho đến khi phần tử nội dung thông báo xuất hiện.
- Trả về nội dung của thông báo dưới dạng chuỗi.</doc>
<status status="PASS" start="2025-05-12T17:53:08.462731" elapsed="0.246218"/>
</kw>
<kw name="Should Contain" owner="BuiltIn">
<arg>${actual}</arg>
<arg>${expected}</arg>
<doc>Fails if ``container`` does not contain ``item`` one or more times.</doc>
<status status="PASS" start="2025-05-12T17:53:08.709785" elapsed="0.000425"/>
</kw>
<arg>${content}</arg>
<doc>Từ khóa này kiểm tra nội dung của thông báo có chứa giá trị mong đợi hay không.
- Tham số `${expected}`: Chuỗi nội dung mong đợi.
- So sánh nội dung thực tế với nội dung mong đợi.</doc>
<status status="PASS" start="2025-05-12T17:53:08.461374" elapsed="0.248950"/>
</kw>
<kw name="Click OK In Notification" owner="notification_keyword">
<kw name="Wait Until Page Contains Element" owner="AppiumLibrary">
<msg time="2025-05-12T17:53:08.797737" level="INFO">xpath criteria: //android.widget.Button[@resource-id="com.example.mcm_mangacollectionmanagement:id/successdone"]</msg>
<arg>${BTN_NOTIFY_OK}</arg>
<doc>Waits until element specified with `locator` appears on current page.</doc>
<status status="PASS" start="2025-05-12T17:53:08.711374" elapsed="0.086501"/>
</kw>
<kw name="Click Element" owner="AppiumLibrary">
<msg time="2025-05-12T17:53:08.802010" level="INFO">Clicking element '//android.widget.Button[@resource-id="com.example.mcm_mangacollectionmanagement:id/successdone"]'.</msg>
<msg time="2025-05-12T17:53:08.999791" level="INFO">xpath criteria: //android.widget.Button[@resource-id="com.example.mcm_mangacollectionmanagement:id/successdone"]</msg>
<arg>${BTN_NOTIFY_OK}</arg>
<doc>Click element identified by `locator`.</doc>
<status status="PASS" start="2025-05-12T17:53:08.798348" elapsed="0.201627"/>
</kw>
<doc>Từ khóa này nhấn vào nút OK trong thông báo.</doc>
<status status="PASS" start="2025-05-12T17:53:08.710669" elapsed="0.289487"/>
</kw>
<kw name="Verify Element In Notification Not Visible" owner="notification_keyword">
<kw name="Page Should Not Contain Element" owner="AppiumLibrary">
<msg time="2025-05-12T17:53:09.412151" level="INFO">Current page not contains element '//android.widget.ImageView[@resource-id="com.example.mcm_mangacollectionmanagement:id/successimage"]'.</msg>
<msg time="2025-05-12T17:53:09.412300" level="INFO">xpath criteria: //android.widget.ImageView[@resource-id="com.example.mcm_mangacollectionmanagement:id/successimage"]</msg>
<arg>${NOTIFY_ICON}</arg>
<doc>Verifies that current page not contains `locator` element.</doc>
<status status="PASS" start="2025-05-12T17:53:09.003931" elapsed="0.408480"/>
</kw>
<kw name="Page Should Not Contain Element" owner="AppiumLibrary">
<msg time="2025-05-12T17:53:10.098066" level="INFO">Current page not contains element '//android.widget.TextView[@resource-id="com.example.mcm_mangacollectionmanagement:id/successtitle"]'.</msg>
<msg time="2025-05-12T17:53:10.098166" level="INFO">xpath criteria: //android.widget.TextView[@resource-id="com.example.mcm_mangacollectionmanagement:id/successtitle"]</msg>
<arg>${TXT_NOTIFY_TITLE}</arg>
<doc>Verifies that current page not contains `locator` element.</doc>
<status status="PASS" start="2025-05-12T17:53:09.412696" elapsed="0.685529"/>
</kw>
<kw name="Page Should Not Contain Element" owner="AppiumLibrary">
<msg time="2025-05-12T17:53:10.161286" level="INFO">Current page not contains element '//android.widget.TextView[@resource-id="com.example.mcm_mangacollectionmanagement:id/successdesc"]'.</msg>
<msg time="2025-05-12T17:53:10.161377" level="INFO">xpath criteria: //android.widget.TextView[@resource-id="com.example.mcm_mangacollectionmanagement:id/successdesc"]</msg>
<arg>${TXT_NOTIFY_CONTENT}</arg>
<doc>Verifies that current page not contains `locator` element.</doc>
<status status="PASS" start="2025-05-12T17:53:10.098501" elapsed="0.062967"/>
</kw>
<kw name="Page Should Not Contain Element" owner="AppiumLibrary">
<msg time="2025-05-12T17:53:10.229876" level="INFO">Current page not contains element '//android.widget.Button[@resource-id="com.example.mcm_mangacollectionmanagement:id/successdone"]'.</msg>
<msg time="2025-05-12T17:53:10.229953" level="INFO">xpath criteria: //android.widget.Button[@resource-id="com.example.mcm_mangacollectionmanagement:id/successdone"]</msg>
<arg>${BTN_NOTIFY_OK}</arg>
<doc>Verifies that current page not contains `locator` element.</doc>
<status status="PASS" start="2025-05-12T17:53:10.161658" elapsed="0.068344"/>
</kw>
<kw name="Run Keyword If" owner="BuiltIn">
<arg>"${twoButton}" == "2"</arg>
<arg>Page should not contain element</arg>
<arg>${BTN_NOTIFY_CANCEL}</arg>
<doc>Runs the given keyword with the given arguments, if ``condition`` is true.</doc>
<status status="PASS" start="2025-05-12T17:53:10.230175" elapsed="0.000195"/>
</kw>
<doc>Từ khóa này kiểm tra rằng tất cả các thành phần của thông báo không hiển thị trên màn hình.
- Tham số `${twoButton}` xác định số lượng nút trong thông báo:
  - `1`: Chỉ có một nút (OK).
  - `2`: Có hai nút (OK và Cancel).
- Các phần tử cần kiểm tra:
  - Icon thông báo
  - Tiêu đề thông báo
  - Nội dung thông báo
  - Nút OK
  - Nút Cancel (nếu `${twoButton} == 2`)</doc>
<status status="PASS" start="2025-05-12T17:53:09.003572" elapsed="1.226907"/>
</kw>
<arg>${icon}</arg>
<arg>${notif_title}</arg>
<arg>${notif_content}</arg>
<status status="PASS" start="2025-05-12T17:53:06.955984" elapsed="3.274587"/>
</kw>
<if>
<branch type="IF" condition="&quot;${type}&quot; == &quot;success&quot;">
<kw name="Page Should Contain Element" owner="AppiumLibrary">
<msg time="2025-05-12T17:53:10.308078" level="INFO">Current page contains element '//android.widget.TextView[@resource-id="com.example.mcm_mangacollectionmanagement:id/textView2"]'.</msg>
<msg time="2025-05-12T17:53:10.308313" level="INFO">xpath criteria: //android.widget.TextView[@resource-id="com.example.mcm_mangacollectionmanagement:id/textView2"]</msg>
<arg>${LOGIN_PAGE_TITLE}</arg>
<doc>Verifies that current page contains `locator` element.</doc>
<status status="PASS" start="2025-05-12T17:53:10.230864" elapsed="0.077621"/>
</kw>
<status status="PASS" start="2025-05-12T17:53:10.230660" elapsed="0.078032"/>
</branch>
<status status="PASS" start="2025-05-12T17:53:10.230636" elapsed="0.078167"/>
</if>
<arg>${username}</arg>
<arg>${password1}</arg>
<arg>${password2}</arg>
<arg>${wcode}</arg>
<arg>${notif_title}</arg>
<arg>${notif_content}</arg>
<arg>${icon}</arg>
<arg>${type}</arg>
<status status="PASS" start="2025-05-12T17:52:29.290757" elapsed="41.018183"/>
</kw>
<arg>username=hi</arg>
<arg>password1=1</arg>
<arg>password2=1</arg>
<arg>wcode=</arg>
<arg>notif_title=Thông báo</arg>
<arg>notif_content=Tạo lại tài khoản thành công</arg>
<arg>icon=E:/PythonProject/Mframework/screenshot/baseline/warning_notify_icon.png</arg>
<arg>type=success</arg>
<status status="PASS" start="2025-05-12T17:52:29.289481" elapsed="41.019630"/>
</kw>
<kw name="Close MCM Application" owner="common_keyword" type="TEARDOWN">
<kw name="Run Process" owner="Process">
<msg time="2025-05-12T17:53:10.311411" level="INFO">Starting process:
adb shell am force-stop com.example.mcm_mangacollectionmanagement</msg>
<msg time="2025-05-12T17:53:10.318290" level="INFO">Waiting for process to complete.</msg>
<msg time="2025-05-12T17:53:10.437024" level="INFO">Process completed.</msg>
<arg>adb</arg>
<arg>shell</arg>
<arg>am</arg>
<arg>force-stop</arg>
<arg>${APP_PACKAGE}</arg>
<doc>Runs a process and waits for it to complete.</doc>
<status status="PASS" start="2025-05-12T17:53:10.311043" elapsed="0.126093"/>
</kw>
<doc>Đóng ứng dụng MCM nếu nó đang chạy.
- Sử dụng lệnh `adb shell am force-stop` để đóng ứng dụng.</doc>
<status status="PASS" start="2025-05-12T17:53:10.309914" elapsed="0.127347"/>
</kw>
<status status="PASS" start="2025-05-12T17:52:18.292671" elapsed="52.144665"/>
</test>
<test id="s1-t3" name="Using data driven testing using h and 12 and 12 and  and Thông báo and Tạo lại tài khoản thành công and E:/PythonProject/Mframework/screenshot/baseline/warning_notify_icon.png and success" line="14">
<kw name="Open MCM Application" owner="common_keyword" type="SETUP">
<kw name="Check Is App Is Running" owner="common_keyword">
<kw name="Run Process" owner="Process">
<msg time="2025-05-12T17:53:10.442443" level="INFO">Starting process:
adb shell pidof com.example.mcm_mangacollectionmanagement</msg>
<msg time="2025-05-12T17:53:10.458337" level="INFO">Waiting for process to complete.</msg>
<msg time="2025-05-12T17:53:10.561444" level="INFO">Process completed.</msg>
<msg time="2025-05-12T17:53:10.562351" level="INFO">${output} = &lt;result object with rc 1&gt;</msg>
<var>${output}</var>
<arg>adb shell pidof ${APP_PACKAGE}</arg>
<arg>shell=True</arg>
<arg>stdout=STDOUT</arg>
<doc>Runs a process and waits for it to complete.</doc>
<status status="PASS" start="2025-05-12T17:53:10.441123" elapsed="0.121403"/>
</kw>
<kw name="Run Keyword And Return Status" owner="BuiltIn">
<kw name="Should Not Be Empty" owner="BuiltIn">
<msg time="2025-05-12T17:53:10.566710" level="INFO">Length is 0.</msg>
<msg time="2025-05-12T17:53:10.566946" level="FAIL">'' should not be empty.</msg>
<arg>${output.stdout}</arg>
<doc>Verifies that the given item is not empty.</doc>
<status status="FAIL" start="2025-05-12T17:53:10.563898" elapsed="0.003246">'' should not be empty.</status>
</kw>
<msg time="2025-05-12T17:53:10.567431" level="INFO">${status} = False</msg>
<var>${status}</var>
<arg>Should Not Be Empty</arg>
<arg>${output.stdout}</arg>
<doc>Runs the given keyword with given arguments and returns the status as a Boolean value.</doc>
<status status="PASS" start="2025-05-12T17:53:10.563101" elapsed="0.004411"/>
</kw>
<return>
<value>${status}</value>
<status status="PASS" start="2025-05-12T17:53:10.567659" elapsed="0.000102"/>
</return>
<msg time="2025-05-12T17:53:10.568038" level="INFO">${status} = False</msg>
<var>${status}</var>
<doc>Kiểm tra xem ứng dụng MCM có đang chạy không.
- Lệnh `adb shell pidof` được sử dụng để lấy PID của ứng dụng.
- Nếu `output.stdout` không rỗng, ứng dụng đang chạy.
- Trả về `True` nếu ứng dụng đang chạy, ngược lại trả về `False`.</doc>
<status status="PASS" start="2025-05-12T17:53:10.440647" elapsed="0.127446"/>
</kw>
<kw name="Run Keyword If" owner="BuiltIn">
<arg>${status}</arg>
<arg>Close MCM Application</arg>
<doc>Runs the given keyword with the given arguments, if ``condition`` is true.</doc>
<status status="PASS" start="2025-05-12T17:53:10.568523" elapsed="0.000273"/>
</kw>
<kw name="Sleep" owner="BuiltIn">
<msg time="2025-05-12T17:53:12.573262" level="INFO">Slept 2 seconds.</msg>
<arg>2</arg>
<doc>Pauses the test executed for the given time.</doc>
<status status="PASS" start="2025-05-12T17:53:10.572234" elapsed="2.001273"/>
</kw>
<kw name="Open Application" owner="AppiumLibrary">
<arg>${REMOTE_URL}</arg>
<arg>platformName=${PLATFORM_NAME}</arg>
<arg>deviceName=${EMULATOR_DEVICE_NAME}</arg>
<arg>appPackage=${APP_PACKAGE}</arg>
<arg>appActivity=${APP_ACTIVITY}</arg>
<arg>noReset=${NO_RESET}</arg>
<arg>automationName=${AUTOMATION_NAME}</arg>
<doc>Opens a new application to given Appium server.
Capabilities of appium server, Android and iOS,
Please check https://appium.io/docs/en/2.1/cli/args/
| *Option*            | *Man.* | *Description*     |
| remote_url          | Yes    | Appium server url |
| alias               | no     | alias             |
| strict_ssl          | No     | allows you to send commands to an invalid certificate host like a self-signed one. |</doc>
<status status="PASS" start="2025-05-12T17:53:12.573936" elapsed="7.263879"/>
</kw>
<doc>Mở ứng dụng MCM trên thiết bị/emulator.
- Nếu ứng dụng đã chạy trước đó, nó sẽ được đóng trước khi mở lại.
- Sử dụng `Open Application` với các tham số cấu hình từ biến môi trường.</doc>
<status status="PASS" start="2025-05-12T17:53:10.439998" elapsed="9.398101"/>
</kw>
<kw name="Data Driven Testing For Register Feature">
<kw name="Check Forgot Password" owner="forgotpassword_keyword">
<if>
<branch type="IF" condition="&quot;${type}&quot; == &quot;remove_app&quot;">
<kw name="Reset MCM App" owner="common_keyword">
<doc>Reset ứng dụng MCM về trạng thái mặc định.
- Dừng ứng dụng (`Terminate application`).
- Xóa dữ liệu ứng dụng bằng `adb shell pm clear`.</doc>
<status status="NOT RUN" start="2025-05-12T17:53:19.841221" elapsed="0.000070"/>
</kw>
<kw name="Sleep" owner="BuiltIn">
<arg>3s</arg>
<doc>Pauses the test executed for the given time.</doc>
<status status="NOT RUN" start="2025-05-12T17:53:19.841731" elapsed="0.000128"/>
</kw>
<kw name="Open MCM Application" owner="common_keyword">
<doc>Mở ứng dụng MCM trên thiết bị/emulator.
- Nếu ứng dụng đã chạy trước đó, nó sẽ được đóng trước khi mở lại.
- Sử dụng `Open Application` với các tham số cấu hình từ biến môi trường.</doc>
<status status="NOT RUN" start="2025-05-12T17:53:19.842509" elapsed="0.000181"/>
</kw>
<status status="NOT RUN" start="2025-05-12T17:53:19.840436" elapsed="0.003311"/>
</branch>
<status status="PASS" start="2025-05-12T17:53:19.840391" elapsed="0.003746"/>
</if>
<kw name="Forgot Password" owner="forgotpassword_keyword">
<kw name="Wait Until Page Contains Element" owner="AppiumLibrary">
<msg time="2025-05-12T17:53:22.329449" level="INFO">xpath criteria: //android.widget.TextView[@resource-id="com.example.mcm_mangacollectionmanagement:id/txtForgotPassword"]
xpath criteria: //android.widget.TextView[@resource-id="com.example.mcm_mangacollectionmanagement:id/txtForgotPassword"]
xpath criteria: //android.widget.TextView[@resource-id="com.example.mcm_mangacollectionmanagement:id/txtForgotPassword"]
xpath criteria: //android.widget.TextView[@resource-id="com.example.mcm_mangacollectionmanagement:id/txtForgotPassword"]
xpath criteria: //android.widget.TextView[@resource-id="com.example.mcm_mangacollectionmanagement:id/txtForgotPassword"]
xpath criteria: //android.widget.TextView[@resource-id="com.example.mcm_mangacollectionmanagement:id/txtForgotPassword"]</msg>
<arg>${BTN_LOGIN_FORGOT_PASSWORD}</arg>
<arg>10s</arg>
<doc>Waits until element specified with `locator` appears on current page.</doc>
<status status="PASS" start="2025-05-12T17:53:19.846320" elapsed="2.483290"/>
</kw>
<kw name="Click Element" owner="AppiumLibrary">
<msg time="2025-05-12T17:53:22.332555" level="INFO">Clicking element '//android.widget.TextView[@resource-id="com.example.mcm_mangacollectionmanagement:id/txtForgotPassword"]'.</msg>
<msg time="2025-05-12T17:53:23.008507" level="INFO">xpath criteria: //android.widget.TextView[@resource-id="com.example.mcm_mangacollectionmanagement:id/txtForgotPassword"]</msg>
<arg>${BTN_LOGIN_FORGOT_PASSWORD}</arg>
<doc>Click element identified by `locator`.</doc>
<status status="PASS" start="2025-05-12T17:53:22.330001" elapsed="0.678645"/>
</kw>
<kw name="Wait Until Page Contains Element" owner="AppiumLibrary">
<msg time="2025-05-12T17:53:23.960666" level="INFO">xpath criteria: //android.widget.EditText[@resource-id="com.example.mcm_mangacollectionmanagement:id/edtFPUsername"]
xpath criteria: //android.widget.EditText[@resource-id="com.example.mcm_mangacollectionmanagement:id/edtFPUsername"]</msg>
<arg>${EDT_FP_USERNAME}</arg>
<doc>Waits until element specified with `locator` appears on current page.</doc>
<status status="PASS" start="2025-05-12T17:53:23.009080" elapsed="0.951750"/>
</kw>
<kw name="Wait Until Page Contains Element" owner="AppiumLibrary">
<msg time="2025-05-12T17:53:24.077736" level="INFO">xpath criteria: //android.widget.EditText[@resource-id="com.example.mcm_mangacollectionmanagement:id/edtFPPassword1"]</msg>
<arg>${EDT_FP_PASSWORD}</arg>
<doc>Waits until element specified with `locator` appears on current page.</doc>
<status status="PASS" start="2025-05-12T17:53:23.961370" elapsed="0.116494"/>
</kw>
<kw name="Wait Until Page Contains Element" owner="AppiumLibrary">
<msg time="2025-05-12T17:53:24.307743" level="INFO">xpath criteria: //android.widget.EditText[@resource-id="com.example.mcm_mangacollectionmanagement:id/edtFPPasswrod2"]</msg>
<arg>${EDT_FP_COMFIRM_PASSWORD}</arg>
<doc>Waits until element specified with `locator` appears on current page.</doc>
<status status="PASS" start="2025-05-12T17:53:24.078097" elapsed="0.230014"/>
</kw>
<kw name="Input Text" owner="AppiumLibrary">
<msg time="2025-05-12T17:53:24.312335" level="INFO">Typing text 'h' into text field '//android.widget.EditText[@resource-id="com.example.mcm_mangacollectionmanagement:id/edtFPUsername"]'</msg>
<msg time="2025-05-12T17:53:25.115128" level="INFO">xpath criteria: //android.widget.EditText[@resource-id="com.example.mcm_mangacollectionmanagement:id/edtFPUsername"]</msg>
<arg>${EDT_FP_USERNAME}</arg>
<arg>${username}</arg>
<doc>Types the given `text` into text field identified by `locator`.</doc>
<status status="PASS" start="2025-05-12T17:53:24.308478" elapsed="0.806770"/>
</kw>
<kw name="Input Text" owner="AppiumLibrary">
<msg time="2025-05-12T17:53:25.119626" level="INFO">Typing text '12' into text field '//android.widget.EditText[@resource-id="com.example.mcm_mangacollectionmanagement:id/edtFPPassword1"]'</msg>
<msg time="2025-05-12T17:53:26.493515" level="INFO">xpath criteria: //android.widget.EditText[@resource-id="com.example.mcm_mangacollectionmanagement:id/edtFPPassword1"]</msg>
<arg>${EDT_FP_PASSWORD}</arg>
<arg>${password1}</arg>
<doc>Types the given `text` into text field identified by `locator`.</doc>
<status status="PASS" start="2025-05-12T17:53:25.115497" elapsed="1.378214"/>
</kw>
<kw name="Input Text" owner="AppiumLibrary">
<msg time="2025-05-12T17:53:26.501884" level="INFO">Typing text '12' into text field '//android.widget.EditText[@resource-id="com.example.mcm_mangacollectionmanagement:id/edtFPPasswrod2"]'</msg>
<msg time="2025-05-12T17:53:27.735910" level="INFO">xpath criteria: //android.widget.EditText[@resource-id="com.example.mcm_mangacollectionmanagement:id/edtFPPasswrod2"]</msg>
<arg>${EDT_FP_COMFIRM_PASSWORD}</arg>
<arg>${password2}</arg>
<doc>Types the given `text` into text field identified by `locator`.</doc>
<status status="PASS" start="2025-05-12T17:53:26.494325" elapsed="1.241914"/>
</kw>
<if>
<branch type="IF" condition="'${wcode}' != 'nothing'">
<if>
<branch type="IF" condition="'${wcode}' == '${EMPTY}'">
<kw name="Click Element" owner="AppiumLibrary">
<msg time="2025-05-12T17:53:27.751538" level="INFO">Clicking element 'xpath=(//android.widget.ImageButton[@resource-id="com.example.mcm_mangacollectionmanagement:id/text_input_end_icon"])[3]'.</msg>
<msg time="2025-05-12T17:53:28.373883" level="INFO">xpath criteria: (//android.widget.ImageButton[@resource-id="com.example.mcm_mangacollectionmanagement:id/text_input_end_icon"])[3]</msg>
<arg>${BTN_FP_SEND_CODE}</arg>
<doc>Click element identified by `locator`.</doc>
<status status="PASS" start="2025-05-12T17:53:27.742537" elapsed="0.631461"/>
</kw>
<kw name="Sleep" owner="BuiltIn">
<msg time="2025-05-12T17:53:48.375297" level="INFO">Slept 20 seconds.</msg>
<arg>20</arg>
<doc>Pauses the test executed for the given time.</doc>
<status status="PASS" start="2025-05-12T17:53:28.374261" elapsed="20.001401"/>
</kw>
<kw name="Get Confirmed Code" owner="GetNewMail">
<msg time="2025-05-12T17:53:50.147764" level="INFO">${code} = 688209
</msg>
<var>${code}</var>
<status status="PASS" start="2025-05-12T17:53:48.376415" elapsed="1.771432"/>
</kw>
<kw name="Input Text" owner="AppiumLibrary">
<msg time="2025-05-12T17:53:50.152760" level="INFO">Typing text '688209
' into text field '//android.widget.EditText[@resource-id="com.example.mcm_mangacollectionmanagement:id/edtFPConfirmedCode"]'</msg>
<msg time="2025-05-12T17:53:50.954377" level="INFO">xpath criteria: //android.widget.EditText[@resource-id="com.example.mcm_mangacollectionmanagement:id/edtFPConfirmedCode"]</msg>
<arg>${EDT_FP_CODE}</arg>
<arg>${code}</arg>
<doc>Types the given `text` into text field identified by `locator`.</doc>
[...]
<arg>5</arg>
<doc>Pauses the test executed for the given time.</doc>
<status status="PASS" start="2025-05-12T18:00:18.695638" elapsed="5.001027"/>
</kw>
<arg>${username}</arg>
<arg>${password1}</arg>
<arg>${password2}</arg>
<arg>${wcode}</arg>
<status status="PASS" start="2025-05-12T18:00:10.945307" elapsed="12.751791"/>
</kw>
<kw name="Verify Notification" owner="notificationall_keyword">
<kw name="Verify Element In Notification Visible" owner="notification_keyword">
<kw name="Wait Until Element Is Visible" owner="AppiumLibrary">
<msg time="2025-05-12T18:00:23.834014" level="INFO">xpath criteria: //android.widget.ImageView[@resource-id="com.example.mcm_mangacollectionmanagement:id/successimage"]</msg>
<arg>${NOTIFY_ICON}</arg>
<doc>Waits until element specified with `locator` is visible.</doc>
<status status="PASS" start="2025-05-12T18:00:23.704505" elapsed="0.129621"/>
</kw>
<kw name="Wait Until Element Is Visible" owner="AppiumLibrary">
<msg time="2025-05-12T18:00:24.041914" level="INFO">xpath criteria: //android.widget.TextView[@resource-id="com.example.mcm_mangacollectionmanagement:id/successtitle"]</msg>
<arg>${TXT_NOTIFY_TITLE}</arg>
<doc>Waits until element specified with `locator` is visible.</doc>
<status status="PASS" start="2025-05-12T18:00:23.834461" elapsed="0.207827"/>
</kw>
<kw name="Wait Until Element Is Visible" owner="AppiumLibrary">
<msg time="2025-05-12T18:00:24.194924" level="INFO">xpath criteria: //android.widget.TextView[@resource-id="com.example.mcm_mangacollectionmanagement:id/successdesc"]</msg>
<arg>${TXT_NOTIFY_CONTENT}</arg>
<doc>Waits until element specified with `locator` is visible.</doc>
<status status="PASS" start="2025-05-12T18:00:24.042621" elapsed="0.152397"/>
</kw>
<kw name="Wait Until Element Is Visible" owner="AppiumLibrary">
<msg time="2025-05-12T18:00:24.346950" level="INFO">xpath criteria: //android.widget.Button[@resource-id="com.example.mcm_mangacollectionmanagement:id/successdone"]</msg>
<arg>${BTN_NOTIFY_OK}</arg>
<doc>Waits until element specified with `locator` is visible.</doc>
<status status="PASS" start="2025-05-12T18:00:24.195262" elapsed="0.151851"/>
</kw>
<kw name="Run Keyword If" owner="BuiltIn">
<arg>"${twoButton}" == "2"</arg>
<arg>Wait until element is visible</arg>
<arg>${BTN_NOTIFY_CANCEL}</arg>
<doc>Runs the given keyword with the given arguments, if ``condition`` is true.</doc>
<status status="PASS" start="2025-05-12T18:00:24.347439" elapsed="0.000292"/>
</kw>
<doc>Từ khóa này đợi cho đến khi các thành phần trong thông báo hiển thị.
- Tham số `${twoButton}` xác định số lượng nút trong thông báo:
- `1`: Thông báo chỉ có một nút.
- `2`: Thông báo có hai nút (OK và Cancel).
- Các thành phần được kiểm tra:
  - Icon thông báo
  - Tiêu đề thông báo
  - Nội dung thông báo
  - Nút OK
  - Nút Cancel (nếu `${twoButton} == 2`)</doc>
<status status="PASS" start="2025-05-12T18:00:23.703587" elapsed="0.644270"/>
</kw>
<kw name="Check Icon In Notification" owner="notification_keyword">
<kw name="Capture Element Screenshot" owner="CaptureElementScreenshot">
<msg time="2025-05-12T18:00:24.949664" level="INFO">${element_screenshot_path} = E:\PythonProject\MFramework\screenshot\current\curr_20250512_180024.png</msg>
<var>${element_screenshot_path}</var>
<arg>${NOTIFY_ICON}</arg>
<status status="PASS" start="2025-05-12T18:00:24.349617" elapsed="0.600103"/>
</kw>
<kw name="Compare Image" owner="compare_image">
<kw name="Create Session" owner="RequestsLibrary">
<msg time="2025-05-12T18:00:24.950618" level="INFO">Creating Session using : alias=compareImage, url=http://127.0.0.1:500, headers={},                     cookies={}, auth=None, timeout=None, proxies=None, verify=False,                     debug=0 </msg>
<arg>compareImage</arg>
<arg>${API_URL}</arg>
<doc>Create Session: create a HTTP session to a server</doc>
<status status="PASS" start="2025-05-12T18:00:24.950445" elapsed="0.000369"/>
</kw>
<kw name="Create Dictionary" owner="BuiltIn">
<msg time="2025-05-12T18:00:24.951765" level="INFO">${para} = {'image_path1': 'E:\\PythonProject\\MFramework\\screenshot\\current\\curr_20250512_180024.png', 'image_path2': 'E:/PythonProject/Mframework/screenshot/baseline/warning_notify_icon.png'}</msg>
<var>${para}</var>
<arg>image_path1=${IMAGE_PATH1}</arg>
<arg>image_path2=${IMAGE_PATH2}</arg>
<doc>Creates and returns a dictionary based on the given ``items``.</doc>
<status status="PASS" start="2025-05-12T18:00:24.951193" elapsed="0.000667"/>
</kw>
<kw name="Run Keyword And Ignore Error" owner="BuiltIn">
<kw name="POST On Session" owner="RequestsLibrary">
<msg time="2025-05-12T18:00:25.115254" level="INFO">POST Request : url=http://127.0.0.1:500/compare_using_pixelmatch 
 path_url=/compare_using_pixelmatch 
 headers={'User-Agent': 'python-requests/2.32.3', 'Accept-Encoding': 'gzip, deflate', 'Accept': '*/*', 'Connection': 'keep-alive', 'Content-Length': '185', 'Content-Type': 'application/json'} 
 body=b'{"image_path1": "E:\\\\PythonProject\\\\MFramework\\\\screenshot\\\\current\\\\curr_20250512_180024.png", "image_path2": "E:/PythonProject/Mframework/screenshot/baseline/warning_notify_icon.png"}' 
 </msg>
<msg time="2025-05-12T18:00:25.115345" level="INFO">POST Response : url=http://127.0.0.1:500/compare_using_pixelmatch 
 status=200, reason=OK 
 headers={'Server': 'Werkzeug/3.1.3 Python/3.13.1', 'Date': 'Mon, 12 May 2025 11:00:25 GMT', 'Content-Type': 'application/json', 'Content-Length': '288', 'Connection': 'close'} 
 body={"Color_Details":{"Hue Change":"0.00%","Saturation Change":"0.00%","Value Change":"88.20%"},"Differences":["Hai h\u00ecnh \u1ea3nh gi\u1ed1ng nhau nh\u01b0ng gi\u1eefa hai h\u00ecnh \u1ea3nh c\u00f3 s\u1ef1 kh\u00e1c nhau v\u1ec1 m\u00e0u s\u1eafc"],"Similarity_Percent":97.760009765625}
 
 </msg>
<arg>compareImage</arg>
<arg>${METHOD}</arg>
<arg>json=${para}</arg>
<doc>Sends a POST request on a previously created HTTP Session.</doc>
<status status="PASS" start="2025-05-12T18:00:24.953097" elapsed="0.162344"/>
</kw>
<msg time="2025-05-12T18:00:25.115583" level="INFO">${status} = PASS</msg>
<msg time="2025-05-12T18:00:25.115631" level="INFO">${response} = &lt;Response [200]&gt;</msg>
<var>${status}</var>
<var>${response}</var>
<arg>POST On Session</arg>
<arg>compareImage</arg>
<arg>${METHOD}</arg>
<arg>json=${para}</arg>
<doc>Runs the given keyword with the given arguments and ignores possible error.</doc>
<status status="PASS" start="2025-05-12T18:00:24.952353" elapsed="0.163304"/>
</kw>
<kw name="Run Keyword If" owner="BuiltIn">
<arg>'${status}' == 'FAIL'</arg>
<arg>Get Latest File By Modified Time</arg>
<doc>Runs the given keyword with the given arguments, if ``condition`` is true.</doc>
<status status="PASS" start="2025-05-12T18:00:25.115836" elapsed="0.000283"/>
</kw>
<kw name="Log" owner="BuiltIn">
<msg time="2025-05-12T18:00:25.116668" level="INFO" html="true">&lt;Response [200]&gt;</msg>
<arg>${response}</arg>
<arg>html=True</arg>
<doc>Logs the given message with the given level.</doc>
<status status="PASS" start="2025-05-12T18:00:25.116347" elapsed="0.000411"/>
</kw>
<kw name="Should Be Equal As Strings" owner="BuiltIn">
<arg>${status}</arg>
<arg>PASS</arg>
<doc>Fails if objects are unequal after converting them to strings.</doc>
<status status="PASS" start="2025-05-12T18:00:25.117044" elapsed="0.000295"/>
</kw>
<msg time="2025-05-12T18:00:25.117577" level="INFO">${result} = None</msg>
<var>${result}</var>
<arg>${element_screenshot_path}</arg>
<arg>${expected_icon_link}</arg>
<status status="PASS" start="2025-05-12T18:00:24.949997" elapsed="0.167635"/>
</kw>
<return>
<value>${result}</value>
<status status="PASS" start="2025-05-12T18:00:25.117739" elapsed="0.000077"/>
</return>
<arg>${icon}</arg>
<doc>Từ khóa này kiểm tra xem icon của thông báo có khớp với icon mong đợi hay không.
- Tham số `${expected_icon_link}`: Đường dẫn hoặc hình ảnh icon mẫu.
- Chụp ảnh icon hiện tại và so sánh với icon mẫu.
- Trả về kết quả so sánh (`True` hoặc `False`).</doc>
<status status="PASS" start="2025-05-12T18:00:24.349256" elapsed="0.768770"/>
</kw>
<kw name="Check Title In Notification" owner="notification_keyword">
<kw name="Get Title In Notification" owner="notification_keyword">
<kw name="Wait Until Page Contains Element" owner="AppiumLibrary">
<msg time="2025-05-12T18:00:25.182408" level="INFO">xpath criteria: //android.widget.TextView[@resource-id="com.example.mcm_mangacollectionmanagement:id/successtitle"]</msg>
<arg>${TXT_NOTIFY_TITLE}</arg>
<doc>Waits until element specified with `locator` appears on current page.</doc>
<status status="PASS" start="2025-05-12T18:00:25.124095" elapsed="0.058404"/>
</kw>
<kw name="Get Text" owner="AppiumLibrary">
<msg time="2025-05-12T18:00:25.331994" level="INFO">Element '//android.widget.TextView[@resource-id="com.example.mcm_mangacollectionmanagement:id/successtitle"]' text is 'Thông báo' </msg>
<msg time="2025-05-12T18:00:25.332122" level="INFO">xpath criteria: //android.widget.TextView[@resource-id="com.example.mcm_mangacollectionmanagement:id/successtitle"]</msg>
<msg time="2025-05-12T18:00:25.332336" level="INFO">${title} = Thông báo</msg>
<var>${title}</var>
<arg>${TXT_NOTIFY_TITLE}</arg>
<doc>Get element text (for hybrid and mobile browser use `xpath` locator, others might cause problem)</doc>
<status status="PASS" start="2025-05-12T18:00:25.182728" elapsed="0.149653"/>
</kw>
<return>
<value>${title}</value>
<status status="PASS" start="2025-05-12T18:00:25.332484" elapsed="0.000062"/>
</return>
<msg time="2025-05-12T18:00:25.332742" level="INFO">${actual} = Thông báo</msg>
<var>${actual}</var>
<doc>Từ khóa này lấy tiêu đề của thông báo.
- Đợi cho đến khi phần tử tiêu đề xuất hiện.
- Trả về tiêu đề của thông báo dưới dạng chuỗi.</doc>
<status status="PASS" start="2025-05-12T18:00:25.123326" elapsed="0.209459"/>
</kw>
<kw name="Should Contain" owner="BuiltIn">
<arg>${actual}</arg>
<arg>${expected}</arg>
<doc>Fails if ``container`` does not contain ``item`` one or more times.</doc>
<status status="PASS" start="2025-05-12T18:00:25.333017" elapsed="0.000294"/>
</kw>
<arg>${title}</arg>
<doc>Từ khóa này kiểm tra tiêu đề của thông báo có chứa nội dung mong đợi hay không.
- Tham số `${expected}`: Chuỗi tiêu đề mong đợi.
- So sánh tiêu đề thực tế với tiêu đề mong đợi.</doc>
<status status="PASS" start="2025-05-12T18:00:25.121327" elapsed="0.212089"/>
</kw>
<kw name="Check Content In Notification" owner="notification_keyword">
<kw name="Get Content In Notification" owner="notification_keyword">
<kw name="Wait Until Page Contains Element" owner="AppiumLibrary">
<msg time="2025-05-12T18:00:25.414061" level="INFO">xpath criteria: //android.widget.TextView[@resource-id="com.example.mcm_mangacollectionmanagement:id/successdesc"]</msg>
<arg>${TXT_NOTIFY_CONTENT}</arg>
<doc>Waits until element specified with `locator` appears on current page.</doc>
<status status="PASS" start="2025-05-12T18:00:25.339156" elapsed="0.074994"/>
</kw>
<kw name="Get Text" owner="AppiumLibrary">
<msg time="2025-05-12T18:00:25.556862" level="INFO">Element '//android.widget.TextView[@resource-id="com.example.mcm_mangacollectionmanagement:id/successdesc"]' text is 'Tạo lại tài khoản không thành công do chưa đăng kí tài khoản' </msg>
<msg time="2025-05-12T18:00:25.557073" level="INFO">xpath criteria: //android.widget.TextView[@resource-id="com.example.mcm_mangacollectionmanagement:id/successdesc"]</msg>
<msg time="2025-05-12T18:00:25.557281" level="INFO">${content} = Tạo lại tài khoản không thành công do chưa đăng kí tài khoản</msg>
<var>${content}</var>
<arg>${TXT_NOTIFY_CONTENT}</arg>
<doc>Get element text (for hybrid and mobile browser use `xpath` locator, others might cause problem)</doc>
<status status="PASS" start="2025-05-12T18:00:25.414324" elapsed="0.143054"/>
</kw>
<return>
<value>${content}</value>
<status status="PASS" start="2025-05-12T18:00:25.557564" elapsed="0.000234"/>
</return>
<msg time="2025-05-12T18:00:25.559219" level="INFO">${actual} = Tạo lại tài khoản không thành công do chưa đăng kí tài khoản</msg>
<var>${actual}</var>
<doc>Từ khóa này lấy nội dung hiển thị trong thông báo.
- Đợi cho đến khi phần tử nội dung thông báo xuất hiện.
- Trả về nội dung của thông báo dưới dạng chuỗi.</doc>
<status status="PASS" start="2025-05-12T18:00:25.338310" elapsed="0.220978"/>
</kw>
<kw name="Should Contain" owner="BuiltIn">
<arg>${actual}</arg>
<arg>${expected}</arg>
<doc>Fails if ``container`` does not contain ``item`` one or more times.</doc>
<status status="PASS" start="2025-05-12T18:00:25.559608" elapsed="0.000368"/>
</kw>
<arg>${content}</arg>
<doc>Từ khóa này kiểm tra nội dung của thông báo có chứa giá trị mong đợi hay không.
- Tham số `${expected}`: Chuỗi nội dung mong đợi.
- So sánh nội dung thực tế với nội dung mong đợi.</doc>
<status status="PASS" start="2025-05-12T18:00:25.336653" elapsed="0.223469"/>
</kw>
<kw name="Click OK In Notification" owner="notification_keyword">
<kw name="Wait Until Page Contains Element" owner="AppiumLibrary">
<msg time="2025-05-12T18:00:25.632648" level="INFO">xpath criteria: //android.widget.Button[@resource-id="com.example.mcm_mangacollectionmanagement:id/successdone"]</msg>
<arg>${BTN_NOTIFY_OK}</arg>
<doc>Waits until element specified with `locator` appears on current page.</doc>
<status status="PASS" start="2025-05-12T18:00:25.560935" elapsed="0.071827"/>
</kw>
<kw name="Click Element" owner="AppiumLibrary">
<msg time="2025-05-12T18:00:25.637705" level="INFO">Clicking element '//android.widget.Button[@resource-id="com.example.mcm_mangacollectionmanagement:id/successdone"]'.</msg>
<msg time="2025-05-12T18:00:25.826955" level="INFO">xpath criteria: //android.widget.Button[@resource-id="com.example.mcm_mangacollectionmanagement:id/successdone"]</msg>
<arg>${BTN_NOTIFY_OK}</arg>
<doc>Click element identified by `locator`.</doc>
<status status="PASS" start="2025-05-12T18:00:25.633033" elapsed="0.194050"/>
</kw>
<doc>Từ khóa này nhấn vào nút OK trong thông báo.</doc>
<status status="PASS" start="2025-05-12T18:00:25.560438" elapsed="0.266790"/>
</kw>
<kw name="Verify Element In Notification Not Visible" owner="notification_keyword">
<kw name="Page Should Not Contain Element" owner="AppiumLibrary">
<msg time="2025-05-12T18:00:26.070768" level="INFO">Current page not contains element '//android.widget.ImageView[@resource-id="com.example.mcm_mangacollectionmanagement:id/successimage"]'.</msg>
<msg time="2025-05-12T18:00:26.070909" level="INFO">xpath criteria: //android.widget.ImageView[@resource-id="com.example.mcm_mangacollectionmanagement:id/successimage"]</msg>
<arg>${NOTIFY_ICON}</arg>
<doc>Verifies that current page not contains `locator` element.</doc>
<status status="PASS" start="2025-05-12T18:00:25.831979" elapsed="0.239084"/>
</kw>
<kw name="Page Should Not Contain Element" owner="AppiumLibrary">
<msg time="2025-05-12T18:00:26.467219" level="INFO">Current page not contains element '//android.widget.TextView[@resource-id="com.example.mcm_mangacollectionmanagement:id/successtitle"]'.</msg>
<msg time="2025-05-12T18:00:26.467309" level="INFO">xpath criteria: //android.widget.TextView[@resource-id="com.example.mcm_mangacollectionmanagement:id/successtitle"]</msg>
<arg>${TXT_NOTIFY_TITLE}</arg>
<doc>Verifies that current page not contains `locator` element.</doc>
<status status="PASS" start="2025-05-12T18:00:26.071404" elapsed="0.395960"/>
</kw>
<kw name="Page Should Not Contain Element" owner="AppiumLibrary">
<msg time="2025-05-12T18:00:26.573719" level="INFO">Current page not contains element '//android.widget.TextView[@resource-id="com.example.mcm_mangacollectionmanagement:id/successdesc"]'.</msg>
<msg time="2025-05-12T18:00:26.574609" level="INFO">xpath criteria: //android.widget.TextView[@resource-id="com.example.mcm_mangacollectionmanagement:id/successdesc"]</msg>
<arg>${TXT_NOTIFY_CONTENT}</arg>
<doc>Verifies that current page not contains `locator` element.</doc>
<status status="PASS" start="2025-05-12T18:00:26.467548" elapsed="0.107239"/>
</kw>
<kw name="Page Should Not Contain Element" owner="AppiumLibrary">
<msg time="2025-05-12T18:00:26.668977" level="INFO">Current page not contains element '//android.widget.Button[@resource-id="com.example.mcm_mangacollectionmanagement:id/successdone"]'.</msg>
<msg time="2025-05-12T18:00:26.669075" level="INFO">xpath criteria: //android.widget.Button[@resource-id="com.example.mcm_mangacollectionmanagement:id/successdone"]</msg>
<arg>${BTN_NOTIFY_OK}</arg>
<doc>Verifies that current page not contains `locator` element.</doc>
<status status="PASS" start="2025-05-12T18:00:26.575179" elapsed="0.093961"/>
</kw>
<kw name="Run Keyword If" owner="BuiltIn">
<arg>"${twoButton}" == "2"</arg>
<arg>Page should not contain element</arg>
<arg>${BTN_NOTIFY_CANCEL}</arg>
<doc>Runs the given keyword with the given arguments, if ``condition`` is true.</doc>
<status status="PASS" start="2025-05-12T18:00:26.669650" elapsed="0.000614"/>
</kw>
<doc>Từ khóa này kiểm tra rằng tất cả các thành phần của thông báo không hiển thị trên màn hình.
- Tham số `${twoButton}` xác định số lượng nút trong thông báo:
  - `1`: Chỉ có một nút (OK).
  - `2`: Có hai nút (OK và Cancel).
- Các phần tử cần kiểm tra:
  - Icon thông báo
  - Tiêu đề thông báo
  - Nội dung thông báo
  - Nút OK
  - Nút Cancel (nếu `${twoButton} == 2`)</doc>
<status status="PASS" start="2025-05-12T18:00:25.831298" elapsed="0.839150"/>
</kw>
<arg>${icon}</arg>
<arg>${notif_title}</arg>
<arg>${notif_content}</arg>
<status status="PASS" start="2025-05-12T18:00:23.697581" elapsed="2.972941"/>
</kw>
<if>
<branch type="IF" condition="&quot;${type}&quot; == &quot;success&quot;">
<kw name="Page Should Contain Element" owner="AppiumLibrary">
<arg>${LOGIN_PAGE_TITLE}</arg>
<doc>Verifies that current page contains `locator` element.</doc>
<status status="NOT RUN" start="2025-05-12T18:00:26.672203" elapsed="0.000048"/>
</kw>
<status status="NOT RUN" start="2025-05-12T18:00:26.670664" elapsed="0.001648"/>
</branch>
<status status="PASS" start="2025-05-12T18:00:26.670615" elapsed="0.001741"/>
</if>
<arg>${username}</arg>
<arg>${password1}</arg>
<arg>${password2}</arg>
<arg>${wcode}</arg>
<arg>${notif_title}</arg>
<arg>${notif_content}</arg>
<arg>${icon}</arg>
<arg>${type}</arg>
<status status="PASS" start="2025-05-12T17:59:57.308221" elapsed="29.364223"/>
</kw>
<arg>username=hi</arg>
<arg>password1=12</arg>
<arg>password2=12</arg>
<arg>wcode=nothing</arg>
<arg>notif_title=Thông báo</arg>
<arg>notif_content=Tạo lại tài khoản không thành công do chưa đăng kí tài khoản</arg>
<arg>icon=E:/PythonProject/Mframework/screenshot/baseline/warning_notify_icon.png</arg>
<arg>type=remove_app</arg>
<status status="PASS" start="2025-05-12T17:59:57.306260" elapsed="29.366296"/>
</kw>
<kw name="Close MCM Application" owner="common_keyword" type="TEARDOWN">
<kw name="Run Process" owner="Process">
<msg time="2025-05-12T18:00:26.674327" level="INFO">Starting process:
adb shell am force-stop com.example.mcm_mangacollectionmanagement</msg>
<msg time="2025-05-12T18:00:26.679162" level="INFO">Waiting for process to complete.</msg>
<msg time="2025-05-12T18:00:26.816494" level="INFO">Process completed.</msg>
<arg>adb</arg>
<arg>shell</arg>
<arg>am</arg>
<arg>force-stop</arg>
<arg>${APP_PACKAGE}</arg>
<doc>Runs a process and waits for it to complete.</doc>
<status status="PASS" start="2025-05-12T18:00:26.674045" elapsed="0.142589"/>
</kw>
<doc>Đóng ứng dụng MCM nếu nó đang chạy.
- Sử dụng lệnh `adb shell am force-stop` để đóng ứng dụng.</doc>
<status status="PASS" start="2025-05-12T18:00:26.672955" elapsed="0.143798"/>
</kw>
<status status="PASS" start="2025-05-12T17:59:46.620894" elapsed="40.195913"/>
</test>
<status status="PASS" start="2025-05-12T17:51:25.075623" elapsed="541.770014"/>
</suite>
<statistics>
<total>
<stat pass="12" fail="0" skip="0">All Tests</stat>
</total>
<tag>
</tag>
<suite>
<stat name="TS ForgotPassword" id="s1" pass="12" fail="0" skip="0">TS ForgotPassword</stat>
</suite>
</statistics>
<errors>
</errors>
</robot>
