<?xml version="1.0" encoding="UTF-8"?>
<robot generator="Robot 7.2.2 (Python 3.13.1 on win32)" generated="2025-05-13T22:47:41.055456" rpa="false" schemaversion="5">
<suite id="s1" name="TS Register" source="E:\PythonProject\MFramework\tests\test_suites\TS_Register.robot">
<test id="s1-t1" name="Using data driven testing using hi and 12 and 12 and minhhien040804@gmail.com and Thông báo and Đăng kí thành công and E:/PythonProject/Mframework/screenshot/baseline/success_notify_icon.png and success" line="14">
<kw name="Open MCM Application" owner="common_keyword" type="SETUP">
<kw name="Check Is App Is Running" owner="common_keyword">
<kw name="Run Process" owner="Process">
<msg time="2025-05-13T22:47:44.376842" level="INFO">Starting process:
adb shell pidof com.example.mcm_mangacollectionmanagement</msg>
<msg time="2025-05-13T22:47:44.389936" level="INFO">Waiting for process to complete.</msg>
<msg time="2025-05-13T22:47:44.501593" level="INFO">Process completed.</msg>
<msg time="2025-05-13T22:47:44.501845" level="INFO">${output} = &lt;result object with rc 1&gt;</msg>
<var>${output}</var>
<arg>adb shell pidof ${APP_PACKAGE}</arg>
<arg>shell=True</arg>
<arg>stdout=STDOUT</arg>
<doc>Runs a process and waits for it to complete.</doc>
<status status="PASS" start="2025-05-13T22:47:44.376224" elapsed="0.125697"/>
</kw>
<kw name="Run Keyword And Return Status" owner="BuiltIn">
<kw name="Should Not Be Empty" owner="BuiltIn">
<msg time="2025-05-13T22:47:44.505150" level="INFO">Length is 0.</msg>
<msg time="2025-05-13T22:47:44.505395" level="FAIL">'' should not be empty.</msg>
<arg>${output.stdout}</arg>
<doc>Verifies that the given item is not empty.</doc>
<status status="FAIL" start="2025-05-13T22:47:44.502989" elapsed="0.002766">'' should not be empty.</status>
</kw>
<msg time="2025-05-13T22:47:44.506047" level="INFO">${status} = False</msg>
<var>${status}</var>
<arg>Should Not Be Empty</arg>
<arg>${output.stdout}</arg>
<doc>Runs the given keyword with given arguments and returns the status as a Boolean value.</doc>
<status status="PASS" start="2025-05-13T22:47:44.502398" elapsed="0.003711"/>
</kw>
<return>
<value>${status}</value>
<status status="PASS" start="2025-05-13T22:47:44.506274" elapsed="0.000123"/>
</return>
<msg time="2025-05-13T22:47:44.506747" level="INFO">${status} = False</msg>
<var>${status}</var>
<doc>Kiểm tra xem ứng dụng MCM có đang chạy không.
- Lệnh `adb shell pidof` được sử dụng để lấy PID của ứng dụng.
- Nếu `output.stdout` không rỗng, ứng dụng đang chạy.
- Trả về `True` nếu ứng dụng đang chạy, ngược lại trả về `False`.</doc>
<status status="PASS" start="2025-05-13T22:47:44.374821" elapsed="0.131986"/>
</kw>
<kw name="Run Keyword If" owner="BuiltIn">
<arg>${status}</arg>
<arg>Close MCM Application</arg>
<doc>Runs the given keyword with the given arguments, if ``condition`` is true.</doc>
<status status="PASS" start="2025-05-13T22:47:44.507279" elapsed="0.000300"/>
</kw>
<kw name="Sleep" owner="BuiltIn">
<msg time="2025-05-13T22:47:46.508377" level="INFO">Slept 2 seconds.</msg>
<arg>2</arg>
<doc>Pauses the test executed for the given time.</doc>
<status status="PASS" start="2025-05-13T22:47:44.507884" elapsed="2.000774"/>
</kw>
<kw name="Open Application" owner="AppiumLibrary">
<arg>${REMOTE_URL}</arg>
<arg>platformName=${PLATFORM_NAME}</arg>
<arg>deviceName=${EMULATOR_DEVICE_NAME}</arg>
<arg>appPackage=${APP_PACKAGE}</arg>
<arg>appActivity=${APP_ACTIVITY}</arg>
<arg>noReset=${NO_RESET}</arg>
<arg>automationName=${AUTOMATION_NAME}</arg>
<doc>Opens a new application to given Appium server.
Capabilities of appium server, Android and iOS,
Please check https://appium.io/docs/en/2.1/cli/args/
| *Option*            | *Man.* | *Description*     |
| remote_url          | Yes    | Appium server url |
| alias               | no     | alias             |
| strict_ssl          | No     | allows you to send commands to an invalid certificate host like a self-signed one. |</doc>
<status status="PASS" start="2025-05-13T22:47:46.509115" elapsed="6.963212"/>
</kw>
<doc>Mở ứng dụng MCM trên thiết bị/emulator.
- Nếu ứng dụng đã chạy trước đó, nó sẽ được đóng trước khi mở lại.
- Sử dụng `Open Application` với các tham số cấu hình từ biến môi trường.</doc>
<status status="PASS" start="2025-05-13T22:47:44.374142" elapsed="9.098465"/>
</kw>
<kw name="Data Driven Testing For Register Feature">
<kw name="Check Register" owner="register_keyword">
<kw name="Reset MCM App" owner="common_keyword">
<kw name="Terminate Application" owner="AppiumLibrary">
<arg>${APP_PACKAGE}</arg>
<doc>Terminate the given app on the device</doc>
<status status="PASS" start="2025-05-13T22:47:53.476358" elapsed="0.405510"/>
</kw>
<kw name="Run Process" owner="Process">
<msg time="2025-05-13T22:47:53.882394" level="INFO">Starting process:
adb shell "pm clear com.example.mcm_mangacollectionmanagement"</msg>
<msg time="2025-05-13T22:47:53.891589" level="INFO">Waiting for process to complete.</msg>
<msg time="2025-05-13T22:47:54.019468" level="INFO">Process completed.</msg>
<arg>adb</arg>
<arg>shell</arg>
<arg>pm clear com.example.mcm_mangacollectionmanagement</arg>
<doc>Runs a process and waits for it to complete.</doc>
<status status="PASS" start="2025-05-13T22:47:53.882165" elapsed="0.137449"/>
</kw>
<doc>Reset ứng dụng MCM về trạng thái mặc định.
- Dừng ứng dụng (`Terminate application`).
- Xóa dữ liệu ứng dụng bằng `adb shell pm clear`.</doc>
<status status="PASS" start="2025-05-13T22:47:53.475512" elapsed="0.544244"/>
</kw>
<kw name="Sleep" owner="BuiltIn">
<msg time="2025-05-13T22:47:57.020397" level="INFO">Slept 3 seconds.</msg>
<arg>3s</arg>
<doc>Pauses the test executed for the given time.</doc>
<status status="PASS" start="2025-05-13T22:47:54.019997" elapsed="3.000618"/>
</kw>
<kw name="Open MCM Application" owner="common_keyword">
<kw name="Check Is App Is Running" owner="common_keyword">
<kw name="Run Process" owner="Process">
<msg time="2025-05-13T22:47:57.022414" level="INFO">Starting process:
adb shell pidof com.example.mcm_mangacollectionmanagement</msg>
<msg time="2025-05-13T22:47:57.030148" level="INFO">Waiting for process to complete.</msg>
<msg time="2025-05-13T22:47:57.135494" level="INFO">Process completed.</msg>
<msg time="2025-05-13T22:47:57.135809" level="INFO">${output} = &lt;result object with rc 1&gt;</msg>
<var>${output}</var>
<arg>adb shell pidof ${APP_PACKAGE}</arg>
<arg>shell=True</arg>
<arg>stdout=STDOUT</arg>
<doc>Runs a process and waits for it to complete.</doc>
<status status="PASS" start="2025-05-13T22:47:57.021806" elapsed="0.114068"/>
</kw>
<kw name="Run Keyword And Return Status" owner="BuiltIn">
<kw name="Should Not Be Empty" owner="BuiltIn">
<msg time="2025-05-13T22:47:57.138995" level="INFO">Length is 0.</msg>
<msg time="2025-05-13T22:47:57.139236" level="FAIL">'' should not be empty.</msg>
<arg>${output.stdout}</arg>
<doc>Verifies that the given item is not empty.</doc>
<status status="FAIL" start="2025-05-13T22:47:57.136807" elapsed="0.002647">'' should not be empty.</status>
</kw>
<msg time="2025-05-13T22:47:57.139679" level="INFO">${status} = False</msg>
<var>${status}</var>
<arg>Should Not Be Empty</arg>
<arg>${output.stdout}</arg>
<doc>Runs the given keyword with given arguments and returns the status as a Boolean value.</doc>
<status status="PASS" start="2025-05-13T22:47:57.136324" elapsed="0.003430"/>
</kw>
<return>
<value>${status}</value>
<status status="PASS" start="2025-05-13T22:47:57.139927" elapsed="0.000093"/>
</return>
<msg time="2025-05-13T22:47:57.140404" level="INFO">${status} = False</msg>
<var>${status}</var>
<doc>Kiểm tra xem ứng dụng MCM có đang chạy không.
- Lệnh `adb shell pidof` được sử dụng để lấy PID của ứng dụng.
- Nếu `output.stdout` không rỗng, ứng dụng đang chạy.
- Trả về `True` nếu ứng dụng đang chạy, ngược lại trả về `False`.</doc>
<status status="PASS" start="2025-05-13T22:47:57.021487" elapsed="0.118975"/>
</kw>
<kw name="Run Keyword If" owner="BuiltIn">
<arg>${status}</arg>
<arg>Close MCM Application</arg>
<doc>Runs the given keyword with the given arguments, if ``condition`` is true.</doc>
<status status="PASS" start="2025-05-13T22:47:57.141182" elapsed="0.000196"/>
</kw>
<kw name="Sleep" owner="BuiltIn">
<msg time="2025-05-13T22:47:59.143933" level="INFO">Slept 2 seconds.</msg>
<arg>2</arg>
<doc>Pauses the test executed for the given time.</doc>
<status status="PASS" start="2025-05-13T22:47:57.141664" elapsed="2.002652"/>
</kw>
<kw name="Open Application" owner="AppiumLibrary">
<arg>${REMOTE_URL}</arg>
<arg>platformName=${PLATFORM_NAME}</arg>
<arg>deviceName=${EMULATOR_DEVICE_NAME}</arg>
<arg>appPackage=${APP_PACKAGE}</arg>
<arg>appActivity=${APP_ACTIVITY}</arg>
<arg>noReset=${NO_RESET}</arg>
<arg>automationName=${AUTOMATION_NAME}</arg>
<doc>Opens a new application to given Appium server.
Capabilities of appium server, Android and iOS,
Please check https://appium.io/docs/en/2.1/cli/args/
| *Option*            | *Man.* | *Description*     |
| remote_url          | Yes    | Appium server url |
| alias               | no     | alias             |
| strict_ssl          | No     | allows you to send commands to an invalid certificate host like a self-signed one. |</doc>
<status status="PASS" start="2025-05-13T22:47:59.145156" elapsed="6.352217"/>
</kw>
<doc>Mở ứng dụng MCM trên thiết bị/emulator.
- Nếu ứng dụng đã chạy trước đó, nó sẽ được đóng trước khi mở lại.
- Sử dụng `Open Application` với các tham số cấu hình từ biến môi trường.</doc>
<status status="PASS" start="2025-05-13T22:47:57.020998" elapsed="8.476588"/>
</kw>
<if>
<branch type="IF" condition="&quot;${type}&quot; == &quot;check_existed&quot;">
<kw name="Create existed user" owner="register_keyword">
<status status="NOT RUN" start="2025-05-13T22:48:05.498264" elapsed="0.000056"/>
</kw>
<status status="NOT RUN" start="2025-05-13T22:48:05.497795" elapsed="0.000586"/>
</branch>
<status status="PASS" start="2025-05-13T22:48:05.497734" elapsed="0.000709"/>
</if>
<kw name="Open MCM Application" owner="common_keyword">
<kw name="Check Is App Is Running" owner="common_keyword">
<kw name="Run Process" owner="Process">
<msg time="2025-05-13T22:48:05.500495" level="INFO">Starting process:
adb shell pidof com.example.mcm_mangacollectionmanagement</msg>
<msg time="2025-05-13T22:48:05.511925" level="INFO">Waiting for process to complete.</msg>
<msg time="2025-05-13T22:48:05.629214" level="INFO">Process completed.</msg>
<msg time="2025-05-13T22:48:05.629497" level="INFO">${output} = &lt;result object with rc 0&gt;</msg>
<var>${output}</var>
<arg>adb shell pidof ${APP_PACKAGE}</arg>
<arg>shell=True</arg>
<arg>stdout=STDOUT</arg>
<doc>Runs a process and waits for it to complete.</doc>
<status status="PASS" start="2025-05-13T22:48:05.499747" elapsed="0.129843"/>
</kw>
<kw name="Run Keyword And Return Status" owner="BuiltIn">
<kw name="Should Not Be Empty" owner="BuiltIn">
<msg time="2025-05-13T22:48:05.645736" level="INFO">Length is 5.</msg>
<arg>${output.stdout}</arg>
<doc>Verifies that the given item is not empty.</doc>
<status status="PASS" start="2025-05-13T22:48:05.630499" elapsed="0.015344"/>
</kw>
<msg time="2025-05-13T22:48:05.646004" level="INFO">${status} = True</msg>
<var>${status}</var>
<arg>Should Not Be Empty</arg>
<arg>${output.stdout}</arg>
<doc>Runs the given keyword with given arguments and returns the status as a Boolean value.</doc>
<status status="PASS" start="2025-05-13T22:48:05.630042" elapsed="0.016009"/>
</kw>
<return>
<value>${status}</value>
<status status="PASS" start="2025-05-13T22:48:05.646145" elapsed="0.000061"/>
</return>
<msg time="2025-05-13T22:48:05.646413" level="INFO">${status} = True</msg>
<var>${status}</var>
<doc>Kiểm tra xem ứng dụng MCM có đang chạy không.
- Lệnh `adb shell pidof` được sử dụng để lấy PID của ứng dụng.
- Nếu `output.stdout` không rỗng, ứng dụng đang chạy.
- Trả về `True` nếu ứng dụng đang chạy, ngược lại trả về `False`.</doc>
<status status="PASS" start="2025-05-13T22:48:05.499233" elapsed="0.147223"/>
</kw>
<kw name="Run Keyword If" owner="BuiltIn">
<kw name="Close MCM Application" owner="common_keyword">
<kw name="Run Process" owner="Process">
<msg time="2025-05-13T22:48:05.647724" level="INFO">Starting process:
adb shell am force-stop com.example.mcm_mangacollectionmanagement</msg>
<msg time="2025-05-13T22:48:05.653571" level="INFO">Waiting for process to complete.</msg>
<msg time="2025-05-13T22:48:05.789692" level="INFO">Process completed.</msg>
<arg>adb</arg>
<arg>shell</arg>
<arg>am</arg>
<arg>force-stop</arg>
<arg>${APP_PACKAGE}</arg>
<doc>Runs a process and waits for it to complete.</doc>
<status status="PASS" start="2025-05-13T22:48:05.647479" elapsed="0.142368"/>
</kw>
<doc>Đóng ứng dụng MCM nếu nó đang chạy.
- Sử dụng lệnh `adb shell am force-stop` để đóng ứng dụng.</doc>
<status status="PASS" start="2025-05-13T22:48:05.647090" elapsed="0.145189"/>
</kw>
<arg>${status}</arg>
<arg>Close MCM Application</arg>
<doc>Runs the given keyword with the given arguments, if ``condition`` is true.</doc>
<status status="PASS" start="2025-05-13T22:48:05.646724" elapsed="0.145711"/>
</kw>
<kw name="Sleep" owner="BuiltIn">
<msg time="2025-05-13T22:48:07.793413" level="INFO">Slept 2 seconds.</msg>
<arg>2</arg>
<doc>Pauses the test executed for the given time.</doc>
<status status="PASS" start="2025-05-13T22:48:05.792676" elapsed="2.000925"/>
</kw>
<kw name="Open Application" owner="AppiumLibrary">
<arg>${REMOTE_URL}</arg>
<arg>platformName=${PLATFORM_NAME}</arg>
<arg>deviceName=${EMULATOR_DEVICE_NAME}</arg>
<arg>appPackage=${APP_PACKAGE}</arg>
<arg>appActivity=${APP_ACTIVITY}</arg>
<arg>noReset=${NO_RESET}</arg>
<arg>automationName=${AUTOMATION_NAME}</arg>
<doc>Opens a new application to given Appium server.
Capabilities of appium server, Android and iOS,
Please check https://appium.io/docs/en/2.1/cli/args/
| *Option*            | *Man.* | *Description*     |
| remote_url          | Yes    | Appium server url |
| alias               | no     | alias             |
| strict_ssl          | No     | allows you to send commands to an invalid certificate host like a self-signed one. |</doc>
<status status="PASS" start="2025-05-13T22:48:07.793927" elapsed="5.959231"/>
</kw>
<doc>Mở ứng dụng MCM trên thiết bị/emulator.
- Nếu ứng dụng đã chạy trước đó, nó sẽ được đóng trước khi mở lại.
- Sử dụng `Open Application` với các tham số cấu hình từ biến môi trường.</doc>
<status status="PASS" start="2025-05-13T22:48:05.498712" elapsed="8.254680"/>
</kw>
<kw name="Register" owner="register_keyword">
<kw name="Wait Until Page Contains Element" owner="AppiumLibrary">
<msg time="2025-05-13T22:48:16.704969" level="INFO">xpath criteria: //android.widget.TextView[@resource-id="com.example.mcm_mangacollectionmanagement:id/txtRegister"]
xpath criteria: //android.widget.TextView[@resource-id="com.example.mcm_mangacollectionmanagement:id/txtRegister"]
xpath criteria: //android.widget.TextView[@resource-id="com.example.mcm_mangacollectionmanagement:id/txtRegister"]
xpath criteria: //android.widget.TextView[@resource-id="com.example.mcm_mangacollectionmanagement:id/txtRegister"]
xpath criteria: //android.widget.TextView[@resource-id="com.example.mcm_mangacollectionmanagement:id/txtRegister"]
xpath criteria: //android.widget.TextView[@resource-id="com.example.mcm_mangacollectionmanagement:id/txtRegister"]</msg>
<arg>${BTN_LOGIN_REGISTER}</arg>
<doc>Waits until element specified with `locator` appears on current page.</doc>
<status status="PASS" start="2025-05-13T22:48:13.754914" elapsed="2.950221"/>
</kw>
<kw name="Click Element" owner="AppiumLibrary">
<msg time="2025-05-13T22:48:16.707478" level="INFO">Clicking element '//android.widget.TextView[@resource-id="com.example.mcm_mangacollectionmanagement:id/txtRegister"]'.</msg>
<msg time="2025-05-13T22:48:16.948876" level="INFO">xpath criteria: //android.widget.TextView[@resource-id="com.example.mcm_mangacollectionmanagement:id/txtRegister"]</msg>
<arg>${BTN_LOGIN_REGISTER}</arg>
<doc>Click element identified by `locator`.</doc>
<status status="PASS" start="2025-05-13T22:48:16.705424" elapsed="0.243590"/>
</kw>
<kw name="Wait Until Page Contains Element" owner="AppiumLibrary">
<msg time="2025-05-13T22:48:17.891076" level="INFO">xpath criteria: //android.widget.EditText[@resource-id="com.example.mcm_mangacollectionmanagement:id/txtRegisterUsername"]
xpath criteria: //android.widget.EditText[@resource-id="com.example.mcm_mangacollectionmanagement:id/txtRegisterUsername"]</msg>
<arg>${EDT_REGISTER_USERNAME}</arg>
<doc>Waits until element specified with `locator` appears on current page.</doc>
<status status="PASS" start="2025-05-13T22:48:16.949415" elapsed="0.941792"/>
</kw>
<kw name="Wait Until Page Contains Element" owner="AppiumLibrary">
<msg time="2025-05-13T22:48:18.032832" level="INFO">xpath criteria: //android.widget.EditText[@resource-id="com.example.mcm_mangacollectionmanagement:id/txtRegisterPassword_1"]</msg>
<arg>${EDT_REGISTER_PASSWORD}</arg>
<doc>Waits until element specified with `locator` appears on current page.</doc>
<status status="PASS" start="2025-05-13T22:48:17.891519" elapsed="0.141449"/>
</kw>
<kw name="Wait Until Page Contains Element" owner="AppiumLibrary">
<msg time="2025-05-13T22:48:18.155165" level="INFO">xpath criteria: //android.widget.EditText[@resource-id="com.example.mcm_mangacollectionmanagement:id/txtRegisterPassword_2"]</msg>
<arg>${EDT_REGISTER_COMFIRM_PASSWORD}</arg>
<doc>Waits until element specified with `locator` appears on current page.</doc>
<status status="PASS" start="2025-05-13T22:48:18.033311" elapsed="0.122020"/>
</kw>
<kw name="Wait Until Page Contains Element" owner="AppiumLibrary">
<msg time="2025-05-13T22:48:18.276593" level="INFO">xpath criteria: //android.widget.EditText[@resource-id="com.example.mcm_mangacollectionmanagement:id/txtRegisterGmail"]</msg>
<arg>${EDT_REGISTER_GMAIL}</arg>
<doc>Waits until element specified with `locator` appears on current page.</doc>
<status status="PASS" start="2025-05-13T22:48:18.155636" elapsed="0.121078"/>
</kw>
<kw name="Input Text" owner="AppiumLibrary">
<msg time="2025-05-13T22:48:18.281416" level="INFO">Typing text 'hi' into text field '//android.widget.EditText[@resource-id="com.example.mcm_mangacollectionmanagement:id/txtRegisterUsername"]'</msg>
<msg time="2025-05-13T22:48:19.260463" level="INFO">xpath criteria: //android.widget.EditText[@resource-id="com.example.mcm_mangacollectionmanagement:id/txtRegisterUsername"]</msg>
<arg>${EDT_REGISTER_USERNAME}</arg>
<arg>${USERNAME}</arg>
<doc>Types the given `text` into text field identified by `locator`.</doc>
<status status="PASS" start="2025-05-13T22:48:18.276999" elapsed="0.983670"/>
</kw>
<kw name="Input Text" owner="AppiumLibrary">
<msg time="2025-05-13T22:48:19.269247" level="INFO">Typing text '12' into text field '//android.widget.EditText[@resource-id="com.example.mcm_mangacollectionmanagement:id/txtRegisterPassword_1"]'</msg>
<msg time="2025-05-13T22:48:20.544355" level="INFO">xpath criteria: //android.widget.EditText[@resource-id="com.example.mcm_mangacollectionmanagement:id/txtRegisterPassword_1"]</msg>
<arg>${EDT_REGISTER_PASSWORD}</arg>
<arg>${PASSWORD1}</arg>
<doc>Types the given `text` into text field identified by `locator`.</doc>
<status status="PASS" start="2025-05-13T22:48:19.260995" elapsed="1.283512"/>
</kw>
<kw name="Input Text" owner="AppiumLibrary">
<msg time="2025-05-13T22:48:20.549699" level="INFO">Typing text '12' into text field '//android.widget.EditText[@resource-id="com.example.mcm_mangacollectionmanagement:id/txtRegisterPassword_2"]'</msg>
<msg time="2025-05-13T22:48:21.765894" level="INFO">xpath criteria: //android.widget.EditText[@resource-id="com.example.mcm_mangacollectionmanagement:id/txtRegisterPassword_2"]</msg>
<arg>${EDT_REGISTER_COMFIRM_PASSWORD}</arg>
<arg>${PASSWORD2}</arg>
<doc>Types the given `text` into text field identified by `locator`.</doc>
<status status="PASS" start="2025-05-13T22:48:20.544825" elapsed="1.221268"/>
</kw>
<kw name="Input Text" owner="AppiumLibrary">
<msg time="2025-05-13T22:48:21.777071" level="INFO">Typing text 'minhhien040804@gmail.com' into text field '//android.widget.EditText[@resource-id="com.example.mcm_mangacollectionmanagement:id/txtRegisterGmail"]'</msg>
<msg time="2025-05-13T22:48:22.989145" level="INFO">xpath criteria: //android.widget.EditText[@resource-id="com.example.mcm_mangacollectionmanagement:id/txtRegisterGmail"]</msg>
<arg>${EDT_REGISTER_GMAIL}</arg>
<arg>${GMAIL}</arg>
<doc>Types the given `text` into text field identified by `locator`.</doc>
<status status="PASS" start="2025-05-13T22:48:21.766675" elapsed="1.222555"/>
</kw>
<kw name="Click Element" owner="AppiumLibrary">
<msg time="2025-05-13T22:48:22.991423" level="INFO">Clicking element '//android.widget.Button[@resource-id="com.example.mcm_mangacollectionmanagement:id/btnRegister"]'.</msg>
<msg time="2025-05-13T22:48:23.778558" level="INFO">xpath criteria: //android.widget.Button[@resource-id="com.example.mcm_mangacollectionmanagement:id/btnRegister"]</msg>
<arg>${BTN_REGISTER_REGISTER}</arg>
<doc>Click element identified by `locator`.</doc>
<status status="PASS" start="2025-05-13T22:48:22.989395" elapsed="0.789294"/>
</kw>
<kw name="Sleep" owner="BuiltIn">
<msg time="2025-05-13T22:48:25.779640" level="INFO">Slept 2 seconds.</msg>
<arg>2s</arg>
<doc>Pauses the test executed for the given time.</doc>
<status status="PASS" start="2025-05-13T22:48:23.778996" elapsed="2.000803"/>
</kw>
<arg>${username}</arg>
<arg>${password1}</arg>
<arg>${password2}</arg>
<arg>${gmail}</arg>
<status status="PASS" start="2025-05-13T22:48:13.753868" elapsed="12.026079"/>
</kw>
<kw name="Verify Notification" owner="notificationall_keyword">
<kw name="Verify Element In Notification Visible" owner="notification_keyword">
<kw name="Wait Until Element Is Visible" owner="AppiumLibrary">
<msg time="2025-05-13T22:48:25.885701" level="INFO">xpath criteria: //android.widget.ImageView[@resource-id="com.example.mcm_mangacollectionmanagement:id/successimage"]</msg>
<arg>${NOTIFY_ICON}</arg>
<doc>Waits until element specified with `locator` is visible.</doc>
<status status="PASS" start="2025-05-13T22:48:25.784164" elapsed="0.101666"/>
</kw>
<kw name="Wait Until Element Is Visible" owner="AppiumLibrary">
<msg time="2025-05-13T22:48:26.022176" level="INFO">xpath criteria: //android.widget.TextView[@resource-id="com.example.mcm_mangacollectionmanagement:id/successtitle"]</msg>
<arg>${TXT_NOTIFY_TITLE}</arg>
<doc>Waits until element specified with `locator` is visible.</doc>
<status status="PASS" start="2025-05-13T22:48:25.886090" elapsed="0.136205"/>
</kw>
<kw name="Wait Until Element Is Visible" owner="AppiumLibrary">
<msg time="2025-05-13T22:48:26.145568" level="INFO">xpath criteria: //android.widget.TextView[@resource-id="com.example.mcm_mangacollectionmanagement:id/successdesc"]</msg>
<arg>${TXT_NOTIFY_CONTENT}</arg>
<doc>Waits until element specified with `locator` is visible.</doc>
<status status="PASS" start="2025-05-13T22:48:26.022473" elapsed="0.123248"/>
</kw>
<kw name="Wait Until Element Is Visible" owner="AppiumLibrary">
<msg time="2025-05-13T22:48:26.290114" level="INFO">xpath criteria: //android.widget.Button[@resource-id="com.example.mcm_mangacollectionmanagement:id/successdone"]</msg>
<arg>${BTN_NOTIFY_OK}</arg>
<doc>Waits until element specified with `locator` is visible.</doc>
<status status="PASS" start="2025-05-13T22:48:26.146107" elapsed="0.144109"/>
</kw>
<kw name="Run Keyword If" owner="BuiltIn">
<arg>"${twoButton}" == "2"</arg>
<arg>Wait until element is visible</arg>
<arg>${BTN_NOTIFY_CANCEL}</arg>
<doc>Runs the given keyword with the given arguments, if ``condition`` is true.</doc>
<status status="PASS" start="2025-05-13T22:48:26.290512" elapsed="0.000290"/>
</kw>
<doc>Từ khóa này đợi cho đến khi các thành phần trong thông báo hiển thị.
- Tham số `${twoButton}` xác định số lượng nút trong thông báo:
- `1`: Thông báo chỉ có một nút.
- `2`: Thông báo có hai nút (OK và Cancel).
- Các thành phần được kiểm tra:
  - Icon thông báo
  - Tiêu đề thông báo
  - Nội dung thông báo
  - Nút OK
  - Nút Cancel (nếu `${twoButton} == 2`)</doc>
<status status="PASS" start="2025-05-13T22:48:25.783848" elapsed="0.507053"/>
</kw>
<kw name="Check Icon In Notification" owner="notification_keyword">
<kw name="Capture Element Screenshot" owner="CaptureElementScreenshot">
<msg time="2025-05-13T22:48:27.186201" level="INFO">${element_screenshot_path} = E:\PythonProject\MFramework\screenshot\current\curr_20250513_224826.png</msg>
<var>${element_screenshot_path}</var>
<arg>${NOTIFY_ICON}</arg>
<status status="PASS" start="2025-05-13T22:48:26.292970" elapsed="0.893331"/>
</kw>
<kw name="Compare Image" owner="compare_image">
<kw name="Create Session" owner="RequestsLibrary">
<msg time="2025-05-13T22:48:27.187948" level="INFO">Creating Session using : alias=compareImage, url=http://127.0.0.1:500, headers={},                     cookies={}, auth=None, timeout=None, proxies=None, verify=False,                     debug=0 </msg>
<arg>compareImage</arg>
<arg>${API_URL}</arg>
<doc>Create Session: create a HTTP session to a server</doc>
<status status="PASS" start="2025-05-13T22:48:27.187647" elapsed="0.005081"/>
</kw>
<kw name="Create Dictionary" owner="BuiltIn">
<msg time="2025-05-13T22:48:27.193838" level="INFO">${para} = {'image_path1': 'E:\\PythonProject\\MFramework\\screenshot\\current\\curr_20250513_224826.png', 'image_path2': 'E:/PythonProject/Mframework/screenshot/baseline/success_notify_icon.png'}</msg>
<var>${para}</var>
<arg>image_path1=${IMAGE_PATH1}</arg>
<arg>image_path2=${IMAGE_PATH2}</arg>
<doc>Creates and returns a dictionary based on the given ``items``.</doc>
<status status="PASS" start="2025-05-13T22:48:27.193062" elapsed="0.000873"/>
</kw>
<kw name="Run Keyword And Ignore Error" owner="BuiltIn">
<kw name="POST On Session" owner="RequestsLibrary">
<msg time="2025-05-13T22:48:27.408904" level="INFO">POST Request : url=http://127.0.0.1:500/compare_using_pixelmatch 
 path_url=/compare_using_pixelmatch 
 headers={'User-Agent': 'python-requests/2.32.3', 'Accept-Encoding': 'gzip, deflate', 'Accept': '*/*', 'Connection': 'keep-alive', 'Content-Length': '185', 'Content-Type': 'application/json'} 
 body=b'{"image_path1": "E:\\\\PythonProject\\\\MFramework\\\\screenshot\\\\current\\\\curr_20250513_224826.png", "image_path2": "E:/PythonProject/Mframework/screenshot/baseline/success_notify_icon.png"}' 
 </msg>
<msg time="2025-05-13T22:48:27.409100" level="INFO">POST Response : url=http://127.0.0.1:500/compare_using_pixelmatch 
 status=200, reason=OK 
 headers={'Server': 'Werkzeug/3.1.3 Python/3.13.1', 'Date': 'Tue, 13 May 2025 15:48:27 GMT', 'Content-Type': 'application/json', 'Content-Length': '285', 'Connection': 'close'} 
 body={"Color_Details":{"Hue Change":"0.00%","Saturation Change":"0.00%","Value Change":"89.65%"},"Differences":["Hai h\u00ecnh \u1ea3nh gi\u1ed1ng nhau nh\u01b0ng gi\u1eefa hai h\u00ecnh \u1ea3nh c\u00f3 s\u1ef1 kh\u00e1c nhau v\u1ec1 m\u00e0u s\u1eafc"],"Similarity_Percent":97.802734375}
 
 </msg>
<arg>compareImage</arg>
<arg>${METHOD}</arg>
<arg>json=${para}</arg>
<doc>Sends a POST request on a previously created HTTP Session.</doc>
<status status="PASS" start="2025-05-13T22:48:27.194782" elapsed="0.214458"/>
</kw>
<msg time="2025-05-13T22:48:27.409448" level="INFO">${status} = PASS</msg>
<msg time="2025-05-13T22:48:27.409527" level="INFO">${response} = &lt;Response [200]&gt;</msg>
<var>${status}</var>
<var>${response}</var>
<arg>POST On Session</arg>
<arg>compareImage</arg>
<arg>${METHOD}</arg>
<arg>json=${para}</arg>
<doc>Runs the given keyword with the given arguments and ignores possible error.</doc>
<status status="PASS" start="2025-05-13T22:48:27.194339" elapsed="0.215233"/>
</kw>
<kw name="Run Keyword If" owner="BuiltIn">
<arg>'${status}' == 'FAIL'</arg>
<arg>Get Latest File By Modified Time</arg>
<doc>Runs the given keyword with the given arguments, if ``condition`` is true.</doc>
<status status="PASS" start="2025-05-13T22:48:27.409874" elapsed="0.004271"/>
</kw>
<kw name="Log" owner="BuiltIn">
<msg time="2025-05-13T22:48:27.414958" level="INFO" html="true">&lt;Response [200]&gt;</msg>
<arg>${response}</arg>
<arg>html=True</arg>
<doc>Logs the given message with the given level.</doc>
<status status="PASS" start="2025-05-13T22:48:27.414484" elapsed="0.000573"/>
</kw>
<kw name="Should Be Equal As Strings" owner="BuiltIn">
<arg>${status}</arg>
<arg>PASS</arg>
<doc>Fails if objects are unequal after converting them to strings.</doc>
<status status="PASS" start="2025-05-13T22:48:27.415303" elapsed="0.000275"/>
</kw>
<msg time="2025-05-13T22:48:27.415695" level="INFO">${result} = None</msg>
<var>${result}</var>
<arg>${element_screenshot_path}</arg>
<arg>${expected_icon_link}</arg>
<status status="PASS" start="2025-05-13T22:48:27.186727" elapsed="0.229017"/>
</kw>
<return>
<value>${result}</value>
<status status="PASS" start="2025-05-13T22:48:27.415848" elapsed="0.000065"/>
</return>
<arg>${icon}</arg>
<doc>Từ khóa này kiểm tra xem icon của thông báo có khớp với icon mong đợi hay không.
- Tham số `${expected_icon_link}`: Đường dẫn hoặc hình ảnh icon mẫu.
- Chụp ảnh icon hiện tại và so sánh với icon mẫu.
- Trả về kết quả so sánh (`True` hoặc `False`).</doc>
<status status="PASS" start="2025-05-13T22:48:26.292563" elapsed="1.123536"/>
</kw>
<kw name="Check Title In Notification" owner="notification_keyword">
<kw name="Get Title In Notification" owner="notification_keyword">
<kw name="Wait Until Page Contains Element" owner="AppiumLibrary">
<msg time="2025-05-13T22:48:27.462973" level="INFO">xpath criteria: //android.widget.TextView[@resource-id="com.example.mcm_mangacollectionmanagement:id/successtitle"]</msg>
<arg>${TXT_NOTIFY_TITLE}</arg>
<doc>Waits until element specified with `locator` appears on current page.</doc>
<status status="PASS" start="2025-05-13T22:48:27.418417" elapsed="0.044646"/>
</kw>
<kw name="Get Text" owner="AppiumLibrary">
<msg time="2025-05-13T22:48:27.682401" level="INFO">Element '//android.widget.TextView[@resource-id="com.example.mcm_mangacollectionmanagement:id/successtitle"]' text is 'Thông báo' </msg>
<msg time="2025-05-13T22:48:27.682545" level="INFO">xpath criteria: //android.widget.TextView[@resource-id="com.example.mcm_mangacollectionmanagement:id/successtitle"]</msg>
<msg time="2025-05-13T22:48:27.682694" level="INFO">${title} = Thông báo</msg>
<var>${title}</var>
<arg>${TXT_NOTIFY_TITLE}</arg>
<doc>Get element text (for hybrid and mobile browser use `xpath` locator, others might cause problem)</doc>
<status status="PASS" start="2025-05-13T22:48:27.463244" elapsed="0.219504"/>
</kw>
<return>
<value>${title}</value>
<status status="PASS" start="2025-05-13T22:48:27.682866" elapsed="0.000089"/>
</return>
<msg time="2025-05-13T22:48:27.683261" level="INFO">${actual} = Thông báo</msg>
<var>${actual}</var>
<doc>Từ khóa này lấy tiêu đề của thông báo.
- Đợi cho đến khi phần tử tiêu đề xuất hiện.
- Trả về tiêu đề của thông báo dưới dạng chuỗi.</doc>
<status status="PASS" start="2025-05-13T22:48:27.417913" elapsed="0.265425"/>
</kw>
<kw name="Should Contain" owner="BuiltIn">
<arg>${actual}</arg>
<arg>${expected}</arg>
<doc>Fails if ``container`` does not contain ``item`` one or more times.</doc>
<status status="PASS" start="2025-05-13T22:48:27.683706" elapsed="0.000409"/>
</kw>
<arg>${title}</arg>
<doc>Từ khóa này kiểm tra tiêu đề của thông báo có chứa nội dung mong đợi hay không.
- Tham số `${expected}`: Chuỗi tiêu đề mong đợi.
- So sánh tiêu đề thực tế với tiêu đề mong đợi.</doc>
<status status="PASS" start="2025-05-13T22:48:27.417396" elapsed="0.266891"/>
</kw>
<kw name="Check Content In Notification" owner="notification_keyword">
<kw name="Get Content In Notification" owner="notification_keyword">
<kw name="Wait Until Page Contains Element" owner="AppiumLibrary">
<msg time="2025-05-13T22:48:27.769086" level="INFO">xpath criteria: //android.widget.TextView[@resource-id="com.example.mcm_mangacollectionmanagement:id/successdesc"]</msg>
<arg>${TXT_NOTIFY_CONTENT}</arg>
<doc>Waits until element specified with `locator` appears on current page.</doc>
<status status="PASS" start="2025-05-13T22:48:27.688941" elapsed="0.080484"/>
</kw>
<kw name="Get Text" owner="AppiumLibrary">
<msg time="2025-05-13T22:48:27.935014" level="INFO">Element '//android.widget.TextView[@resource-id="com.example.mcm_mangacollectionmanagement:id/successdesc"]' text is 'Đăng kí thành công' </msg>
<msg time="2025-05-13T22:48:27.935101" level="INFO">xpath criteria: //android.widget.TextView[@resource-id="com.example.mcm_mangacollectionmanagement:id/successdesc"]</msg>
<msg time="2025-05-13T22:48:27.935186" level="INFO">${content} = Đăng kí thành công</msg>
<var>${content}</var>
<arg>${TXT_NOTIFY_CONTENT}</arg>
<doc>Get element text (for hybrid and mobile browser use `xpath` locator, others might cause problem)</doc>
<status status="PASS" start="2025-05-13T22:48:27.769764" elapsed="0.165451"/>
</kw>
<return>
<value>${content}</value>
<status status="PASS" start="2025-05-13T22:48:27.935287" elapsed="0.000045"/>
</return>
<msg time="2025-05-13T22:48:27.935467" level="INFO">${actual} = Đăng kí thành công</msg>
<var>${actual}</var>
<doc>Từ khóa này lấy nội dung hiển thị trong thông báo.
- Đợi cho đến khi phần tử nội dung thông báo xuất hiện.
- Trả về nội dung của thông báo dưới dạng chuỗi.</doc>
<status status="PASS" start="2025-05-13T22:48:27.688283" elapsed="0.247213"/>
</kw>
<kw name="Should Contain" owner="BuiltIn">
<arg>${actual}</arg>
<arg>${expected}</arg>
<doc>Fails if ``container`` does not contain ``item`` one or more times.</doc>
<status status="PASS" start="2025-05-13T22:48:27.935652" elapsed="0.000180"/>
</kw>
<arg>${content}</arg>
<doc>Từ khóa này kiểm tra nội dung của thông báo có chứa giá trị mong đợi hay không.
- Tham số `${expected}`: Chuỗi nội dung mong đợi.
- So sánh nội dung thực tế với nội dung mong đợi.</doc>
<status status="PASS" start="2025-05-13T22:48:27.687316" elapsed="0.248584"/>
</kw>
<kw name="Click OK In Notification" owner="notification_keyword">
<kw name="Wait Until Page Contains Element" owner="AppiumLibrary">
<msg time="2025-05-13T22:48:28.026297" level="INFO">xpath criteria: //android.widget.Button[@resource-id="com.example.mcm_mangacollectionmanagement:id/successdone"]</msg>
<arg>${BTN_NOTIFY_OK}</arg>
<doc>Waits until element specified with `locator` appears on current page.</doc>
<status status="PASS" start="2025-05-13T22:48:27.937127" elapsed="0.089307"/>
</kw>
<kw name="Click Element" owner="AppiumLibrary">
<msg time="2025-05-13T22:48:28.032426" level="INFO">Clicking element '//android.widget.Button[@resource-id="com.example.mcm_mangacollectionmanagement:id/successdone"]'.</msg>
<msg time="2025-05-13T22:48:28.236826" level="INFO">xpath criteria: //android.widget.Button[@resource-id="com.example.mcm_mangacollectionmanagement:id/successdone"]</msg>
<arg>${BTN_NOTIFY_OK}</arg>
<doc>Click element identified by `locator`.</doc>
<status status="PASS" start="2025-05-13T22:48:28.026803" elapsed="0.210258"/>
</kw>
<doc>Từ khóa này nhấn vào nút OK trong thông báo.</doc>
<status status="PASS" start="2025-05-13T22:48:27.936530" elapsed="0.300734"/>
</kw>
<kw name="Verify Element In Notification Not Visible" owner="notification_keyword">
<kw name="Page Should Not Contain Element" owner="AppiumLibrary">
<msg time="2025-05-13T22:48:29.247401" level="INFO">Current page not contains element '//android.widget.ImageView[@resource-id="com.example.mcm_mangacollectionmanagement:id/successimage"]'.</msg>
<msg time="2025-05-13T22:48:29.247510" level="INFO">xpath criteria: //android.widget.ImageView[@resource-id="com.example.mcm_mangacollectionmanagement:id/successimage"]</msg>
<arg>${NOTIFY_ICON}</arg>
<doc>Verifies that current page not contains `locator` element.</doc>
<status status="PASS" start="2025-05-13T22:48:28.243128" elapsed="1.004463"/>
</kw>
<kw name="Page Should Not Contain Element" owner="AppiumLibrary">
<msg time="2025-05-13T22:48:29.342081" level="INFO">Current page not contains element '//android.widget.TextView[@resource-id="com.example.mcm_mangacollectionmanagement:id/successtitle"]'.</msg>
<msg time="2025-05-13T22:48:29.342219" level="INFO">xpath criteria: //android.widget.TextView[@resource-id="com.example.mcm_mangacollectionmanagement:id/successtitle"]</msg>
<arg>${TXT_NOTIFY_TITLE}</arg>
<doc>Verifies that current page not contains `locator` element.</doc>
<status status="PASS" start="2025-05-13T22:48:29.247860" elapsed="0.094466"/>
</kw>
<kw name="Page Should Not Contain Element" owner="AppiumLibrary">
<msg time="2025-05-13T22:48:29.418707" level="INFO">Current page not contains element '//android.widget.TextView[@resource-id="com.example.mcm_mangacollectionmanagement:id/successdesc"]'.</msg>
<msg time="2025-05-13T22:48:29.418825" level="INFO">xpath criteria: //android.widget.TextView[@resource-id="com.example.mcm_mangacollectionmanagement:id/successdesc"]</msg>
<arg>${TXT_NOTIFY_CONTENT}</arg>
<doc>Verifies that current page not contains `locator` element.</doc>
<status status="PASS" start="2025-05-13T22:48:29.342648" elapsed="0.076269"/>
</kw>
<kw name="Page Should Not Contain Element" owner="AppiumLibrary">
<msg time="2025-05-13T22:48:29.489947" level="INFO">Current page not contains element '//android.widget.Button[@resource-id="com.example.mcm_mangacollectionmanagement:id/successdone"]'.</msg>
<msg time="2025-05-13T22:48:29.490053" level="INFO">xpath criteria: //android.widget.Button[@resource-id="com.example.mcm_mangacollectionmanagement:id/successdone"]</msg>
<arg>${BTN_NOTIFY_OK}</arg>
<doc>Verifies that current page not contains `locator` element.</doc>
<status status="PASS" start="2025-05-13T22:48:29.419270" elapsed="0.070854"/>
</kw>
<kw name="Run Keyword If" owner="BuiltIn">
<arg>"${twoButton}" == "2"</arg>
<arg>Page should not contain element</arg>
<arg>${BTN_NOTIFY_CANCEL}</arg>
<doc>Runs the given keyword with the given arguments, if ``condition`` is true.</doc>
<status status="PASS" start="2025-05-13T22:48:29.490389" elapsed="0.000274"/>
</kw>
<doc>Từ khóa này kiểm tra rằng tất cả các thành phần của thông báo không hiển thị trên màn hình.
- Tham số `${twoButton}` xác định số lượng nút trong thông báo:
  - `1`: Chỉ có một nút (OK).
  - `2`: Có hai nút (OK và Cancel).
- Các phần tử cần kiểm tra:
  - Icon thông báo
  - Tiêu đề thông báo
  - Nội dung thông báo
  - Nút OK
  - Nút Cancel (nếu `${twoButton} == 2`)</doc>
<status status="PASS" start="2025-05-13T22:48:28.242410" elapsed="1.248366"/>
</kw>
<arg>${icon}</arg>
<arg>${notif_title}</arg>
<arg>${notif_content}</arg>
<status status="PASS" start="2025-05-13T22:48:25.780313" elapsed="3.710559"/>
</kw>
<kw name="Run Keyword If" owner="BuiltIn">
<kw name="Page Should Contain Element" owner="AppiumLibrary">
<msg time="2025-05-13T22:48:29.577661" level="INFO">Current page contains element '//android.widget.TextView[@resource-id="com.example.mcm_mangacollectionmanagement:id/textView2"]'.</msg>
<msg time="2025-05-13T22:48:29.577767" level="INFO">xpath criteria: //android.widget.TextView[@resource-id="com.example.mcm_mangacollectionmanagement:id/textView2"]</msg>
<arg>${LOGIN_PAGE_TITLE}</arg>
<doc>Verifies that current page contains `locator` element.</doc>
<status status="PASS" start="2025-05-13T22:48:29.491431" elapsed="0.086410"/>
</kw>
<arg>"${type}" == "success"</arg>
<arg>Page should contain element</arg>
<arg>${LOGIN_PAGE_TITLE}</arg>
<doc>Runs the given keyword with the given arguments, if ``condition`` is true.</doc>
<status status="PASS" start="2025-05-13T22:48:29.491083" elapsed="0.086857"/>
</kw>
<arg>${username}</arg>
<arg>${password1}</arg>
<arg>${password2}</arg>
<arg>${gmail}</arg>
<arg>${notif_title}</arg>
<arg>${notif_content}</arg>
<arg>${icon}</arg>
<arg>${type}</arg>
<status status="PASS" start="2025-05-13T22:47:53.474108" elapsed="36.103939"/>
</kw>
<arg>username=hi</arg>
<arg>password1=12</arg>
<arg>password2=12</arg>
<arg>gmail=minhhien040804@gmail.com</arg>
<arg>notif_title=Thông báo</arg>
<arg>notif_content=Đăng kí thành công</arg>
<arg>icon=E:/PythonProject/Mframework/screenshot/baseline/success_notify_icon.png</arg>
<arg>type=success</arg>
<status status="PASS" start="2025-05-13T22:47:53.472974" elapsed="36.105200"/>
</kw>
<kw name="Close MCM Application" owner="common_keyword" type="TEARDOWN">
<kw name="Run Process" owner="Process">
<msg time="2025-05-13T22:48:29.579483" level="INFO">Starting process:
adb shell am force-stop com.example.mcm_mangacollectionmanagement</msg>
<msg time="2025-05-13T22:48:29.585156" level="INFO">Waiting for process to complete.</msg>
<msg time="2025-05-13T22:48:29.725203" level="INFO">Process completed.</msg>
<arg>adb</arg>
<arg>shell</arg>
<arg>am</arg>
<arg>force-stop</arg>
<arg>${APP_PACKAGE}</arg>
<doc>Runs a process and waits for it to complete.</doc>
<status status="PASS" start="2025-05-13T22:48:29.579227" elapsed="0.146100"/>
</kw>
<doc>Đóng ứng dụng MCM nếu nó đang chạy.
- Sử dụng lệnh `adb shell am force-stop` để đóng ứng dụng.</doc>
<status status="PASS" start="2025-05-13T22:48:29.578756" elapsed="0.146741"/>
</kw>
<status status="PASS" start="2025-05-13T22:47:44.371468" elapsed="45.354111"/>
</test>
<test id="s1-t2" name="Using data driven testing using hi and 1 and 1 and minhhien040804@gmail.com and Thông báo and Đăng kí thành công and E:/PythonProject/Mframework/screenshot/baseline/success_notify_icon.png and success" line="14">
<kw name="Open MCM Application" owner="common_keyword" type="SETUP">
<kw name="Check Is App Is Running" owner="common_keyword">
<kw name="Run Process" owner="Process">
<msg time="2025-05-13T22:48:29.730221" level="INFO">Starting process:
adb shell pidof com.example.mcm_mangacollectionmanagement</msg>
<msg time="2025-05-13T22:48:29.740210" level="INFO">Waiting for process to complete.</msg>
<msg time="2025-05-13T22:48:29.910940" level="INFO">Process completed.</msg>
<msg time="2025-05-13T22:48:29.911179" level="INFO">${output} = &lt;result object with rc 1&gt;</msg>
<var>${output}</var>
<arg>adb shell pidof ${APP_PACKAGE}</arg>
<arg>shell=True</arg>
<arg>stdout=STDOUT</arg>
<doc>Runs a process and waits for it to complete.</doc>
<status status="PASS" start="2025-05-13T22:48:29.729500" elapsed="0.182070"/>
</kw>
<kw name="Run Keyword And Return Status" owner="BuiltIn">
<kw name="Should Not Be Empty" owner="BuiltIn">
<msg time="2025-05-13T22:48:29.913983" level="INFO">Length is 0.</msg>
<msg time="2025-05-13T22:48:29.914730" level="FAIL">'' should not be empty.</msg>
<arg>${output.stdout}</arg>
<doc>Verifies that the given item is not empty.</doc>
<status status="FAIL" start="2025-05-13T22:48:29.912389" elapsed="0.002478">'' should not be empty.</status>
</kw>
<msg time="2025-05-13T22:48:29.915043" level="INFO">${status} = False</msg>
<var>${status}</var>
<arg>Should Not Be Empty</arg>
<arg>${output.stdout}</arg>
<doc>Runs the given keyword with given arguments and returns the status as a Boolean value.</doc>
<status status="PASS" start="2025-05-13T22:48:29.911983" elapsed="0.003106"/>
</kw>
<return>
<value>${status}</value>
<status status="PASS" start="2025-05-13T22:48:29.915191" elapsed="0.000062"/>
</return>
<msg time="2025-05-13T22:48:29.915503" level="INFO">${status} = False</msg>
<var>${status}</var>
<doc>Kiểm tra xem ứng dụng MCM có đang chạy không.
- Lệnh `adb shell pidof` được sử dụng để lấy PID của ứng dụng.
- Nếu `output.stdout` không rỗng, ứng dụng đang chạy.
- Trả về `True` nếu ứng dụng đang chạy, ngược lại trả về `False`.</doc>
<status status="PASS" start="2025-05-13T22:48:29.729033" elapsed="0.186519"/>
</kw>
<kw name="Run Keyword If" owner="BuiltIn">
<arg>${status}</arg>
<arg>Close MCM Application</arg>
<doc>Runs the given keyword with the given arguments, if ``condition`` is true.</doc>
<status status="PASS" start="2025-05-13T22:48:29.915821" elapsed="0.000201"/>
</kw>
<kw name="Sleep" owner="BuiltIn">
<msg time="2025-05-13T22:48:31.917238" level="INFO">Slept 2 seconds.</msg>
<arg>2</arg>
<doc>Pauses the test executed for the given time.</doc>
<status status="PASS" start="2025-05-13T22:48:29.916724" elapsed="2.000716"/>
</kw>
<kw name="Open Application" owner="AppiumLibrary">
<arg>${REMOTE_URL}</arg>
<arg>platformName=${PLATFORM_NAME}</arg>
<arg>deviceName=${EMULATOR_DEVICE_NAME}</arg>
<arg>appPackage=${APP_PACKAGE}</arg>
<arg>appActivity=${APP_ACTIVITY}</arg>
<arg>noReset=${NO_RESET}</arg>
<arg>automationName=${AUTOMATION_NAME}</arg>
<doc>Opens a new application to given Appium server.
Capabilities of appium server, Android and iOS,
Please check https://appium.io/docs/en/2.1/cli/args/
| *Option*            | *Man.* | *Description*     |
| remote_url          | Yes    | Appium server url |
| alias               | no     | alias             |
| strict_ssl          | No     | allows you to send commands to an invalid certificate host like a self-signed one. |</doc>
<status status="PASS" start="2025-05-13T22:48:31.917850" elapsed="6.066251"/>
</kw>
<doc>Mở ứng dụng MCM trên thiết bị/emulator.
- Nếu ứng dụng đã chạy trước đó, nó sẽ được đóng trước khi mở lại.
- Sử dụng `Open Application` với các tham số cấu hình từ biến môi trường.</doc>
<status status="PASS" start="2025-05-13T22:48:29.728447" elapsed="8.255847"/>
</kw>
<kw name="Data Driven Testing For Register Feature">
<kw name="Check Register" owner="register_keyword">
<kw name="Reset MCM App" owner="common_keyword">
<kw name="Terminate Application" owner="AppiumLibrary">
<arg>${APP_PACKAGE}</arg>
<doc>Terminate the given app on the device</doc>
<status status="PASS" start="2025-05-13T22:48:37.988871" elapsed="0.549767"/>
</kw>
<kw name="Run Process" owner="Process">
<msg time="2025-05-13T22:48:38.539459" level="INFO">Starting process:
adb shell "pm clear com.example.mcm_mangacollectionmanagement"</msg>
<msg time="2025-05-13T22:48:38.546164" level="INFO">Waiting for process to complete.</msg>
<msg time="2025-05-13T22:48:38.697004" level="INFO">Process completed.</msg>
<arg>adb</arg>
<arg>shell</arg>
<arg>pm clear com.example.mcm_mangacollectionmanagement</arg>
<doc>Runs a process and waits for it to complete.</doc>
<status status="PASS" start="2025-05-13T22:48:38.539166" elapsed="0.158000"/>
</kw>
<doc>Reset ứng dụng MCM về trạng thái mặc định.
- Dừng ứng dụng (`Terminate application`).
- Xóa dữ liệu ứng dụng bằng `adb shell pm clear`.</doc>
<status status="PASS" start="2025-05-13T22:48:37.987944" elapsed="0.709382"/>
</kw>
<kw name="Sleep" owner="BuiltIn">
<msg time="2025-05-13T22:48:41.698200" level="INFO">Slept 3 seconds.</msg>
<arg>3s</arg>
<doc>Pauses the test executed for the given time.</doc>
<status status="PASS" start="2025-05-13T22:48:38.697612" elapsed="3.000696"/>
</kw>
<kw name="Open MCM Application" owner="common_keyword">
<kw name="Check Is App Is Running" owner="common_keyword">
<kw name="Run Process" owner="Process">
<msg time="2025-05-13T22:48:41.699959" level="INFO">Starting process:
adb shell pidof com.example.mcm_mangacollectionmanagement</msg>
<msg time="2025-05-13T22:48:41.709563" level="INFO">Waiting for process to complete.</msg>
<msg time="2025-05-13T22:48:41.787791" level="INFO">Process completed.</msg>
<msg time="2025-05-13T22:48:41.787949" level="INFO">${output} = &lt;result object with rc 1&gt;</msg>
<var>${output}</var>
<arg>adb shell pidof ${APP_PACKAGE}</arg>
<arg>shell=True</arg>
<arg>stdout=STDOUT</arg>
<doc>Runs a process and waits for it to complete.</doc>
<status status="PASS" start="2025-05-13T22:48:41.699357" elapsed="0.088625"/>
</kw>
<kw name="Run Keyword And Return Status" owner="BuiltIn">
<kw name="Should Not Be Empty" owner="BuiltIn">
<msg time="2025-05-13T22:48:41.789443" level="INFO">Length is 0.</msg>
<msg time="2025-05-13T22:48:41.789548" level="FAIL">'' should not be empty.</msg>
<arg>${output.stdout}</arg>
<doc>Verifies that the given item is not empty.</doc>
<status status="FAIL" start="2025-05-13T22:48:41.788397" elapsed="0.001298">'' should not be empty.</status>
</kw>
<msg time="2025-05-13T22:48:41.789810" level="INFO">${status} = False</msg>
<var>${status}</var>
<arg>Should Not Be Empty</arg>
<arg>${output.stdout}</arg>
<doc>Runs the given keyword with given arguments and returns the status as a Boolean value.</doc>
<status status="PASS" start="2025-05-13T22:48:41.788195" elapsed="0.001642"/>
</kw>
<return>
<value>${status}</value>
<status status="PASS" start="2025-05-13T22:48:41.789896" elapsed="0.000038"/>
</return>
<msg time="2025-05-13T22:48:41.790067" level="INFO">${status} = False</msg>
<var>${status}</var>
<doc>Kiểm tra xem ứng dụng MCM có đang chạy không.
- Lệnh `adb shell pidof` được sử dụng để lấy PID của ứng dụng.
- Nếu `output.stdout` không rỗng, ứng dụng đang chạy.
- Trả về `True` nếu ứng dụng đang chạy, ngược lại trả về `False`.</doc>
<status status="PASS" start="2025-05-13T22:48:41.698990" elapsed="0.091105"/>
</kw>
<kw name="Run Keyword If" owner="BuiltIn">
<arg>${status}</arg>
<arg>Close MCM Application</arg>
<doc>Runs the given keyword with the given arguments, if ``condition`` is true.</doc>
<status status="PASS" start="2025-05-13T22:48:41.790320" elapsed="0.000129"/>
</kw>
<kw name="Sleep" owner="BuiltIn">
<msg time="2025-05-13T22:48:43.791004" level="INFO">Slept 2 seconds.</msg>
<arg>2</arg>
<doc>Pauses the test executed for the given time.</doc>
<status status="PASS" start="2025-05-13T22:48:41.790571" elapsed="2.000582"/>
</kw>
<kw name="Open Application" owner="AppiumLibrary">
<arg>${REMOTE_URL}</arg>
<arg>platformName=${PLATFORM_NAME}</arg>
<arg>deviceName=${EMULATOR_DEVICE_NAME}</arg>
<arg>appPackage=${APP_PACKAGE}</arg>
<arg>appActivity=${APP_ACTIVITY}</arg>
<arg>noReset=${NO_RESET}</arg>
<arg>automationName=${AUTOMATION_NAME}</arg>
<doc>Opens a new application to given Appium server.
Capabilities of appium server, Android and iOS,
Please check https://appium.io/docs/en/2.1/cli/args/
| *Option*            | *Man.* | *Description*     |
| remote_url          | Yes    | Appium server url |
| alias               | no     | alias             |
| strict_ssl          | No     | allows you to send commands to an invalid certificate host like a self-signed one. |</doc>
<status status="PASS" start="2025-05-13T22:48:43.791415" elapsed="6.802505"/>
</kw>
<doc>Mở ứng dụng MCM trên thiết bị/emulator.
- Nếu ứng dụng đã chạy trước đó, nó sẽ được đóng trước khi mở lại.
- Sử dụng `Open Application` với các tham số cấu hình từ biến môi trường.</doc>
<status status="PASS" start="2025-05-13T22:48:41.698593" elapsed="8.895522"/>
</kw>
<if>
<branch type="IF" condition="&quot;${type}&quot; == &quot;check_existed&quot;">
<kw name="Create existed user" owner="register_keyword">
<status status="NOT RUN" start="2025-05-13T22:48:50.595030" elapsed="0.000261"/>
</kw>
<status status="NOT RUN" start="2025-05-13T22:48:50.594328" elapsed="0.001292"/>
</branch>
<status status="PASS" start="2025-05-13T22:48:50.594270" elapsed="0.001654"/>
</if>
<kw name="Open MCM Application" owner="common_keyword">
<kw name="Check Is App Is Running" owner="common_keyword">
<kw name="Run Process" owner="Process">
<msg time="2025-05-13T22:48:50.599559" level="INFO">Starting process:
adb shell pidof com.example.mcm_mangacollectionmanagement</msg>
<msg time="2025-05-13T22:48:50.609745" level="INFO">Waiting for process to complete.</msg>
<msg time="2025-05-13T22:48:50.706099" level="INFO">Process completed.</msg>
<msg time="2025-05-13T22:48:50.706318" level="INFO">${output} = &lt;result object with rc 0&gt;</msg>
<var>${output}</var>
<arg>adb shell pidof ${APP_PACKAGE}</arg>
<arg>shell=True</arg>
<arg>stdout=STDOUT</arg>
<doc>Runs a process and waits for it to complete.</doc>
<status status="PASS" start="2025-05-13T22:48:50.598663" elapsed="0.107702"/>
</kw>
<kw name="Run Keyword And Return Status" owner="BuiltIn">
<kw name="Should Not Be Empty" owner="BuiltIn">
<msg time="2025-05-13T22:48:50.717077" level="INFO">Length is 5.</msg>
<arg>${output.stdout}</arg>
<doc>Verifies that the given item is not empty.</doc>
<status status="PASS" start="2025-05-13T22:48:50.706913" elapsed="0.010247"/>
</kw>
<msg time="2025-05-13T22:48:50.717298" level="INFO">${status} = True</msg>
<var>${status}</var>
<arg>Should Not Be Empty</arg>
<arg>${output.stdout}</arg>
<doc>Runs the given keyword with given arguments and returns the status as a Boolean value.</doc>
<status status="PASS" start="2025-05-13T22:48:50.706678" elapsed="0.010678"/>
</kw>
<return>
<value>${status}</value>
<status status="PASS" start="2025-05-13T22:48:50.717434" elapsed="0.000049"/>
</return>
<msg time="2025-05-13T22:48:50.717662" level="INFO">${status} = True</msg>
<var>${status}</var>
<doc>Kiểm tra xem ứng dụng MCM có đang chạy không.
- Lệnh `adb shell pidof` được sử dụng để lấy PID của ứng dụng.
- Nếu `output.stdout` không rỗng, ứng dụng đang chạy.
- Trả về `True` nếu ứng dụng đang chạy, ngược lại trả về `False`.</doc>
<status status="PASS" start="2025-05-13T22:48:50.597860" elapsed="0.119865"/>
</kw>
<kw name="Run Keyword If" owner="BuiltIn">
<kw name="Close MCM Application" owner="common_keyword">
<kw name="Run Process" owner="Process">
<msg time="2025-05-13T22:48:50.718876" level="INFO">Starting process:
adb shell am force-stop com.example.mcm_mangacollectionmanagement</msg>
<msg time="2025-05-13T22:48:50.723000" level="INFO">Waiting for process to complete.</msg>
<msg time="2025-05-13T22:48:50.854350" level="INFO">Process completed.</msg>
<arg>adb</arg>
<arg>shell</arg>
<arg>am</arg>
<arg>force-stop</arg>
<arg>${APP_PACKAGE}</arg>
<doc>Runs a process and waits for it to complete.</doc>
<status status="PASS" start="2025-05-13T22:48:50.718712" elapsed="0.135788"/>
</kw>
<doc>Đóng ứng dụng MCM nếu nó đang chạy.
- Sử dụng lệnh `adb shell am force-stop` để đóng ứng dụng.</doc>
<status status="PASS" start="2025-05-13T22:48:50.718436" elapsed="0.136206"/>
</kw>
<arg>${status}</arg>
<arg>Close MCM Application</arg>
<doc>Runs the given keyword with the given arguments, if ``condition`` is true.</doc>
<status status="PASS" start="2025-05-13T22:48:50.718072" elapsed="0.136655"/>
</kw>
<kw name="Sleep" owner="BuiltIn">
<msg time="2025-05-13T22:48:52.855646" level="INFO">Slept 2 seconds.</msg>
<arg>2</arg>
<doc>Pauses the test executed for the given time.</doc>
<status status="PASS" start="2025-05-13T22:48:50.854969" elapsed="2.001037"/>
</kw>
<kw name="Open Application" owner="AppiumLibrary">
<arg>${REMOTE_URL}</arg>
<arg>platformName=${PLATFORM_NAME}</arg>
<arg>deviceName=${EMULATOR_DEVICE_NAME}</arg>
<arg>appPackage=${APP_PACKAGE}</arg>
<arg>appActivity=${APP_ACTIVITY}</arg>
<arg>noReset=${NO_RESET}</arg>
<arg>automationName=${AUTOMATION_NAME}</arg>
<doc>Opens a new application to given Appium server.
Capabilities of appium server, Android and iOS,
Please check https://appium.io/docs/en/2.1/cli/args/
| *Option*            | *Man.* | *Description*     |
| remote_url          | Yes    | Appium server url |
| alias               | no     | alias             |
| strict_ssl          | No     | allows you to send commands to an invalid certificate host like a self-signed one. |</doc>
<status status="PASS" start="2025-05-13T22:48:52.856687" elapsed="6.772363"/>
</kw>
<doc>Mở ứng dụng MCM trên thiết bị/emulator.
- Nếu ứng dụng đã chạy trước đó, nó sẽ được đóng trước khi mở lại.
- Sử dụng `Open Application` với các tham số cấu hình từ biến môi trường.</doc>
<status status="PASS" start="2025-05-13T22:48:50.596759" elapsed="9.032521"/>
</kw>
<kw name="Register" owner="register_keyword">
<kw name="Wait Until Page Contains Element" owner="AppiumLibrary">
<msg time="2025-05-13T22:49:02.596913" level="INFO">xpath criteria: //android.widget.TextView[@resource-id="com.example.mcm_mangacollectionmanagement:id/txtRegister"]
xpath criteria: //android.widget.TextView[@resource-id="com.example.mcm_mangacollectionmanagement:id/txtRegister"]
xpath criteria: //android.widget.TextView[@resource-id="com.example.mcm_mangacollectionmanagement:id/txtRegister"]
xpath criteria: //android.widget.TextView[@resource-id="com.example.mcm_mangacollectionmanagement:id/txtRegister"]
xpath criteria: //android.widget.TextView[@resource-id="com.example.mcm_mangacollectionmanagement:id/txtRegister"]
xpath criteria: //android.widget.TextView[@resource-id="com.example.mcm_mangacollectionmanagement:id/txtRegister"]</msg>
<arg>${BTN_LOGIN_REGISTER}</arg>
<doc>Waits until element specified with `locator` appears on current page.</doc>
<status status="PASS" start="2025-05-13T22:48:59.631129" elapsed="2.965958"/>
</kw>
<kw name="Click Element" owner="AppiumLibrary">
<msg time="2025-05-13T22:49:02.599602" level="INFO">Clicking element '//android.widget.TextView[@resource-id="com.example.mcm_mangacollectionmanagement:id/txtRegister"]'.</msg>
<msg time="2025-05-13T22:49:02.919394" level="INFO">xpath criteria: //android.widget.TextView[@resource-id="com.example.mcm_mangacollectionmanagement:id/txtRegister"]</msg>
<arg>${BTN_LOGIN_REGISTER}</arg>
<doc>Click element identified by `locator`.</doc>
<status status="PASS" start="2025-05-13T22:49:02.597259" elapsed="0.322287"/>
</kw>
<kw name="Wait Until Page Contains Element" owner="AppiumLibrary">
<msg time="2025-05-13T22:49:03.837905" level="INFO">xpath criteria: //android.widget.EditText[@resource-id="com.example.mcm_mangacollectionmanagement:id/txtRegisterUsername"]</msg>
<arg>${EDT_REGISTER_USERNAME}</arg>
<doc>Waits until element specified with `locator` appears on current page.</doc>
<status status="PASS" start="2025-05-13T22:49:02.919832" elapsed="0.918213"/>
</kw>
<kw name="Wait Until Page Contains Element" owner="AppiumLibrary">
<msg time="2025-05-13T22:49:03.986829" level="INFO">xpath criteria: //android.widget.EditText[@resource-id="com.example.mcm_mangacollectionmanagement:id/txtRegisterPassword_1"]</msg>
<arg>${EDT_REGISTER_PASSWORD}</arg>
<doc>Waits until element specified with `locator` appears on current page.</doc>
<status status="PASS" start="2025-05-13T22:49:03.838247" elapsed="0.148709"/>
</kw>
<kw name="Wait Until Page Contains Element" owner="AppiumLibrary">
<msg time="2025-05-13T22:49:04.110772" level="INFO">xpath criteria: //android.widget.EditText[@resource-id="com.example.mcm_mangacollectionmanagement:id/txtRegisterPassword_2"]</msg>
<arg>${EDT_REGISTER_COMFIRM_PASSWORD}</arg>
<doc>Waits until element specified with `locator` appears on current page.</doc>
<status status="PASS" start="2025-05-13T22:49:03.987229" elapsed="0.123689"/>
</kw>
<kw name="Wait Until Page Contains Element" owner="AppiumLibrary">
<msg time="2025-05-13T22:49:04.234829" level="INFO">xpath criteria: //android.widget.EditText[@resource-id="com.example.mcm_mangacollectionmanagement:id/txtRegisterGmail"]</msg>
<arg>${EDT_REGISTER_GMAIL}</arg>
<doc>Waits until element specified with `locator` appears on current page.</doc>
<status status="PASS" start="2025-05-13T22:49:04.111223" elapsed="0.123717"/>
</kw>
<kw name="Input Text" owner="AppiumLibrary">
<msg time="2025-05-13T22:49:04.238164" level="INFO">Typing text 'hi' into text field '//android.widget.EditText[@resource-id="com.example.mcm_mangacollectionmanagement:id/txtRegisterUsername"]'</msg>
<msg time="2025-05-13T22:49:05.040159" level="INFO">xpath criteria: //android.widget.EditText[@resource-id="com.example.mcm_mangacollectionmanagement:id/txtRegisterUsername"]</msg>
<arg>${EDT_REGISTER_USERNAME}</arg>
<arg>${USERNAME}</arg>
<doc>Types the given `text` into text field identified by `locator`.</doc>
<status status="PASS" start="2025-05-13T22:49:04.235178" elapsed="0.805191"/>
</kw>
<kw name="Input Text" owner="AppiumLibrary">
<msg time="2025-05-13T22:49:05.046444" level="INFO">Typing text '1' into text field '//android.widget.EditText[@resource-id="com.example.mcm_mangacollectionmanagement:id/txtRegisterPassword_1"]'</msg>
<msg time="2025-05-13T22:49:05.913597" level="INFO">xpath criteria: //android.widget.EditText[@resource-id="com.example.mcm_mangacollectionmanagement:id/txtRegisterPassword_1"]</msg>
<arg>${EDT_REGISTER_PASSWORD}</arg>
<arg>${PASSWORD1}</arg>
<doc>Types the given `text` into text field identified by `locator`.</doc>
<status status="PASS" start="2025-05-13T22:49:05.041036" elapsed="0.872702"/>
</kw>
<kw name="Input Text" owner="AppiumLibrary">
<msg time="2025-05-13T22:49:05.919068" level="INFO">Typing text '1' into text field '//android.widget.EditText[@resource-id="com.example.mcm_mangacollectionmanagement:id/txtRegisterPassword_2"]'</msg>
<msg time="2025-05-13T22:49:07.294577" level="INFO">xpath criteria: //android.widget.EditText[@resource-id="com.example.mcm_mangacollectionmanagement:id/txtRegisterPassword_2"]</msg>
<arg>${EDT_REGISTER_COMFIRM_PASSWORD}</arg>
<arg>${PASSWORD2}</arg>
<doc>Types the given `text` into text field identified by `locator`.</doc>
<status status="PASS" start="2025-05-13T22:49:05.914044" elapsed="1.380715"/>
</kw>
<kw name="Input Text" owner="AppiumLibrary">
<msg time="2025-05-13T22:49:07.301806" level="INFO">Typing text 'minhhien040804@gmail.com' into text field '//android.widget.EditText[@resource-id="com.example.mcm_mangacollectionmanagement:id/txtRegisterGmail"]'</msg>
<msg time="2025-05-13T22:49:08.561845" level="INFO">xpath criteria: //android.widget.EditText[@resource-id="com.example.mcm_mangacollectionmanagement:id/txtRegisterGmail"]</msg>
<arg>${EDT_REGISTER_GMAIL}</arg>
<arg>${GMAIL}</arg>
<doc>Types the given `text` into text field identified by `locator`.</doc>
<status status="PASS" start="2025-05-13T22:49:07.295175" elapsed="1.267092"/>
</kw>
<kw name="Click Element" owner="AppiumLibrary">
<msg time="2025-05-13T22:49:08.575660" level="INFO">Clicking element '//android.widget.Button[@resource-id="com.example.mcm_mangacollectionmanagement:id/btnRegister"]'.</msg>
<msg time="2025-05-13T22:49:09.372475" level="INFO">xpath criteria: //android.widget.Button[@resource-id="com.example.mcm_mangacollectionmanagement:id/btnRegister"]</msg>
<arg>${BTN_REGISTER_REGISTER}</arg>
<doc>Click element identified by `locator`.</doc>
<status status="PASS" start="2025-05-13T22:49:08.563176" elapsed="0.809497"/>
</kw>
<kw name="Sleep" owner="BuiltIn">
<msg time="2025-05-13T22:49:11.373521" level="INFO">Slept 2 seconds.</msg>
<arg>2s</arg>
<doc>Pauses the test executed for the given time.</doc>
<status status="PASS" start="2025-05-13T22:49:09.372981" elapsed="2.000757"/>
</kw>
<arg>${username}</arg>
<arg>${password1}</arg>
<arg>${password2}</arg>
<arg>${gmail}</arg>
<status status="PASS" start="2025-05-13T22:48:59.629997" elapsed="11.743942"/>
</kw>
<kw name="Verify Notification" owner="notificationall_keyword">
<kw name="Verify Element In Notification Visible" owner="notification_keyword">
<kw name="Wait Until Element Is Visible" owner="AppiumLibrary">
<msg time="2025-05-13T22:49:11.493168" level="INFO">xpath criteria: //android.widget.ImageView[@resource-id="com.example.mcm_mangacollectionmanagement:id/successimage"]</msg>
<arg>${NOTIFY_ICON}</arg>
<doc>Waits until element specified with `locator` is visible.</doc>
<status status="PASS" start="2025-05-13T22:49:11.383759" elapsed="0.109514"/>
</kw>
<kw name="Wait Until Element Is Visible" owner="AppiumLibrary">
<msg time="2025-05-13T22:49:11.615822" level="INFO">xpath criteria: //android.widget.TextView[@resource-id="com.example.mcm_mangacollectionmanagement:id/successtitle"]</msg>
<arg>${TXT_NOTIFY_TITLE}</arg>
<doc>Waits until element specified with `locator` is visible.</doc>
<status status="PASS" start="2025-05-13T22:49:11.493447" elapsed="0.122492"/>
</kw>
<kw name="Wait Until Element Is Visible" owner="AppiumLibrary">
<msg time="2025-05-13T22:49:11.762534" level="INFO">xpath criteria: //android.widget.TextView[@resource-id="com.example.mcm_mangacollectionmanagement:id/successdesc"]</msg>
<arg>${TXT_NOTIFY_CONTENT}</arg>
<doc>Waits until element specified with `locator` is visible.</doc>
<status status="PASS" start="2025-05-13T22:49:11.616176" elapsed="0.146571"/>
</kw>
<kw name="Wait Until Element Is Visible" owner="AppiumLibrary">
<msg time="2025-05-13T22:49:11.900333" level="INFO">xpath criteria: //android.widget.Button[@resource-id="com.example.mcm_mangacollectionmanagement:id/successdone"]</msg>
<arg>${BTN_NOTIFY_OK}</arg>
<doc>Waits until element specified with `locator` is visible.</doc>
<status status="PASS" start="2025-05-13T22:49:11.762972" elapsed="0.137492"/>
</kw>
<kw name="Run Keyword If" owner="BuiltIn">
<arg>"${twoButton}" == "2"</arg>
<arg>Wait until element is visible</arg>
<arg>${BTN_NOTIFY_CANCEL}</arg>
<doc>Runs the given keyword with the given arguments, if ``condition`` is true.</doc>
<status status="PASS" start="2025-05-13T22:49:11.900742" elapsed="0.000363"/>
</kw>
<doc>Từ khóa này đợi cho đến khi các thành phần trong thông báo hiển thị.
- Tham số `${twoButton}` xác định số lượng nút trong thông báo:
- `1`: Thông báo chỉ có một nút.
- `2`: Thông báo có hai nút (OK và Cancel).
- Các thành phần được kiểm tra:
  - Icon thông báo
  - Tiêu đề thông báo
  - Nội dung thông báo
  - Nút OK
  - Nút Cancel (nếu `${twoButton} == 2`)</doc>
<status status="PASS" start="2025-05-13T22:49:11.382799" elapsed="0.518450"/>
</kw>
<kw name="Check Icon In Notification" owner="notification_keyword">
<kw name="Capture Element Screenshot" owner="CaptureElementScreenshot">
<msg time="2025-05-13T22:49:12.417102" level="INFO">${element_screenshot_path} = E:\PythonProject\MFramework\screenshot\current\curr_20250513_224911.png</msg>
<var>${element_screenshot_path}</var>
<arg>${NOTIFY_ICON}</arg>
<status status="PASS" start="2025-05-13T22:49:11.905858" elapsed="0.511298"/>
</kw>
<kw name="Compare Image" owner="compare_image">
<kw name="Create Session" owner="RequestsLibrary">
<msg time="2025-05-13T22:49:12.418242" level="INFO">Creating Session using : alias=compareImage, url=http://127.0.0.1:500, headers={},                     cookies={}, auth=None, timeout=None, proxies=None, verify=False,                     debug=0 </msg>
<arg>compareImage</arg>
<arg>${API_URL}</arg>
<doc>Create Session: create a HTTP session to a server</doc>
<status status="PASS" start="2025-05-13T22:49:12.418063" elapsed="0.000406"/>
</kw>
<kw name="Create Dictionary" owner="BuiltIn">
<msg time="2025-05-13T22:49:12.419529" level="INFO">${para} = {'image_path1': 'E:\\PythonProject\\MFramework\\screenshot\\current\\curr_20250513_224911.png', 'image_path2': 'E:/PythonProject/Mframework/screenshot/baseline/success_notify_icon.png'}</msg>
<var>${para}</var>
<arg>image_path1=${IMAGE_PATH1}</arg>
<arg>image_path2=${IMAGE_PATH2}</arg>
<doc>Creates and returns a dictionary based on the given ``items``.</doc>
<status status="PASS" start="2025-05-13T22:49:12.418810" elapsed="0.000805"/>
</kw>
<kw name="Run Keyword And Ignore Error" owner="BuiltIn">
<kw name="POST On Session" owner="RequestsLibrary">
<msg time="2025-05-13T22:49:12.511639" level="INFO">POST Request : url=http://127.0.0.1:500/compare_using_pixelmatch 
 path_url=/compare_using_pixelmatch 
 headers={'User-Agent': 'python-requests/2.32.3', 'Accept-Encoding': 'gzip, deflate', 'Accept': '*/*', 'Connection': 'keep-alive', 'Content-Length': '185', 'Content-Type': 'application/json'} 
 body=b'{"image_path1": "E:\\\\PythonProject\\\\MFramework\\\\screenshot\\\\current\\\\curr_20250513_224911.png", "image_path2": "E:/PythonProject/Mframework/screenshot/baseline/success_notify_icon.png"}' 
 </msg>
<msg time="2025-05-13T22:49:12.511740" level="INFO">POST Response : url=http://127.0.0.1:500/compare_using_pixelmatch 
 status=200, reason=OK 
 headers={'Server': 'Werkzeug/3.1.3 Python/3.13.1', 'Date': 'Tue, 13 May 2025 15:49:12 GMT', 'Content-Type': 'application/json', 'Content-Length': '285', 'Connection': 'close'} 
 body={"Color_Details":{"Hue Change":"0.00%","Saturation Change":"0.00%","Value Change":"89.65%"},"Differences":["Hai h\u00ecnh \u1ea3nh gi\u1ed1ng nhau nh\u01b0ng gi\u1eefa hai h\u00ecnh \u1ea3nh c\u00f3 s\u1ef1 kh\u00e1c nhau v\u1ec1 m\u00e0u s\u1eafc"],"Similarity_Percent":97.802734375}
 
 </msg>
<arg>compareImage</arg>
<arg>${METHOD}</arg>
<arg>json=${para}</arg>
<doc>Sends a POST request on a previously created HTTP Session.</doc>
<status status="PASS" start="2025-05-13T22:49:12.420468" elapsed="0.091371"/>
</kw>
<msg time="2025-05-13T22:49:12.511975" level="INFO">${status} = PASS</msg>
<msg time="2025-05-13T22:49:12.512052" level="INFO">${response} = &lt;Response [200]&gt;</msg>
<var>${status}</var>
<var>${response}</var>
<arg>POST On Session</arg>
<arg>compareImage</arg>
<arg>${METHOD}</arg>
<arg>json=${para}</arg>
<doc>Runs the given keyword with the given arguments and ignores possible error.</doc>
<status status="PASS" start="2025-05-13T22:49:12.420003" elapsed="0.092093"/>
</kw>
<kw name="Run Keyword If" owner="BuiltIn">
<arg>'${status}' == 'FAIL'</arg>
<arg>Get Latest File By Modified Time</arg>
<doc>Runs the given keyword with the given arguments, if ``condition`` is true.</doc>
<status status="PASS" start="2025-05-13T22:49:12.512377" elapsed="0.000285"/>
</kw>
<kw name="Log" owner="BuiltIn">
<msg time="2025-05-13T22:49:12.513139" level="INFO" html="true">&lt;Response [200]&gt;</msg>
<arg>${response}</arg>
<arg>html=True</arg>
<doc>Logs the given message with the given level.</doc>
<status status="PASS" start="2025-05-13T22:49:12.512874" elapsed="0.000354"/>
</kw>
<kw name="Should Be Equal As Strings" owner="BuiltIn">
<arg>${status}</arg>
<arg>PASS</arg>
<doc>Fails if objects are unequal after converting them to strings.</doc>
<status status="PASS" start="2025-05-13T22:49:12.513437" elapsed="0.000393"/>
</kw>
<msg time="2025-05-13T22:49:12.514022" level="INFO">${result} = None</msg>
<var>${result}</var>
<arg>${element_screenshot_path}</arg>
<arg>${expected_icon_link}</arg>
<status status="PASS" start="2025-05-13T22:49:12.417514" elapsed="0.096566"/>
</kw>
<return>
<value>${result}</value>
<status status="PASS" start="2025-05-13T22:49:12.514158" elapsed="0.000074"/>
</return>
<arg>${icon}</arg>
<doc>Từ khóa này kiểm tra xem icon của thông báo có khớp với icon mong đợi hay không.
- Tham số `${expected_icon_link}`: Đường dẫn hoặc hình ảnh icon mẫu.
- Chụp ảnh icon hiện tại và so sánh với icon mẫu.
- Trả về kết quả so sánh (`True` hoặc `False`).</doc>
<status status="PASS" start="2025-05-13T22:49:11.905028" elapsed="0.609403"/>
</kw>
<kw name="Check Title In Notification" owner="notification_keyword">
<kw name="Get Title In Notification" owner="notification_keyword">
<kw name="Wait Until Page Contains Element" owner="AppiumLibrary">
<msg time="2025-05-13T22:49:12.555386" level="INFO">xpath criteria: //android.widget.TextView[@resource-id="com.example.mcm_mangacollectionmanagement:id/successtitle"]</msg>
<arg>${TXT_NOTIFY_TITLE}</arg>
<doc>Waits until element specified with `locator` appears on current page.</doc>
<status status="PASS" start="2025-05-13T22:49:12.516694" elapsed="0.038824"/>
</kw>
<kw name="Get Text" owner="AppiumLibrary">
<msg time="2025-05-13T22:49:12.675238" level="INFO">Element '//android.widget.TextView[@resource-id="com.example.mcm_mangacollectionmanagement:id/successtitle"]' text is 'Thông báo' </msg>
<msg time="2025-05-13T22:49:12.675314" level="INFO">xpath criteria: //android.widget.TextView[@resource-id="com.example.mcm_mangacollectionmanagement:id/successtitle"]</msg>
<msg time="2025-05-13T22:49:12.675391" level="INFO">${title} = Thông báo</msg>
<var>${title}</var>
<arg>${TXT_NOTIFY_TITLE}</arg>
<doc>Get element text (for hybrid and mobile browser use `xpath` locator, others might cause problem)</doc>
<status status="PASS" start="2025-05-13T22:49:12.555737" elapsed="0.119680"/>
</kw>
<return>
<value>${title}</value>
<status status="PASS" start="2025-05-13T22:49:12.675483" elapsed="0.000042"/>
</return>
<msg time="2025-05-13T22:49:12.675714" level="INFO">${actual} = Thông báo</msg>
<var>${actual}</var>
<doc>Từ khóa này lấy tiêu đề của thông báo.
- Đợi cho đến khi phần tử tiêu đề xuất hiện.
- Trả về tiêu đề của thông báo dưới dạng chuỗi.</doc>
<status status="PASS" start="2025-05-13T22:49:12.516198" elapsed="0.159544"/>
</kw>
<kw name="Should Contain" owner="BuiltIn">
<arg>${actual}</arg>
<arg>${expected}</arg>
<doc>Fails if ``container`` does not contain ``item`` one or more times.</doc>
<status status="PASS" start="2025-05-13T22:49:12.675896" elapsed="0.000181"/>
</kw>
<arg>${title}</arg>
<doc>Từ khóa này kiểm tra tiêu đề của thông báo có chứa nội dung mong đợi hay không.
- Tham số `${expected}`: Chuỗi tiêu đề mong đợi.
- So sánh tiêu đề thực tế với tiêu đề mong đợi.</doc>
<status status="PASS" start="2025-05-13T22:49:12.515727" elapsed="0.160417"/>
</kw>
<kw name="Check Content In Notification" owner="notification_keyword">
<kw name="Get Content In Notification" owner="notification_keyword">
<kw name="Wait Until Page Contains Element" owner="AppiumLibrary">
<msg time="2025-05-13T22:49:12.750930" level="INFO">xpath criteria: //android.widget.TextView[@resource-id="com.example.mcm_mangacollectionmanagement:id/successdesc"]</msg>
<arg>${TXT_NOTIFY_CONTENT}</arg>
<doc>Waits until element specified with `locator` appears on current page.</doc>
<status status="PASS" start="2025-05-13T22:49:12.677676" elapsed="0.073381"/>
</kw>
<kw name="Get Text" owner="AppiumLibrary">
<msg time="2025-05-13T22:49:12.883755" level="INFO">Element '//android.widget.TextView[@resource-id="com.example.mcm_mangacollectionmanagement:id/successdesc"]' text is 'Đăng kí thành công' </msg>
<msg time="2025-05-13T22:49:12.883881" level="INFO">xpath criteria: //android.widget.TextView[@resource-id="com.example.mcm_mangacollectionmanagement:id/successdesc"]</msg>
<msg time="2025-05-13T22:49:12.884006" level="INFO">${content} = Đăng kí thành công</msg>
<var>${content}</var>
<arg>${TXT_NOTIFY_CONTENT}</arg>
<doc>Get element text (for hybrid and mobile browser use `xpath` locator, others might cause problem)</doc>
<status status="PASS" start="2025-05-13T22:49:12.751429" elapsed="0.132619"/>
</kw>
<return>
<value>${content}</value>
<status status="PASS" start="2025-05-13T22:49:12.884146" elapsed="0.000061"/>
</return>
<msg time="2025-05-13T22:49:12.884406" level="INFO">${actual} = Đăng kí thành công</msg>
<var>${actual}</var>
<doc>Từ khóa này lấy nội dung hiển thị trong thông báo.
- Đợi cho đến khi phần tử nội dung thông báo xuất hiện.
- Trả về nội dung của thông báo dưới dạng chuỗi.</doc>
<status status="PASS" start="2025-05-13T22:49:12.677452" elapsed="0.206996"/>
</kw>
<kw name="Should Contain" owner="BuiltIn">
<arg>${actual}</arg>
<arg>${expected}</arg>
<doc>Fails if ``container`` does not contain ``item`` one or more times.</doc>
<status status="PASS" start="2025-05-13T22:49:12.884660" elapsed="0.000249"/>
</kw>
<arg>${content}</arg>
<doc>Từ khóa này kiểm tra nội dung của thông báo có chứa giá trị mong đợi hay không.
- Tham số `${expected}`: Chuỗi nội dung mong đợi.
- So sánh nội dung thực tế với nội dung mong đợi.</doc>
<status status="PASS" start="2025-05-13T22:49:12.677118" elapsed="0.207888"/>
</kw>
<kw name="Click OK In Notification" owner="notification_keyword">
<kw name="Wait Until Page Contains Element" owner="AppiumLibrary">
<msg time="2025-05-13T22:49:12.963046" level="INFO">xpath criteria: //android.widget.Button[@resource-id="com.example.mcm_mangacollectionmanagement:id/successdone"]</msg>
<arg>${BTN_NOTIFY_OK}</arg>
<doc>Waits until element specified with `locator` appears on current page.</doc>
<status status="PASS" start="2025-05-13T22:49:12.885604" elapsed="0.077524"/>
</kw>
<kw name="Click Element" owner="AppiumLibrary">
<msg time="2025-05-13T22:49:12.966769" level="INFO">Clicking element '//android.widget.Button[@resource-id="com.example.mcm_mangacollectionmanagement:id/successdone"]'.</msg>
<msg time="2025-05-13T22:49:13.134786" level="INFO">xpath criteria: //android.widget.Button[@resource-id="com.example.mcm_mangacollectionmanagement:id/successdone"]</msg>
<arg>${BTN_NOTIFY_OK}</arg>
<doc>Click element identified by `locator`.</doc>
<status status="PASS" start="2025-05-13T22:49:12.963294" elapsed="0.171621"/>
</kw>
<doc>Từ khóa này nhấn vào nút OK trong thông báo.</doc>
<status status="PASS" start="2025-05-13T22:49:12.885238" elapsed="0.249812"/>
</kw>
<kw name="Verify Element In Notification Not Visible" owner="notification_keyword">
<kw name="Page Should Not Contain Element" owner="AppiumLibrary">
<msg time="2025-05-13T22:49:14.098176" level="INFO">Current page not contains element '//android.widget.ImageView[@resource-id="com.example.mcm_mangacollectionmanagement:id/successimage"]'.</msg>
<msg time="2025-05-13T22:49:14.098268" level="INFO">xpath criteria: //android.widget.ImageView[@resource-id="com.example.mcm_mangacollectionmanagement:id/successimage"]</msg>
<arg>${NOTIFY_ICON}</arg>
<doc>Verifies that current page not contains `locator` element.</doc>
<status status="PASS" start="2025-05-13T22:49:13.139635" elapsed="0.958685"/>
</kw>
<kw name="Page Should Not Contain Element" owner="AppiumLibrary">
<msg time="2025-05-13T22:49:14.172832" level="INFO">Current page not contains element '//android.widget.TextView[@resource-id="com.example.mcm_mangacollectionmanagement:id/successtitle"]'.</msg>
<msg time="2025-05-13T22:49:14.172913" level="INFO">xpath criteria: //android.widget.TextView[@resource-id="com.example.mcm_mangacollectionmanagement:id/successtitle"]</msg>
<arg>${TXT_NOTIFY_TITLE}</arg>
<doc>Verifies that current page not contains `locator` element.</doc>
<status status="PASS" start="2025-05-13T22:49:14.098494" elapsed="0.074468"/>
</kw>
<kw name="Page Should Not Contain Element" owner="AppiumLibrary">
<msg time="2025-05-13T22:49:14.241459" level="INFO">Current page not contains element '//android.widget.TextView[@resource-id="com.example.mcm_mangacollectionmanagement:id/successdesc"]'.</msg>
<msg time="2025-05-13T22:49:14.241541" level="INFO">xpath criteria: //android.widget.TextView[@resource-id="com.example.mcm_mangacollectionmanagement:id/successdesc"]</msg>
<arg>${TXT_NOTIFY_CONTENT}</arg>
<doc>Verifies that current page not contains `locator` element.</doc>
<status status="PASS" start="2025-05-13T22:49:14.173264" elapsed="0.068330"/>
</kw>
<kw name="Page Should Not Contain Element" owner="AppiumLibrary">
<msg time="2025-05-13T22:49:14.319515" level="INFO">Current page not contains element '//android.widget.Button[@resource-id="com.example.mcm_mangacollectionmanagement:id/successdone"]'.</msg>
<msg time="2025-05-13T22:49:14.319591" level="INFO">xpath criteria: //android.widget.Button[@resource-id="com.example.mcm_mangacollectionmanagement:id/successdone"]</msg>
<arg>${BTN_NOTIFY_OK}</arg>
<doc>Verifies that current page not contains `locator` element.</doc>
<status status="PASS" start="2025-05-13T22:49:14.241760" elapsed="0.077881"/>
</kw>
<kw name="Run Keyword If" owner="BuiltIn">
<arg>"${twoButton}" == "2"</arg>
<arg>Page should not contain element</arg>
<arg>${BTN_NOTIFY_CANCEL}</arg>
<doc>Runs the given keyword with the given arguments, if ``condition`` is true.</doc>
<status status="PASS" start="2025-05-13T22:49:14.319815" elapsed="0.000186"/>
</kw>
<doc>Từ khóa này kiểm tra rằng tất cả các thành phần của thông báo không hiển thị trên màn hình.
- Tham số `${twoButton}` xác định số lượng nút trong thông báo:
  - `1`: Chỉ có một nút (OK).
  - `2`: Có hai nút (OK và Cancel).
- Các phần tử cần kiểm tra:
  - Icon thông báo
  - Tiêu đề thông báo
  - Nội dung thông báo
  - Nút OK
  - Nút Cancel (nếu `${twoButton} == 2`)</doc>
<status status="PASS" start="2025-05-13T22:49:13.139074" elapsed="1.181027"/>
</kw>
<arg>${icon}</arg>
<arg>${notif_title}</arg>
<arg>${notif_content}</arg>
<status status="PASS" start="2025-05-13T22:49:11.374463" elapsed="2.945750"/>
</kw>
<kw name="Run Keyword If" owner="BuiltIn">
<kw name="Page Should Contain Element" owner="AppiumLibrary">
<msg time="2025-05-13T22:49:14.411916" level="INFO">Current page contains element '//android.widget.TextView[@resource-id="com.example.mcm_mangacollectionmanagement:id/textView2"]'.</msg>
<msg time="2025-05-13T22:49:14.411999" level="INFO">xpath criteria: //android.widget.TextView[@resource-id="com.example.mcm_mangacollectionmanagement:id/textView2"]</msg>
<arg>${LOGIN_PAGE_TITLE}</arg>
<doc>Verifies that current page contains `locator` element.</doc>
[...]
<status status="PASS" start="2025-05-13T22:56:34.003391" elapsed="0.749468"/>
</kw>
<kw name="Sleep" owner="BuiltIn">
<msg time="2025-05-13T22:56:36.754180" level="INFO">Slept 2 seconds.</msg>
<arg>2s</arg>
<doc>Pauses the test executed for the given time.</doc>
<status status="PASS" start="2025-05-13T22:56:34.753150" elapsed="2.001180"/>
</kw>
<arg>${username}</arg>
<arg>${password1}</arg>
<arg>${password2}</arg>
<arg>${gmail}</arg>
<status status="PASS" start="2025-05-13T22:56:24.676267" elapsed="12.078192"/>
</kw>
<kw name="Verify Notification" owner="notificationall_keyword">
<kw name="Verify Element In Notification Visible" owner="notification_keyword">
<kw name="Wait Until Element Is Visible" owner="AppiumLibrary">
<msg time="2025-05-13T22:56:37.094565" level="INFO">xpath criteria: //android.widget.ImageView[@resource-id="com.example.mcm_mangacollectionmanagement:id/successimage"]</msg>
<arg>${NOTIFY_ICON}</arg>
<doc>Waits until element specified with `locator` is visible.</doc>
<status status="PASS" start="2025-05-13T22:56:36.759581" elapsed="0.335148"/>
</kw>
<kw name="Wait Until Element Is Visible" owner="AppiumLibrary">
<msg time="2025-05-13T22:56:37.217717" level="INFO">xpath criteria: //android.widget.TextView[@resource-id="com.example.mcm_mangacollectionmanagement:id/successtitle"]</msg>
<arg>${TXT_NOTIFY_TITLE}</arg>
<doc>Waits until element specified with `locator` is visible.</doc>
<status status="PASS" start="2025-05-13T22:56:37.094974" elapsed="0.122842"/>
</kw>
<kw name="Wait Until Element Is Visible" owner="AppiumLibrary">
<msg time="2025-05-13T22:56:37.347894" level="INFO">xpath criteria: //android.widget.TextView[@resource-id="com.example.mcm_mangacollectionmanagement:id/successdesc"]</msg>
<arg>${TXT_NOTIFY_CONTENT}</arg>
<doc>Waits until element specified with `locator` is visible.</doc>
<status status="PASS" start="2025-05-13T22:56:37.217987" elapsed="0.130016"/>
</kw>
<kw name="Wait Until Element Is Visible" owner="AppiumLibrary">
<msg time="2025-05-13T22:56:37.484990" level="INFO">xpath criteria: //android.widget.Button[@resource-id="com.example.mcm_mangacollectionmanagement:id/successdone"]</msg>
<arg>${BTN_NOTIFY_OK}</arg>
<doc>Waits until element specified with `locator` is visible.</doc>
<status status="PASS" start="2025-05-13T22:56:37.348258" elapsed="0.136899"/>
</kw>
<kw name="Run Keyword If" owner="BuiltIn">
<arg>"${twoButton}" == "2"</arg>
<arg>Wait until element is visible</arg>
<arg>${BTN_NOTIFY_CANCEL}</arg>
<doc>Runs the given keyword with the given arguments, if ``condition`` is true.</doc>
<status status="PASS" start="2025-05-13T22:56:37.485431" elapsed="0.000285"/>
</kw>
<doc>Từ khóa này đợi cho đến khi các thành phần trong thông báo hiển thị.
- Tham số `${twoButton}` xác định số lượng nút trong thông báo:
- `1`: Thông báo chỉ có một nút.
- `2`: Thông báo có hai nút (OK và Cancel).
- Các thành phần được kiểm tra:
  - Icon thông báo
  - Tiêu đề thông báo
  - Nội dung thông báo
  - Nút OK
  - Nút Cancel (nếu `${twoButton} == 2`)</doc>
<status status="PASS" start="2025-05-13T22:56:36.759034" elapsed="0.726795"/>
</kw>
<kw name="Check Icon In Notification" owner="notification_keyword">
<kw name="Capture Element Screenshot" owner="CaptureElementScreenshot">
<msg time="2025-05-13T22:56:38.077074" level="INFO">${element_screenshot_path} = E:\PythonProject\MFramework\screenshot\current\curr_20250513_225637.png</msg>
<var>${element_screenshot_path}</var>
<arg>${NOTIFY_ICON}</arg>
<status status="PASS" start="2025-05-13T22:56:37.487931" elapsed="0.589277"/>
</kw>
<kw name="Compare Image" owner="compare_image">
<kw name="Create Session" owner="RequestsLibrary">
<msg time="2025-05-13T22:56:38.078945" level="INFO">Creating Session using : alias=compareImage, url=http://127.0.0.1:500, headers={},                     cookies={}, auth=None, timeout=None, proxies=None, verify=False,                     debug=0 </msg>
<arg>compareImage</arg>
<arg>${API_URL}</arg>
<doc>Create Session: create a HTTP session to a server</doc>
<status status="PASS" start="2025-05-13T22:56:38.078630" elapsed="0.000654"/>
</kw>
<kw name="Create Dictionary" owner="BuiltIn">
<msg time="2025-05-13T22:56:38.080143" level="INFO">${para} = {'image_path1': 'E:\\PythonProject\\MFramework\\screenshot\\current\\curr_20250513_225637.png', 'image_path2': 'E:/PythonProject/Mframework/screenshot/baseline/warning_notify_icon.png'}</msg>
<var>${para}</var>
<arg>image_path1=${IMAGE_PATH1}</arg>
<arg>image_path2=${IMAGE_PATH2}</arg>
<doc>Creates and returns a dictionary based on the given ``items``.</doc>
<status status="PASS" start="2025-05-13T22:56:38.079665" elapsed="0.000541"/>
</kw>
<kw name="Run Keyword And Ignore Error" owner="BuiltIn">
<kw name="POST On Session" owner="RequestsLibrary">
<msg time="2025-05-13T22:56:38.227308" level="INFO">POST Request : url=http://127.0.0.1:500/compare_using_pixelmatch 
 path_url=/compare_using_pixelmatch 
 headers={'User-Agent': 'python-requests/2.32.3', 'Accept-Encoding': 'gzip, deflate', 'Accept': '*/*', 'Connection': 'keep-alive', 'Content-Length': '185', 'Content-Type': 'application/json'} 
 body=b'{"image_path1": "E:\\\\PythonProject\\\\MFramework\\\\screenshot\\\\current\\\\curr_20250513_225637.png", "image_path2": "E:/PythonProject/Mframework/screenshot/baseline/warning_notify_icon.png"}' 
 </msg>
<msg time="2025-05-13T22:56:38.227449" level="INFO">POST Response : url=http://127.0.0.1:500/compare_using_pixelmatch 
 status=200, reason=OK 
 headers={'Server': 'Werkzeug/3.1.3 Python/3.13.1', 'Date': 'Tue, 13 May 2025 15:56:38 GMT', 'Content-Type': 'application/json', 'Content-Length': '288', 'Connection': 'close'} 
 body={"Color_Details":{"Hue Change":"0.00%","Saturation Change":"0.00%","Value Change":"88.20%"},"Differences":["Hai h\u00ecnh \u1ea3nh gi\u1ed1ng nhau nh\u01b0ng gi\u1eefa hai h\u00ecnh \u1ea3nh c\u00f3 s\u1ef1 kh\u00e1c nhau v\u1ec1 m\u00e0u s\u1eafc"],"Similarity_Percent":97.760009765625}
 
 </msg>
<arg>compareImage</arg>
<arg>${METHOD}</arg>
<arg>json=${para}</arg>
<doc>Sends a POST request on a previously created HTTP Session.</doc>
<status status="PASS" start="2025-05-13T22:56:38.080837" elapsed="0.146776"/>
</kw>
<msg time="2025-05-13T22:56:38.227813" level="INFO">${status} = PASS</msg>
<msg time="2025-05-13T22:56:38.227894" level="INFO">${response} = &lt;Response [200]&gt;</msg>
<var>${status}</var>
<var>${response}</var>
<arg>POST On Session</arg>
<arg>compareImage</arg>
<arg>${METHOD}</arg>
<arg>json=${para}</arg>
<doc>Runs the given keyword with the given arguments and ignores possible error.</doc>
<status status="PASS" start="2025-05-13T22:56:38.080535" elapsed="0.147405"/>
</kw>
<kw name="Run Keyword If" owner="BuiltIn">
<arg>'${status}' == 'FAIL'</arg>
<arg>Get Latest File By Modified Time</arg>
<doc>Runs the given keyword with the given arguments, if ``condition`` is true.</doc>
<status status="PASS" start="2025-05-13T22:56:38.228253" elapsed="0.000456"/>
</kw>
<kw name="Log" owner="BuiltIn">
<msg time="2025-05-13T22:56:38.229422" level="INFO" html="true">&lt;Response [200]&gt;</msg>
<arg>${response}</arg>
<arg>html=True</arg>
<doc>Logs the given message with the given level.</doc>
<status status="PASS" start="2025-05-13T22:56:38.229109" elapsed="0.000410"/>
</kw>
<kw name="Should Be Equal As Strings" owner="BuiltIn">
<arg>${status}</arg>
<arg>PASS</arg>
<doc>Fails if objects are unequal after converting them to strings.</doc>
<status status="PASS" start="2025-05-13T22:56:38.229786" elapsed="0.000331"/>
</kw>
<msg time="2025-05-13T22:56:38.230318" level="INFO">${result} = None</msg>
<var>${result}</var>
<arg>${element_screenshot_path}</arg>
<arg>${expected_icon_link}</arg>
<status status="PASS" start="2025-05-13T22:56:38.077681" elapsed="0.152693"/>
</kw>
<return>
<value>${result}</value>
<status status="PASS" start="2025-05-13T22:56:38.230492" elapsed="0.000073"/>
</return>
<arg>${icon}</arg>
<doc>Từ khóa này kiểm tra xem icon của thông báo có khớp với icon mong đợi hay không.
- Tham số `${expected_icon_link}`: Đường dẫn hoặc hình ảnh icon mẫu.
- Chụp ảnh icon hiện tại và so sánh với icon mẫu.
- Trả về kết quả so sánh (`True` hoặc `False`).</doc>
<status status="PASS" start="2025-05-13T22:56:37.487487" elapsed="0.743295"/>
</kw>
<kw name="Check Title In Notification" owner="notification_keyword">
<kw name="Get Title In Notification" owner="notification_keyword">
<kw name="Wait Until Page Contains Element" owner="AppiumLibrary">
<msg time="2025-05-13T22:56:38.287627" level="INFO">xpath criteria: //android.widget.TextView[@resource-id="com.example.mcm_mangacollectionmanagement:id/successtitle"]</msg>
<arg>${TXT_NOTIFY_TITLE}</arg>
<doc>Waits until element specified with `locator` appears on current page.</doc>
<status status="PASS" start="2025-05-13T22:56:38.234672" elapsed="0.053073"/>
</kw>
<kw name="Get Text" owner="AppiumLibrary">
<msg time="2025-05-13T22:56:38.416926" level="INFO">Element '//android.widget.TextView[@resource-id="com.example.mcm_mangacollectionmanagement:id/successtitle"]' text is 'Cảnh báo' </msg>
<msg time="2025-05-13T22:56:38.417025" level="INFO">xpath criteria: //android.widget.TextView[@resource-id="com.example.mcm_mangacollectionmanagement:id/successtitle"]</msg>
<msg time="2025-05-13T22:56:38.417115" level="INFO">${title} = Cảnh báo</msg>
<var>${title}</var>
<arg>${TXT_NOTIFY_TITLE}</arg>
<doc>Get element text (for hybrid and mobile browser use `xpath` locator, others might cause problem)</doc>
<status status="PASS" start="2025-05-13T22:56:38.287990" elapsed="0.129153"/>
</kw>
<return>
<value>${title}</value>
<status status="PASS" start="2025-05-13T22:56:38.417211" elapsed="0.000045"/>
</return>
<msg time="2025-05-13T22:56:38.417391" level="INFO">${actual} = Cảnh báo</msg>
<var>${actual}</var>
<doc>Từ khóa này lấy tiêu đề của thông báo.
- Đợi cho đến khi phần tử tiêu đề xuất hiện.
- Trả về tiêu đề của thông báo dưới dạng chuỗi.</doc>
<status status="PASS" start="2025-05-13T22:56:38.234168" elapsed="0.183251"/>
</kw>
<kw name="Should Contain" owner="BuiltIn">
<arg>${actual}</arg>
<arg>${expected}</arg>
<doc>Fails if ``container`` does not contain ``item`` one or more times.</doc>
<status status="PASS" start="2025-05-13T22:56:38.417573" elapsed="0.000174"/>
</kw>
<arg>${title}</arg>
<doc>Từ khóa này kiểm tra tiêu đề của thông báo có chứa nội dung mong đợi hay không.
- Tham số `${expected}`: Chuỗi tiêu đề mong đợi.
- So sánh tiêu đề thực tế với tiêu đề mong đợi.</doc>
<status status="PASS" start="2025-05-13T22:56:38.233452" elapsed="0.184362"/>
</kw>
<kw name="Check Content In Notification" owner="notification_keyword">
<kw name="Get Content In Notification" owner="notification_keyword">
<kw name="Wait Until Page Contains Element" owner="AppiumLibrary">
<msg time="2025-05-13T22:56:38.494354" level="INFO">xpath criteria: //android.widget.TextView[@resource-id="com.example.mcm_mangacollectionmanagement:id/successdesc"]</msg>
<arg>${TXT_NOTIFY_CONTENT}</arg>
<doc>Waits until element specified with `locator` appears on current page.</doc>
<status status="PASS" start="2025-05-13T22:56:38.419411" elapsed="0.075081"/>
</kw>
<kw name="Get Text" owner="AppiumLibrary">
<msg time="2025-05-13T22:56:38.645384" level="INFO">Element '//android.widget.TextView[@resource-id="com.example.mcm_mangacollectionmanagement:id/successdesc"]' text is 'Không thể tạo tài khoản do có tài khoản khác đã tồn tại' </msg>
<msg time="2025-05-13T22:56:38.645696" level="INFO">xpath criteria: //android.widget.TextView[@resource-id="com.example.mcm_mangacollectionmanagement:id/successdesc"]</msg>
<msg time="2025-05-13T22:56:38.645863" level="INFO">${content} = Không thể tạo tài khoản do có tài khoản khác đã tồn tại</msg>
<var>${content}</var>
<arg>${TXT_NOTIFY_CONTENT}</arg>
<doc>Get element text (for hybrid and mobile browser use `xpath` locator, others might cause problem)</doc>
<status status="PASS" start="2025-05-13T22:56:38.494830" elapsed="0.151097"/>
</kw>
<return>
<value>${content}</value>
<status status="PASS" start="2025-05-13T22:56:38.646054" elapsed="0.000066"/>
</return>
<msg time="2025-05-13T22:56:38.646373" level="INFO">${actual} = Không thể tạo tài khoản do có tài khoản khác đã tồn tại</msg>
<var>${actual}</var>
<doc>Từ khóa này lấy nội dung hiển thị trong thông báo.
- Đợi cho đến khi phần tử nội dung thông báo xuất hiện.
- Trả về nội dung của thông báo dưới dạng chuỗi.</doc>
<status status="PASS" start="2025-05-13T22:56:38.419173" elapsed="0.227259"/>
</kw>
<kw name="Should Contain" owner="BuiltIn">
<arg>${actual}</arg>
<arg>${expected}</arg>
<doc>Fails if ``container`` does not contain ``item`` one or more times.</doc>
<status status="PASS" start="2025-05-13T22:56:38.646731" elapsed="0.000344"/>
</kw>
<arg>${content}</arg>
<doc>Từ khóa này kiểm tra nội dung của thông báo có chứa giá trị mong đợi hay không.
- Tham số `${expected}`: Chuỗi nội dung mong đợi.
- So sánh nội dung thực tế với nội dung mong đợi.</doc>
<status status="PASS" start="2025-05-13T22:56:38.418803" elapsed="0.228406"/>
</kw>
<kw name="Click OK In Notification" owner="notification_keyword">
<kw name="Wait Until Page Contains Element" owner="AppiumLibrary">
<msg time="2025-05-13T22:56:38.720131" level="INFO">xpath criteria: //android.widget.Button[@resource-id="com.example.mcm_mangacollectionmanagement:id/successdone"]</msg>
<arg>${BTN_NOTIFY_OK}</arg>
<doc>Waits until element specified with `locator` appears on current page.</doc>
<status status="PASS" start="2025-05-13T22:56:38.647833" elapsed="0.072423"/>
</kw>
<kw name="Click Element" owner="AppiumLibrary">
<msg time="2025-05-13T22:56:38.725362" level="INFO">Clicking element '//android.widget.Button[@resource-id="com.example.mcm_mangacollectionmanagement:id/successdone"]'.</msg>
<msg time="2025-05-13T22:56:38.930794" level="INFO">xpath criteria: //android.widget.Button[@resource-id="com.example.mcm_mangacollectionmanagement:id/successdone"]</msg>
<arg>${BTN_NOTIFY_OK}</arg>
<doc>Click element identified by `locator`.</doc>
<status status="PASS" start="2025-05-13T22:56:38.720456" elapsed="0.210480"/>
</kw>
<doc>Từ khóa này nhấn vào nút OK trong thông báo.</doc>
<status status="PASS" start="2025-05-13T22:56:38.647486" elapsed="0.283579"/>
</kw>
<kw name="Verify Element In Notification Not Visible" owner="notification_keyword">
<kw name="Page Should Not Contain Element" owner="AppiumLibrary">
<msg time="2025-05-13T22:56:39.531012" level="INFO">Current page not contains element '//android.widget.ImageView[@resource-id="com.example.mcm_mangacollectionmanagement:id/successimage"]'.</msg>
<msg time="2025-05-13T22:56:39.531110" level="INFO">xpath criteria: //android.widget.ImageView[@resource-id="com.example.mcm_mangacollectionmanagement:id/successimage"]</msg>
<arg>${NOTIFY_ICON}</arg>
<doc>Verifies that current page not contains `locator` element.</doc>
<status status="PASS" start="2025-05-13T22:56:38.934263" elapsed="0.596898"/>
</kw>
<kw name="Page Should Not Contain Element" owner="AppiumLibrary">
<msg time="2025-05-13T22:56:39.648105" level="INFO">Current page not contains element '//android.widget.TextView[@resource-id="com.example.mcm_mangacollectionmanagement:id/successtitle"]'.</msg>
<msg time="2025-05-13T22:56:39.648190" level="INFO">xpath criteria: //android.widget.TextView[@resource-id="com.example.mcm_mangacollectionmanagement:id/successtitle"]</msg>
<arg>${TXT_NOTIFY_TITLE}</arg>
<doc>Verifies that current page not contains `locator` element.</doc>
<status status="PASS" start="2025-05-13T22:56:39.531384" elapsed="0.116865"/>
</kw>
<kw name="Page Should Not Contain Element" owner="AppiumLibrary">
<msg time="2025-05-13T22:56:39.732847" level="INFO">Current page not contains element '//android.widget.TextView[@resource-id="com.example.mcm_mangacollectionmanagement:id/successdesc"]'.</msg>
<msg time="2025-05-13T22:56:39.732943" level="INFO">xpath criteria: //android.widget.TextView[@resource-id="com.example.mcm_mangacollectionmanagement:id/successdesc"]</msg>
<arg>${TXT_NOTIFY_CONTENT}</arg>
<doc>Verifies that current page not contains `locator` element.</doc>
<status status="PASS" start="2025-05-13T22:56:39.648466" elapsed="0.084534"/>
</kw>
<kw name="Page Should Not Contain Element" owner="AppiumLibrary">
<msg time="2025-05-13T22:56:39.815802" level="INFO">Current page not contains element '//android.widget.Button[@resource-id="com.example.mcm_mangacollectionmanagement:id/successdone"]'.</msg>
<msg time="2025-05-13T22:56:39.815877" level="INFO">xpath criteria: //android.widget.Button[@resource-id="com.example.mcm_mangacollectionmanagement:id/successdone"]</msg>
<arg>${BTN_NOTIFY_OK}</arg>
<doc>Verifies that current page not contains `locator` element.</doc>
<status status="PASS" start="2025-05-13T22:56:39.733259" elapsed="0.082669"/>
</kw>
<kw name="Run Keyword If" owner="BuiltIn">
<arg>"${twoButton}" == "2"</arg>
<arg>Page should not contain element</arg>
<arg>${BTN_NOTIFY_CANCEL}</arg>
<doc>Runs the given keyword with the given arguments, if ``condition`` is true.</doc>
<status status="PASS" start="2025-05-13T22:56:39.816104" elapsed="0.000186"/>
</kw>
<doc>Từ khóa này kiểm tra rằng tất cả các thành phần của thông báo không hiển thị trên màn hình.
- Tham số `${twoButton}` xác định số lượng nút trong thông báo:
  - `1`: Chỉ có một nút (OK).
  - `2`: Có hai nút (OK và Cancel).
- Các phần tử cần kiểm tra:
  - Icon thông báo
  - Tiêu đề thông báo
  - Nội dung thông báo
  - Nút OK
  - Nút Cancel (nếu `${twoButton} == 2`)</doc>
<status status="PASS" start="2025-05-13T22:56:38.933828" elapsed="0.882535"/>
</kw>
<arg>${icon}</arg>
<arg>${notif_title}</arg>
<arg>${notif_content}</arg>
<status status="PASS" start="2025-05-13T22:56:36.754753" elapsed="3.061674"/>
</kw>
<kw name="Run Keyword If" owner="BuiltIn">
<arg>"${type}" == "success"</arg>
<arg>Page should contain element</arg>
<arg>${LOGIN_PAGE_TITLE}</arg>
<doc>Runs the given keyword with the given arguments, if ``condition`` is true.</doc>
<status status="PASS" start="2025-05-13T22:56:39.816603" elapsed="0.000165"/>
</kw>
<arg>${username}</arg>
<arg>${password1}</arg>
<arg>${password2}</arg>
<arg>${gmail}</arg>
<arg>${notif_title}</arg>
<arg>${notif_content}</arg>
<arg>${icon}</arg>
<arg>${type}</arg>
<status status="PASS" start="2025-05-13T22:55:52.066446" elapsed="47.750389"/>
</kw>
<arg>username=hi</arg>
<arg>password1=12</arg>
<arg>password2=12</arg>
<arg>gmail=minhhien040804@gmail.com</arg>
<arg>notif_title=Cảnh báo</arg>
<arg>notif_content=Không thể tạo tài khoản do có tài khoản khác đã tồn tại</arg>
<arg>icon=E:/PythonProject/Mframework/screenshot/baseline/warning_notify_icon.png</arg>
<arg>type=check_existed</arg>
<status status="PASS" start="2025-05-13T22:55:52.065463" elapsed="47.751438"/>
</kw>
<kw name="Close MCM Application" owner="common_keyword" type="TEARDOWN">
<kw name="Run Process" owner="Process">
<msg time="2025-05-13T22:56:39.818085" level="INFO">Starting process:
adb shell am force-stop com.example.mcm_mangacollectionmanagement</msg>
<msg time="2025-05-13T22:56:39.822643" level="INFO">Waiting for process to complete.</msg>
<msg time="2025-05-13T22:56:39.961285" level="INFO">Process completed.</msg>
<arg>adb</arg>
<arg>shell</arg>
<arg>am</arg>
<arg>force-stop</arg>
<arg>${APP_PACKAGE}</arg>
<doc>Runs a process and waits for it to complete.</doc>
<status status="PASS" start="2025-05-13T22:56:39.817388" elapsed="0.144151"/>
</kw>
<doc>Đóng ứng dụng MCM nếu nó đang chạy.
- Sử dụng lệnh `adb shell am force-stop` để đóng ứng dụng.</doc>
<status status="PASS" start="2025-05-13T22:56:39.817129" elapsed="0.145232"/>
</kw>
<status status="PASS" start="2025-05-13T22:55:42.248094" elapsed="57.714355"/>
</test>
<status status="PASS" start="2025-05-13T22:47:41.089424" elapsed="538.889463"/>
</suite>
<statistics>
<total>
<stat pass="12" fail="0" skip="0">All Tests</stat>
</total>
<tag>
</tag>
<suite>
<stat name="TS Register" id="s1" pass="12" fail="0" skip="0">TS Register</stat>
</suite>
</statistics>
<errors>
</errors>
</robot>
