<?xml version="1.0" encoding="UTF-8"?>
<robot generator="Robot 7.2.2 (Python 3.13.1 on win32)" generated="2025-05-11T22:21:18.985339" rpa="false" schemaversion="5">
<suite id="s1" name="TS AccountSetting" source="E:\PythonProject\MFramework\tests\test_suites\TS_AccountSetting.robot">
<test id="s1-t1" name="Using data driven testing using h and 1 and hien@gmail.com and Thông báo and Đã lưu thông tin and hien123 and 123 and E:/PythonProject/Mframework/screenshot/baseline/success_notify_icon.png and " line="16">
<kw name="Open MCM Application" owner="common_keyword" type="SETUP">
<kw name="Check Is App Is Running" owner="common_keyword">
<kw name="Run Process" owner="Process">
<msg time="2025-05-11T22:21:21.815029" level="INFO">Starting process:
adb shell pidof com.example.mcm_mangacollectionmanagement</msg>
<msg time="2025-05-11T22:21:21.833181" level="INFO">Waiting for process to complete.</msg>
<msg time="2025-05-11T22:21:21.915638" level="INFO">Process completed.</msg>
<msg time="2025-05-11T22:21:21.915830" level="INFO">${output} = &lt;result object with rc 1&gt;</msg>
<var>${output}</var>
<arg>adb shell pidof ${APP_PACKAGE}</arg>
<arg>shell=True</arg>
<arg>stdout=STDOUT</arg>
<doc>Runs a process and waits for it to complete.</doc>
<status status="PASS" start="2025-05-11T22:21:21.814395" elapsed="0.101476"/>
</kw>
<kw name="Run Keyword And Return Status" owner="BuiltIn">
<kw name="Should Not Be Empty" owner="BuiltIn">
<msg time="2025-05-11T22:21:21.918041" level="INFO">Length is 0.</msg>
<msg time="2025-05-11T22:21:21.918221" level="FAIL">'' should not be empty.</msg>
<arg>${output.stdout}</arg>
<doc>Verifies that the given item is not empty.</doc>
<status status="FAIL" start="2025-05-11T22:21:21.916563" elapsed="0.001830">'' should not be empty.</status>
</kw>
<msg time="2025-05-11T22:21:21.918587" level="INFO">${status} = False</msg>
<var>${status}</var>
<arg>Should Not Be Empty</arg>
<arg>${output.stdout}</arg>
<doc>Runs the given keyword with given arguments and returns the status as a Boolean value.</doc>
<status status="PASS" start="2025-05-11T22:21:21.916192" elapsed="0.002432"/>
</kw>
<return>
<value>${status}</value>
<status status="PASS" start="2025-05-11T22:21:21.918698" elapsed="0.000058"/>
</return>
<msg time="2025-05-11T22:21:21.918968" level="INFO">${status} = False</msg>
<var>${status}</var>
<doc>Kiểm tra xem ứng dụng MCM có đang chạy không.
- Lệnh `adb shell pidof` được sử dụng để lấy PID của ứng dụng.
- Nếu `output.stdout` không rỗng, ứng dụng đang chạy.
- Trả về `True` nếu ứng dụng đang chạy, ngược lại trả về `False`.</doc>
<status status="PASS" start="2025-05-11T22:21:21.813744" elapsed="0.105256"/>
</kw>
<kw name="Run Keyword If" owner="BuiltIn">
<arg>${status}</arg>
<arg>Close MCM Application</arg>
<doc>Runs the given keyword with the given arguments, if ``condition`` is true.</doc>
<status status="PASS" start="2025-05-11T22:21:21.919180" elapsed="0.000189"/>
</kw>
<kw name="Sleep" owner="BuiltIn">
<msg time="2025-05-11T22:21:23.920042" level="INFO">Slept 2 seconds.</msg>
<arg>2</arg>
<doc>Pauses the test executed for the given time.</doc>
<status status="PASS" start="2025-05-11T22:21:21.919545" elapsed="2.000707"/>
</kw>
<kw name="Open Application" owner="AppiumLibrary">
<arg>${REMOTE_URL}</arg>
<arg>platformName=${PLATFORM_NAME}</arg>
<arg>deviceName=${EMULATOR_DEVICE_NAME}</arg>
<arg>appPackage=${APP_PACKAGE}</arg>
<arg>appActivity=${APP_ACTIVITY}</arg>
<arg>noReset=${NO_RESET}</arg>
<arg>automationName=${AUTOMATION_NAME}</arg>
<doc>Opens a new application to given Appium server.
Capabilities of appium server, Android and iOS,
Please check https://appium.io/docs/en/2.1/cli/args/
| *Option*            | *Man.* | *Description*     |
| remote_url          | Yes    | Appium server url |
| alias               | no     | alias             |
| strict_ssl          | No     | allows you to send commands to an invalid certificate host like a self-signed one. |</doc>
<status status="PASS" start="2025-05-11T22:21:23.920572" elapsed="5.949157"/>
</kw>
<doc>Mở ứng dụng MCM trên thiết bị/emulator.
- Nếu ứng dụng đã chạy trước đó, nó sẽ được đóng trước khi mở lại.
- Sử dụng `Open Application` với các tham số cấu hình từ biến môi trường.</doc>
<status status="PASS" start="2025-05-11T22:21:21.813290" elapsed="8.056715"/>
</kw>
<kw name="Data Driven Testing For Account Setting Feature">
<kw name="Check Login" owner="login_keyword">
<if>
<branch type="IF" condition="&quot;${type}&quot; == &quot;remove_app&quot;">
<kw name="Reset MCM App" owner="common_keyword">
<doc>Reset ứng dụng MCM về trạng thái mặc định.
- Dừng ứng dụng (`Terminate application`).
- Xóa dữ liệu ứng dụng bằng `adb shell pm clear`.</doc>
<status status="NOT RUN" start="2025-05-11T22:21:29.872802" elapsed="0.000034"/>
</kw>
<kw name="Sleep" owner="BuiltIn">
<arg>3s</arg>
<doc>Pauses the test executed for the given time.</doc>
<status status="NOT RUN" start="2025-05-11T22:21:29.872975" elapsed="0.000026"/>
</kw>
<kw name="Open MCM Application" owner="common_keyword">
<doc>Mở ứng dụng MCM trên thiết bị/emulator.
- Nếu ứng dụng đã chạy trước đó, nó sẽ được đóng trước khi mở lại.
- Sử dụng `Open Application` với các tham số cấu hình từ biến môi trường.</doc>
<status status="NOT RUN" start="2025-05-11T22:21:29.873224" elapsed="0.000029"/>
</kw>
<status status="NOT RUN" start="2025-05-11T22:21:29.872461" elapsed="0.000832"/>
</branch>
<status status="PASS" start="2025-05-11T22:21:29.872420" elapsed="0.000910"/>
</if>
<kw name="Login" owner="login_keyword">
<kw name="Wait Until Page Contains Element" owner="AppiumLibrary">
<msg time="2025-05-11T22:21:32.755543" level="INFO">xpath criteria: //android.widget.EditText[@resource-id="com.example.mcm_mangacollectionmanagement:id/edtLoginUsername"]
xpath criteria: //android.widget.EditText[@resource-id="com.example.mcm_mangacollectionmanagement:id/edtLoginUsername"]
xpath criteria: //android.widget.EditText[@resource-id="com.example.mcm_mangacollectionmanagement:id/edtLoginUsername"]
xpath criteria: //android.widget.EditText[@resource-id="com.example.mcm_mangacollectionmanagement:id/edtLoginUsername"]
xpath criteria: //android.widget.EditText[@resource-id="com.example.mcm_mangacollectionmanagement:id/edtLoginUsername"]
xpath criteria: //android.widget.EditText[@resource-id="com.example.mcm_mangacollectionmanagement:id/edtLoginUsername"]
xpath criteria: //android.widget.EditText[@resource-id="com.example.mcm_mangacollectionmanagement:id/edtLoginUsername"]</msg>
<arg>${EDT_LOGIN_USERNAME}</arg>
<arg>20s</arg>
<doc>Waits until element specified with `locator` appears on current page.</doc>
<status status="PASS" start="2025-05-11T22:21:29.874027" elapsed="2.881657"/>
</kw>
<kw name="Wait Until Page Contains Element" owner="AppiumLibrary">
<msg time="2025-05-11T22:21:32.850142" level="INFO">xpath criteria: //android.widget.EditText[@resource-id="com.example.mcm_mangacollectionmanagement:id/edtLoginPassword"]</msg>
<arg>${EDT_LOGIN_PASSWORD}</arg>
<arg>10s</arg>
<doc>Waits until element specified with `locator` appears on current page.</doc>
<status status="PASS" start="2025-05-11T22:21:32.755942" elapsed="0.094311"/>
</kw>
<kw name="Input Text" owner="AppiumLibrary">
<msg time="2025-05-11T22:21:32.854992" level="INFO">Typing text 'hien123' into text field '//android.widget.EditText[@resource-id="com.example.mcm_mangacollectionmanagement:id/edtLoginUsername"]'</msg>
<msg time="2025-05-11T22:21:33.798985" level="INFO">xpath criteria: //android.widget.EditText[@resource-id="com.example.mcm_mangacollectionmanagement:id/edtLoginUsername"]</msg>
<arg>${EDT_LOGIN_USERNAME}</arg>
<arg>${USERNAME}</arg>
<doc>Types the given `text` into text field identified by `locator`.</doc>
<status status="PASS" start="2025-05-11T22:21:32.850507" elapsed="0.948661"/>
</kw>
<kw name="Input Text" owner="AppiumLibrary">
<msg time="2025-05-11T22:21:33.806622" level="INFO">Typing text '123' into text field '//android.widget.EditText[@resource-id="com.example.mcm_mangacollectionmanagement:id/edtLoginPassword"]'</msg>
<msg time="2025-05-11T22:21:35.018172" level="INFO">xpath criteria: //android.widget.EditText[@resource-id="com.example.mcm_mangacollectionmanagement:id/edtLoginPassword"]</msg>
<arg>${EDT_LOGIN_PASSWORD}</arg>
<arg>${PASSWORD}</arg>
<doc>Types the given `text` into text field identified by `locator`.</doc>
<status status="PASS" start="2025-05-11T22:21:33.799544" elapsed="1.218761"/>
</kw>
<kw name="Click Element" owner="AppiumLibrary">
<msg time="2025-05-11T22:21:35.023308" level="INFO">Clicking element '//android.widget.Button[@resource-id="com.example.mcm_mangacollectionmanagement:id/btnLogin"]'.</msg>
<msg time="2025-05-11T22:21:35.673708" level="INFO">xpath criteria: //android.widget.Button[@resource-id="com.example.mcm_mangacollectionmanagement:id/btnLogin"]</msg>
<arg>${BTN_LOGIN_LOGIN}</arg>
<doc>Click element identified by `locator`.</doc>
<status status="PASS" start="2025-05-11T22:21:35.018605" elapsed="0.655275"/>
</kw>
<kw name="Sleep" owner="BuiltIn">
<msg time="2025-05-11T22:21:37.674523" level="INFO">Slept 2 seconds.</msg>
<arg>2</arg>
<doc>Pauses the test executed for the given time.</doc>
<status status="PASS" start="2025-05-11T22:21:35.674157" elapsed="2.000523"/>
</kw>
<arg>${username}</arg>
<arg>${password}</arg>
<status status="PASS" start="2025-05-11T22:21:29.873545" elapsed="7.801259"/>
</kw>
<kw name="Verify Notification" owner="notificationall_keyword">
<kw name="Verify Element In Notification Visible" owner="notification_keyword">
<kw name="Wait Until Element Is Visible" owner="AppiumLibrary">
<msg time="2025-05-11T22:21:37.792501" level="INFO">xpath criteria: //android.widget.ImageView[@resource-id="com.example.mcm_mangacollectionmanagement:id/successimage"]</msg>
<arg>${NOTIFY_ICON}</arg>
<doc>Waits until element specified with `locator` is visible.</doc>
<status status="PASS" start="2025-05-11T22:21:37.678698" elapsed="0.113885"/>
</kw>
<kw name="Wait Until Element Is Visible" owner="AppiumLibrary">
<msg time="2025-05-11T22:21:37.914506" level="INFO">xpath criteria: //android.widget.TextView[@resource-id="com.example.mcm_mangacollectionmanagement:id/successtitle"]</msg>
<arg>${TXT_NOTIFY_TITLE}</arg>
<doc>Waits until element specified with `locator` is visible.</doc>
<status status="PASS" start="2025-05-11T22:21:37.792758" elapsed="0.121866"/>
</kw>
<kw name="Wait Until Element Is Visible" owner="AppiumLibrary">
<msg time="2025-05-11T22:21:38.044907" level="INFO">xpath criteria: //android.widget.TextView[@resource-id="com.example.mcm_mangacollectionmanagement:id/successdesc"]</msg>
<arg>${TXT_NOTIFY_CONTENT}</arg>
<doc>Waits until element specified with `locator` is visible.</doc>
<status status="PASS" start="2025-05-11T22:21:37.914985" elapsed="0.130066"/>
</kw>
<kw name="Wait Until Element Is Visible" owner="AppiumLibrary">
<msg time="2025-05-11T22:21:38.177985" level="INFO">xpath criteria: //android.widget.Button[@resource-id="com.example.mcm_mangacollectionmanagement:id/successdone"]</msg>
<arg>${BTN_NOTIFY_OK}</arg>
<doc>Waits until element specified with `locator` is visible.</doc>
<status status="PASS" start="2025-05-11T22:21:38.045307" elapsed="0.132792"/>
</kw>
<kw name="Run Keyword If" owner="BuiltIn">
<arg>"${twoButton}" == "2"</arg>
<arg>Wait until element is visible</arg>
<arg>${BTN_NOTIFY_CANCEL}</arg>
<doc>Runs the given keyword with the given arguments, if ``condition`` is true.</doc>
<status status="PASS" start="2025-05-11T22:21:38.178373" elapsed="0.000315"/>
</kw>
<doc>Từ khóa này đợi cho đến khi các thành phần trong thông báo hiển thị.
- Tham số `${twoButton}` xác định số lượng nút trong thông báo:
- `1`: Thông báo chỉ có một nút.
- `2`: Thông báo có hai nút (OK và Cancel).
- Các thành phần được kiểm tra:
  - Icon thông báo
  - Tiêu đề thông báo
  - Nội dung thông báo
  - Nút OK
  - Nút Cancel (nếu `${twoButton} == 2`)</doc>
<status status="PASS" start="2025-05-11T22:21:37.678348" elapsed="0.500453"/>
</kw>
<kw name="Check Icon In Notification" owner="notification_keyword">
<kw name="Capture Element Screenshot" owner="CaptureElementScreenshot">
<msg time="2025-05-11T22:21:38.728453" level="INFO">${element_screenshot_path} = E:\PythonProject\MFramework\screenshot\current\curr_20250511_222138.png</msg>
<var>${element_screenshot_path}</var>
<arg>${NOTIFY_ICON}</arg>
<status status="PASS" start="2025-05-11T22:21:38.181204" elapsed="0.547298"/>
</kw>
<kw name="Compare Image" owner="compare_image">
<kw name="Create Session" owner="RequestsLibrary">
<msg time="2025-05-11T22:21:38.729255" level="INFO">Creating Session using : alias=compareImage, url=http://127.0.0.1:500, headers={},                     cookies={}, auth=None, timeout=None, proxies=None, verify=False,                     debug=0 </msg>
<arg>compareImage</arg>
<arg>${API_URL}</arg>
<doc>Create Session: create a HTTP session to a server</doc>
<status status="PASS" start="2025-05-11T22:21:38.729110" elapsed="0.000359"/>
</kw>
<kw name="Create Dictionary" owner="BuiltIn">
<msg time="2025-05-11T22:21:38.730054" level="INFO">${para} = {'image_path1': 'E:\\PythonProject\\MFramework\\screenshot\\current\\curr_20250511_222138.png', 'image_path2': 'E:/PythonProject/Mframework/screenshot/baseline/success_notify_icon.png'}</msg>
<var>${para}</var>
<arg>image_path1=${IMAGE_PATH1}</arg>
<arg>image_path2=${IMAGE_PATH2}</arg>
<doc>Creates and returns a dictionary based on the given ``items``.</doc>
<status status="PASS" start="2025-05-11T22:21:38.729660" elapsed="0.000427"/>
</kw>
<kw name="Run Keyword And Ignore Error" owner="BuiltIn">
<kw name="POST On Session" owner="RequestsLibrary">
<msg time="2025-05-11T22:21:38.811081" level="INFO">POST Request : url=http://127.0.0.1:500/compare_using_pixelmatch 
 path_url=/compare_using_pixelmatch 
 headers={'User-Agent': 'python-requests/2.32.3', 'Accept-Encoding': 'gzip, deflate', 'Accept': '*/*', 'Connection': 'keep-alive', 'Content-Length': '185', 'Content-Type': 'application/json'} 
 body=b'{"image_path1": "E:\\\\PythonProject\\\\MFramework\\\\screenshot\\\\current\\\\curr_20250511_222138.png", "image_path2": "E:/PythonProject/Mframework/screenshot/baseline/success_notify_icon.png"}' 
 </msg>
<msg time="2025-05-11T22:21:38.817640" level="INFO">POST Response : url=http://127.0.0.1:500/compare_using_pixelmatch 
 status=200, reason=OK 
 headers={'Server': 'Werkzeug/3.1.3 Python/3.13.1', 'Date': 'Sun, 11 May 2025 15:21:38 GMT', 'Content-Type': 'application/json', 'Content-Length': '285', 'Connection': 'close'} 
 body={"Color_Details":{"Hue Change":"0.00%","Saturation Change":"0.00%","Value Change":"89.65%"},"Differences":["Hai h\u00ecnh \u1ea3nh gi\u1ed1ng nhau nh\u01b0ng gi\u1eefa hai h\u00ecnh \u1ea3nh c\u00f3 s\u1ef1 kh\u00e1c nhau v\u1ec1 m\u00e0u s\u1eafc"],"Similarity_Percent":97.802734375}
 
 </msg>
<arg>compareImage</arg>
<arg>${METHOD}</arg>
<arg>json=${para}</arg>
<doc>Sends a POST request on a previously created HTTP Session.</doc>
<status status="PASS" start="2025-05-11T22:21:38.730386" elapsed="0.087376"/>
</kw>
<msg time="2025-05-11T22:21:38.817914" level="INFO">${status} = PASS</msg>
<msg time="2025-05-11T22:21:38.817967" level="INFO">${response} = &lt;Response [200]&gt;</msg>
<var>${status}</var>
<var>${response}</var>
<arg>POST On Session</arg>
<arg>compareImage</arg>
<arg>${METHOD}</arg>
<arg>json=${para}</arg>
<doc>Runs the given keyword with the given arguments and ignores possible error.</doc>
<status status="PASS" start="2025-05-11T22:21:38.730221" elapsed="0.087774"/>
</kw>
<kw name="Run Keyword If" owner="BuiltIn">
<arg>'${status}' == 'FAIL'</arg>
<arg>Get Latest File By Modified Time</arg>
<doc>Runs the given keyword with the given arguments, if ``condition`` is true.</doc>
<status status="PASS" start="2025-05-11T22:21:38.818255" elapsed="0.000371"/>
</kw>
<kw name="Log" owner="BuiltIn">
<msg time="2025-05-11T22:21:38.819163" level="INFO" html="true">&lt;Response [200]&gt;</msg>
<arg>${response}</arg>
<arg>html=True</arg>
<doc>Logs the given message with the given level.</doc>
<status status="PASS" start="2025-05-11T22:21:38.818830" elapsed="0.000395"/>
</kw>
<kw name="Should Be Equal As Strings" owner="BuiltIn">
<arg>${status}</arg>
<arg>PASS</arg>
<doc>Fails if objects are unequal after converting them to strings.</doc>
<status status="PASS" start="2025-05-11T22:21:38.819497" elapsed="0.000265"/>
</kw>
<msg time="2025-05-11T22:21:38.819897" level="INFO">${result} = None</msg>
<var>${result}</var>
<arg>${element_screenshot_path}</arg>
<arg>${expected_icon_link}</arg>
<status status="PASS" start="2025-05-11T22:21:38.728732" elapsed="0.091199"/>
</kw>
<return>
<value>${result}</value>
<status status="PASS" start="2025-05-11T22:21:38.820003" elapsed="0.000057"/>
</return>
<arg>${icon}</arg>
<doc>Từ khóa này kiểm tra xem icon của thông báo có khớp với icon mong đợi hay không.
- Tham số `${expected_icon_link}`: Đường dẫn hoặc hình ảnh icon mẫu.
- Chụp ảnh icon hiện tại và so sánh với icon mẫu.
- Trả về kết quả so sánh (`True` hoặc `False`).</doc>
<status status="PASS" start="2025-05-11T22:21:38.180761" elapsed="0.639429"/>
</kw>
<kw name="Check Title In Notification" owner="notification_keyword">
<kw name="Get Title In Notification" owner="notification_keyword">
<kw name="Wait Until Page Contains Element" owner="AppiumLibrary">
<msg time="2025-05-11T22:21:38.876163" level="INFO">xpath criteria: //android.widget.TextView[@resource-id="com.example.mcm_mangacollectionmanagement:id/successtitle"]</msg>
<arg>${TXT_NOTIFY_TITLE}</arg>
<doc>Waits until element specified with `locator` appears on current page.</doc>
<status status="PASS" start="2025-05-11T22:21:38.822346" elapsed="0.053946"/>
</kw>
<kw name="Get Text" owner="AppiumLibrary">
<msg time="2025-05-11T22:21:39.008072" level="INFO">Element '//android.widget.TextView[@resource-id="com.example.mcm_mangacollectionmanagement:id/successtitle"]' text is 'Thông báo' </msg>
<msg time="2025-05-11T22:21:39.008151" level="INFO">xpath criteria: //android.widget.TextView[@resource-id="com.example.mcm_mangacollectionmanagement:id/successtitle"]</msg>
<msg time="2025-05-11T22:21:39.008229" level="INFO">${title} = Thông báo</msg>
<var>${title}</var>
<arg>${TXT_NOTIFY_TITLE}</arg>
<doc>Get element text (for hybrid and mobile browser use `xpath` locator, others might cause problem)</doc>
<status status="PASS" start="2025-05-11T22:21:38.876614" elapsed="0.131641"/>
</kw>
<return>
<value>${title}</value>
<status status="PASS" start="2025-05-11T22:21:39.008322" elapsed="0.000044"/>
</return>
<msg time="2025-05-11T22:21:39.008502" level="INFO">${actual} = Thông báo</msg>
<var>${actual}</var>
<doc>Từ khóa này lấy tiêu đề của thông báo.
- Đợi cho đến khi phần tử tiêu đề xuất hiện.
- Trả về tiêu đề của thông báo dưới dạng chuỗi.</doc>
<status status="PASS" start="2025-05-11T22:21:38.822073" elapsed="0.186456"/>
</kw>
<kw name="Should Contain" owner="BuiltIn">
<arg>${actual}</arg>
<arg>${expected}</arg>
<doc>Fails if ``container`` does not contain ``item`` one or more times.</doc>
<status status="PASS" start="2025-05-11T22:21:39.008686" elapsed="0.000171"/>
</kw>
<arg>${title}</arg>
<doc>Từ khóa này kiểm tra tiêu đề của thông báo có chứa nội dung mong đợi hay không.
- Tham số `${expected}`: Chuỗi tiêu đề mong đợi.
- So sánh tiêu đề thực tế với tiêu đề mong đợi.</doc>
<status status="PASS" start="2025-05-11T22:21:38.821650" elapsed="0.187273"/>
</kw>
<kw name="Check Content In Notification" owner="notification_keyword">
<kw name="Get Content In Notification" owner="notification_keyword">
<kw name="Wait Until Page Contains Element" owner="AppiumLibrary">
<msg time="2025-05-11T22:21:39.094695" level="INFO">xpath criteria: //android.widget.TextView[@resource-id="com.example.mcm_mangacollectionmanagement:id/successdesc"]</msg>
<arg>${TXT_NOTIFY_CONTENT}</arg>
<doc>Waits until element specified with `locator` appears on current page.</doc>
<status status="PASS" start="2025-05-11T22:21:39.011167" elapsed="0.083657"/>
</kw>
<kw name="Get Text" owner="AppiumLibrary">
<msg time="2025-05-11T22:21:39.240983" level="INFO">Element '//android.widget.TextView[@resource-id="com.example.mcm_mangacollectionmanagement:id/successdesc"]' text is 'Đăng nhập thành công 
 Chào mừng hien123 &gt;.&lt; ' </msg>
<msg time="2025-05-11T22:21:39.241141" level="INFO">xpath criteria: //android.widget.TextView[@resource-id="com.example.mcm_mangacollectionmanagement:id/successdesc"]</msg>
<msg time="2025-05-11T22:21:39.241350" level="INFO">${content} = Đăng nhập thành công 
 Chào mừng hien123 &gt;.&lt; </msg>
<var>${content}</var>
<arg>${TXT_NOTIFY_CONTENT}</arg>
<doc>Get element text (for hybrid and mobile browser use `xpath` locator, others might cause problem)</doc>
<status status="PASS" start="2025-05-11T22:21:39.095040" elapsed="0.146387"/>
</kw>
<return>
<value>${content}</value>
<status status="PASS" start="2025-05-11T22:21:39.241558" elapsed="0.000094"/>
</return>
<msg time="2025-05-11T22:21:39.241968" level="INFO">${actual} = Đăng nhập thành công 
 Chào mừng hien123 &gt;.&lt; </msg>
<var>${actual}</var>
<doc>Từ khóa này lấy nội dung hiển thị trong thông báo.
- Đợi cho đến khi phần tử nội dung thông báo xuất hiện.
- Trả về nội dung của thông báo dưới dạng chuỗi.</doc>
<status status="PASS" start="2025-05-11T22:21:39.010918" elapsed="0.231132"/>
</kw>
<kw name="Should Contain" owner="BuiltIn">
<arg>${actual}</arg>
<arg>${expected}</arg>
<doc>Fails if ``container`` does not contain ``item`` one or more times.</doc>
<status status="PASS" start="2025-05-11T22:21:39.242434" elapsed="0.000372"/>
</kw>
<arg>${content}</arg>
<doc>Từ khóa này kiểm tra nội dung của thông báo có chứa giá trị mong đợi hay không.
- Tham số `${expected}`: Chuỗi nội dung mong đợi.
- So sánh nội dung thực tế với nội dung mong đợi.</doc>
<status status="PASS" start="2025-05-11T22:21:39.010588" elapsed="0.232337"/>
</kw>
<kw name="Click OK In Notification" owner="notification_keyword">
<kw name="Wait Until Page Contains Element" owner="AppiumLibrary">
<msg time="2025-05-11T22:21:39.329175" level="INFO">xpath criteria: //android.widget.Button[@resource-id="com.example.mcm_mangacollectionmanagement:id/successdone"]</msg>
<arg>${BTN_NOTIFY_OK}</arg>
<doc>Waits until element specified with `locator` appears on current page.</doc>
<status status="PASS" start="2025-05-11T22:21:39.243817" elapsed="0.085439"/>
</kw>
<kw name="Click Element" owner="AppiumLibrary">
<msg time="2025-05-11T22:21:39.331797" level="INFO">Clicking element '//android.widget.Button[@resource-id="com.example.mcm_mangacollectionmanagement:id/successdone"]'.</msg>
<msg time="2025-05-11T22:21:39.559717" level="INFO">xpath criteria: //android.widget.Button[@resource-id="com.example.mcm_mangacollectionmanagement:id/successdone"]</msg>
<arg>${BTN_NOTIFY_OK}</arg>
<doc>Click element identified by `locator`.</doc>
<status status="PASS" start="2025-05-11T22:21:39.329427" elapsed="0.230421"/>
</kw>
<doc>Từ khóa này nhấn vào nút OK trong thông báo.</doc>
<status status="PASS" start="2025-05-11T22:21:39.243245" elapsed="0.316736"/>
</kw>
<kw name="Verify Element In Notification Not Visible" owner="notification_keyword">
<kw name="Page Should Not Contain Element" owner="AppiumLibrary">
<msg time="2025-05-11T22:21:40.655990" level="INFO">Current page not contains element '//android.widget.ImageView[@resource-id="com.example.mcm_mangacollectionmanagement:id/successimage"]'.</msg>
<msg time="2025-05-11T22:21:40.656126" level="INFO">xpath criteria: //android.widget.ImageView[@resource-id="com.example.mcm_mangacollectionmanagement:id/successimage"]</msg>
<arg>${NOTIFY_ICON}</arg>
<doc>Verifies that current page not contains `locator` element.</doc>
<status status="PASS" start="2025-05-11T22:21:39.568169" elapsed="1.088044"/>
</kw>
<kw name="Page Should Not Contain Element" owner="AppiumLibrary">
<msg time="2025-05-11T22:21:40.747887" level="INFO">Current page not contains element '//android.widget.TextView[@resource-id="com.example.mcm_mangacollectionmanagement:id/successtitle"]'.</msg>
<msg time="2025-05-11T22:21:40.747981" level="INFO">xpath criteria: //android.widget.TextView[@resource-id="com.example.mcm_mangacollectionmanagement:id/successtitle"]</msg>
<arg>${TXT_NOTIFY_TITLE}</arg>
<doc>Verifies that current page not contains `locator` element.</doc>
<status status="PASS" start="2025-05-11T22:21:40.656646" elapsed="0.091390"/>
</kw>
<kw name="Page Should Not Contain Element" owner="AppiumLibrary">
<msg time="2025-05-11T22:21:40.854077" level="INFO">Current page not contains element '//android.widget.TextView[@resource-id="com.example.mcm_mangacollectionmanagement:id/successdesc"]'.</msg>
<msg time="2025-05-11T22:21:40.854158" level="INFO">xpath criteria: //android.widget.TextView[@resource-id="com.example.mcm_mangacollectionmanagement:id/successdesc"]</msg>
<arg>${TXT_NOTIFY_CONTENT}</arg>
<doc>Verifies that current page not contains `locator` element.</doc>
<status status="PASS" start="2025-05-11T22:21:40.748254" elapsed="0.105960"/>
</kw>
<kw name="Page Should Not Contain Element" owner="AppiumLibrary">
<msg time="2025-05-11T22:21:40.945430" level="INFO">Current page not contains element '//android.widget.Button[@resource-id="com.example.mcm_mangacollectionmanagement:id/successdone"]'.</msg>
<msg time="2025-05-11T22:21:40.945518" level="INFO">xpath criteria: //android.widget.Button[@resource-id="com.example.mcm_mangacollectionmanagement:id/successdone"]</msg>
<arg>${BTN_NOTIFY_OK}</arg>
<doc>Verifies that current page not contains `locator` element.</doc>
<status status="PASS" start="2025-05-11T22:21:40.854389" elapsed="0.091182"/>
</kw>
<kw name="Run Keyword If" owner="BuiltIn">
<arg>"${twoButton}" == "2"</arg>
<arg>Page should not contain element</arg>
<arg>${BTN_NOTIFY_CANCEL}</arg>
<doc>Runs the given keyword with the given arguments, if ``condition`` is true.</doc>
<status status="PASS" start="2025-05-11T22:21:40.945859" elapsed="0.000217"/>
</kw>
<doc>Từ khóa này kiểm tra rằng tất cả các thành phần của thông báo không hiển thị trên màn hình.
- Tham số `${twoButton}` xác định số lượng nút trong thông báo:
  - `1`: Chỉ có một nút (OK).
  - `2`: Có hai nút (OK và Cancel).
- Các phần tử cần kiểm tra:
  - Icon thông báo
  - Tiêu đề thông báo
  - Nội dung thông báo
  - Nút OK
  - Nút Cancel (nếu `${twoButton} == 2`)</doc>
<status status="PASS" start="2025-05-11T22:21:39.566121" elapsed="1.380039"/>
</kw>
<arg>${icon}</arg>
<arg>${notif_title}</arg>
<arg>${notif_content}</arg>
<status status="PASS" start="2025-05-11T22:21:37.675098" elapsed="3.271129"/>
</kw>
<if>
<branch type="IF" condition="&quot;${type}&quot; == &quot;success&quot;">
<kw name="Page Should Contain Element" owner="AppiumLibrary">
<msg time="2025-05-11T22:21:41.058791" level="INFO">Current page contains element '//android.widget.ImageView[@resource-id="com.example.mcm_mangacollectionmanagement:id/imageView"]'.</msg>
<msg time="2025-05-11T22:21:41.058883" level="INFO">xpath criteria: //android.widget.ImageView[@resource-id="com.example.mcm_mangacollectionmanagement:id/imageView"]</msg>
<arg>${IMG_MAIN_WELCOME}</arg>
<doc>Verifies that current page contains `locator` element.</doc>
<status status="PASS" start="2025-05-11T22:21:40.946560" elapsed="0.112375"/>
</kw>
<status status="PASS" start="2025-05-11T22:21:40.946334" elapsed="0.112674"/>
</branch>
<status status="PASS" start="2025-05-11T22:21:40.946303" elapsed="0.112752"/>
</if>
<arg>${old_username}</arg>
<arg>${old_password}</arg>
<arg>Thông báo</arg>
<arg>Đăng nhập thành công \n Chào mừng ${old_username} &gt;.&lt;</arg>
<arg>E:/PythonProject/Mframework/screenshot/baseline/success_notify_icon.png</arg>
<arg>success</arg>
<status status="PASS" start="2025-05-11T22:21:29.871910" elapsed="11.187216"/>
</kw>
<kw name="Go To Main Setting" owner="accountsetting_keyword">
<kw name="Wait Until Page Contains Element" owner="AppiumLibrary">
<msg time="2025-05-11T22:21:41.168558" level="INFO">xpath criteria: //android.widget.ImageButton[@resource-id="com.example.mcm_mangacollectionmanagement:id/buttonDrawerToggle"]</msg>
<arg>${BTN_M_OPEN_MENU}</arg>
<doc>Waits until element specified with `locator` appears on current page.</doc>
<status status="PASS" start="2025-05-11T22:21:41.059727" elapsed="0.108995"/>
</kw>
<kw name="Click Element" owner="AppiumLibrary">
<msg time="2025-05-11T22:21:41.174937" level="INFO">Clicking element '//android.widget.ImageButton[@resource-id="com.example.mcm_mangacollectionmanagement:id/buttonDrawerToggle"]'.</msg>
<msg time="2025-05-11T22:21:41.398118" level="INFO">xpath criteria: //android.widget.ImageButton[@resource-id="com.example.mcm_mangacollectionmanagement:id/buttonDrawerToggle"]</msg>
<arg>${BTN_M_OPEN_MENU}</arg>
<doc>Click element identified by `locator`.</doc>
<status status="PASS" start="2025-05-11T22:21:41.169269" elapsed="0.229003"/>
</kw>
<kw name="Wait Until Page Contains Element" owner="AppiumLibrary">
<msg time="2025-05-11T22:21:41.539701" level="INFO">xpath criteria: //android.widget.CheckedTextView[@resource-id="com.example.mcm_mangacollectionmanagement:id/design_menu_item_text" and @text="Cài đặt"]</msg>
<arg>${BTN_M_SETTING}</arg>
<doc>Waits until element specified with `locator` appears on current page.</doc>
<status status="PASS" start="2025-05-11T22:21:41.398588" elapsed="0.141248"/>
</kw>
<kw name="Click Element" owner="AppiumLibrary">
<msg time="2025-05-11T22:21:41.544981" level="INFO">Clicking element '//android.widget.CheckedTextView[@resource-id="com.example.mcm_mangacollectionmanagement:id/design_menu_item_text" and @text="Cài đặt"]'.</msg>
<msg time="2025-05-11T22:21:42.550092" level="INFO">xpath criteria: //android.widget.CheckedTextView[@resource-id="com.example.mcm_mangacollectionmanagement:id/design_menu_item_text" and @text="Cài đặt"]</msg>
<arg>${BTN_M_SETTING}</arg>
<doc>Click element identified by `locator`.</doc>
<status status="PASS" start="2025-05-11T22:21:41.540100" elapsed="1.010117"/>
</kw>
<kw name="Wait Until Page Contains Element" owner="AppiumLibrary">
<msg time="2025-05-11T22:21:43.662468" level="INFO">xpath criteria: //android.widget.Button[@resource-id="com.example.mcm_mangacollectionmanagement:id/btnAccount"]
xpath criteria: //android.widget.Button[@resource-id="com.example.mcm_mangacollectionmanagement:id/btnAccount"]</msg>
<arg>${BTN_SETTING_ACCOUNT}</arg>
<doc>Waits until element specified with `locator` appears on current page.</doc>
<status status="PASS" start="2025-05-11T22:21:42.550469" elapsed="1.112084"/>
</kw>
<kw name="Click Element" owner="AppiumLibrary">
<msg time="2025-05-11T22:21:43.665222" level="INFO">Clicking element '//android.widget.Button[@resource-id="com.example.mcm_mangacollectionmanagement:id/btnAccount"]'.</msg>
<msg time="2025-05-11T22:21:43.887193" level="INFO">xpath criteria: //android.widget.Button[@resource-id="com.example.mcm_mangacollectionmanagement:id/btnAccount"]</msg>
<arg>${BTN_SETTING_ACCOUNT}</arg>
<doc>Click element identified by `locator`.</doc>
<status status="PASS" start="2025-05-11T22:21:43.662721" elapsed="0.224591"/>
</kw>
<status status="PASS" start="2025-05-11T22:21:41.059367" elapsed="2.828065"/>
</kw>
<kw name="Verify Saving Account Information" owner="accountsetting_keyword">
<if>
<branch type="IF" condition="'${type}' == 'none'">
<kw name="Click Element" owner="AppiumLibrary">
<arg>${BTN_AS_SAVE}</arg>
<doc>Click element identified by `locator`.</doc>
<status status="NOT RUN" start="2025-05-11T22:21:43.888885" elapsed="0.000041"/>
</kw>
<status status="NOT RUN" start="2025-05-11T22:21:43.888558" elapsed="0.000430"/>
</branch>
<branch type="ELSE">
<kw name="Clear Text In Account Form" owner="accountsetting_keyword">
<kw name="Wait Until Page Contains Element" owner="AppiumLibrary">
<msg time="2025-05-11T22:21:44.895619" level="INFO">xpath criteria: //android.widget.Button[@resource-id="com.example.mcm_mangacollectionmanagement:id/btnChooseBackground"]
xpath criteria: //android.widget.Button[@resource-id="com.example.mcm_mangacollectionmanagement:id/btnChooseBackground"]</msg>
<arg>${BTN_AS_BACKGROUND}</arg>
<doc>Waits until element specified with `locator` appears on current page.</doc>
<status status="PASS" start="2025-05-11T22:21:43.889829" elapsed="1.005915"/>
</kw>
<kw name="Clear Text" owner="AppiumLibrary">
<msg time="2025-05-11T22:21:44.899585" level="INFO">Clear text field '//android.widget.EditText[@resource-id="com.example.mcm_mangacollectionmanagement:id/edtAccountUsername"]'</msg>
<msg time="2025-05-11T22:21:45.119149" level="INFO">xpath criteria: //android.widget.EditText[@resource-id="com.example.mcm_mangacollectionmanagement:id/edtAccountUsername"]</msg>
<arg>${EDT_AS_USERNAME}</arg>
<doc>Clears the text field identified by `locator`.</doc>
<status status="PASS" start="2025-05-11T22:21:44.895995" elapsed="0.223393"/>
</kw>
<kw name="Clear Text" owner="AppiumLibrary">
<msg time="2025-05-11T22:21:45.131050" level="INFO">Clear text field '//android.widget.EditText[@resource-id="com.example.mcm_mangacollectionmanagement:id/edtAccountPassword"]'</msg>
<msg time="2025-05-11T22:21:45.903725" level="INFO">xpath criteria: //android.widget.EditText[@resource-id="com.example.mcm_mangacollectionmanagement:id/edtAccountPassword"]</msg>
<arg>${EDT_AS_PASSWORD}</arg>
<doc>Clears the text field identified by `locator`.</doc>
<status status="PASS" start="2025-05-11T22:21:45.119782" elapsed="0.784108"/>
</kw>
<kw name="Clear Text" owner="AppiumLibrary">
<msg time="2025-05-11T22:21:45.909279" level="INFO">Clear text field '//android.widget.EditText[@resource-id="com.example.mcm_mangacollectionmanagement:id/edtAccountGmail"]'</msg>
<msg time="2025-05-11T22:21:46.694028" level="INFO">xpath criteria: //android.widget.EditText[@resource-id="com.example.mcm_mangacollectionmanagement:id/edtAccountGmail"]</msg>
<arg>${EDT_AS_GMAIL}</arg>
<doc>Clears the text field identified by `locator`.</doc>
<status status="PASS" start="2025-05-11T22:21:45.904148" elapsed="0.790216"/>
</kw>
<status status="PASS" start="2025-05-11T22:21:43.889267" elapsed="2.805265"/>
</kw>
<kw name="Fill Account Information" owner="accountsetting_keyword">
<kw name="Wait Until Page Contains Element" owner="AppiumLibrary">
<msg time="2025-05-11T22:21:47.483157" level="INFO">xpath criteria: //android.widget.EditText[@resource-id="com.example.mcm_mangacollectionmanagement:id/edtAccountUsername"]</msg>
<arg>${EDT_AS_USERNAME}</arg>
<doc>Waits until element specified with `locator` appears on current page.</doc>
<status status="PASS" start="2025-05-11T22:21:46.696000" elapsed="0.787294"/>
</kw>
<kw name="Input Text" owner="AppiumLibrary">
<msg time="2025-05-11T22:21:47.488104" level="INFO">Typing text 'h' into text field '//android.widget.EditText[@resource-id="com.example.mcm_mangacollectionmanagement:id/edtAccountUsername"]'</msg>
<msg time="2025-05-11T22:21:48.581463" level="INFO">xpath criteria: //android.widget.EditText[@resource-id="com.example.mcm_mangacollectionmanagement:id/edtAccountUsername"]</msg>
<arg>${EDT_AS_USERNAME}</arg>
<arg>${username}</arg>
<doc>Types the given `text` into text field identified by `locator`.</doc>
<status status="PASS" start="2025-05-11T22:21:47.483604" elapsed="1.098173"/>
</kw>
<kw name="Input Text" owner="AppiumLibrary">
<msg time="2025-05-11T22:21:48.601143" level="INFO">Typing text '1' into text field '//android.widget.EditText[@resource-id="com.example.mcm_mangacollectionmanagement:id/edtAccountPassword"]'</msg>
<msg time="2025-05-11T22:21:49.941143" level="INFO">xpath criteria: //android.widget.EditText[@resource-id="com.example.mcm_mangacollectionmanagement:id/edtAccountPassword"]</msg>
<arg>${EDT_AS_PASSWORD}</arg>
<arg>${password}</arg>
<doc>Types the given `text` into text field identified by `locator`.</doc>
<status status="PASS" start="2025-05-11T22:21:48.582488" elapsed="1.358780"/>
</kw>
<kw name="Input Text" owner="AppiumLibrary">
<msg time="2025-05-11T22:21:49.944525" level="INFO">Typing text 'hien@gmail.com' into text field '//android.widget.EditText[@resource-id="com.example.mcm_mangacollectionmanagement:id/edtAccountGmail"]'</msg>
<msg time="2025-05-11T22:21:51.425837" level="INFO">xpath criteria: //android.widget.EditText[@resource-id="com.example.mcm_mangacollectionmanagement:id/edtAccountGmail"]</msg>
<arg>${EDT_AS_GMAIL}</arg>
<arg>${gmail}</arg>
<doc>Types the given `text` into text field identified by `locator`.</doc>
<status status="PASS" start="2025-05-11T22:21:49.941511" elapsed="1.484525"/>
</kw>
<arg>${username}</arg>
<arg>${password}</arg>
<arg>${gmail}</arg>
<status status="PASS" start="2025-05-11T22:21:46.695074" elapsed="4.731147"/>
</kw>
<if>
<branch type="IF" condition="'${type}' == 'change_avt&amp;bg'">
<kw name="Choose Avatar And Background" owner="accountsetting_keyword">
<status status="NOT RUN" start="2025-05-11T22:21:51.427145" elapsed="0.000080"/>
</kw>
<status status="NOT RUN" start="2025-05-11T22:21:51.426447" elapsed="0.000853"/>
</branch>
<status status="PASS" start="2025-05-11T22:21:51.426382" elapsed="0.000996"/>
</if>
<kw name="Click Element" owner="AppiumLibrary">
<msg time="2025-05-11T22:21:51.434415" level="INFO">Clicking element '//android.widget.Button[@resource-id="com.example.mcm_mangacollectionmanagement:id/btnAccountSave"]'.</msg>
<msg time="2025-05-11T22:21:52.335438" level="INFO">xpath criteria: //android.widget.Button[@resource-id="com.example.mcm_mangacollectionmanagement:id/btnAccountSave"]</msg>
<arg>${BTN_AS_SAVE}</arg>
<doc>Click element identified by `locator`.</doc>
<status status="PASS" start="2025-05-11T22:21:51.427765" elapsed="0.907939"/>
</kw>
<status status="PASS" start="2025-05-11T22:21:43.889036" elapsed="8.446977"/>
</branch>
<status status="PASS" start="2025-05-11T22:21:43.888522" elapsed="8.447679"/>
</if>
<kw name="Verify Notification" owner="notificationall_keyword">
<kw name="Verify Element In Notification Visible" owner="notification_keyword">
<kw name="Wait Until Element Is Visible" owner="AppiumLibrary">
<msg time="2025-05-11T22:21:53.492936" level="INFO">xpath criteria: //android.widget.ImageView[@resource-id="com.example.mcm_mangacollectionmanagement:id/successimage"]
xpath criteria: //android.widget.ImageView[@resource-id="com.example.mcm_mangacollectionmanagement:id/successimage"]</msg>
<arg>${NOTIFY_ICON}</arg>
<doc>Waits until element specified with `locator` is visible.</doc>
<status status="PASS" start="2025-05-11T22:21:52.349163" elapsed="1.143858"/>
</kw>
<kw name="Wait Until Element Is Visible" owner="AppiumLibrary">
<msg time="2025-05-11T22:21:53.797344" level="INFO">xpath criteria: //android.widget.TextView[@resource-id="com.example.mcm_mangacollectionmanagement:id/successtitle"]</msg>
<arg>${TXT_NOTIFY_TITLE}</arg>
<doc>Waits until element specified with `locator` is visible.</doc>
<status status="PASS" start="2025-05-11T22:21:53.493198" elapsed="0.304498"/>
</kw>
<kw name="Wait Until Element Is Visible" owner="AppiumLibrary">
<msg time="2025-05-11T22:21:53.943227" level="INFO">xpath criteria: //android.widget.TextView[@resource-id="com.example.mcm_mangacollectionmanagement:id/successdesc"]</msg>
<arg>${TXT_NOTIFY_CONTENT}</arg>
<doc>Waits until element specified with `locator` is visible.</doc>
<status status="PASS" start="2025-05-11T22:21:53.798494" elapsed="0.144845"/>
</kw>
<kw name="Wait Until Element Is Visible" owner="AppiumLibrary">
<msg time="2025-05-11T22:21:54.093492" level="INFO">xpath criteria: //android.widget.Button[@resource-id="com.example.mcm_mangacollectionmanagement:id/successdone"]</msg>
<arg>${BTN_NOTIFY_OK}</arg>
<doc>Waits until element specified with `locator` is visible.</doc>
<status status="PASS" start="2025-05-11T22:21:53.943620" elapsed="0.149955"/>
</kw>
<kw name="Run Keyword If" owner="BuiltIn">
<arg>"${twoButton}" == "2"</arg>
<arg>Wait until element is visible</arg>
<arg>${BTN_NOTIFY_CANCEL}</arg>
<doc>Runs the given keyword with the given arguments, if ``condition`` is true.</doc>
<status status="PASS" start="2025-05-11T22:21:54.093843" elapsed="0.000220"/>
</kw>
<doc>Từ khóa này đợi cho đến khi các thành phần trong thông báo hiển thị.
- Tham số `${twoButton}` xác định số lượng nút trong thông báo:
- `1`: Thông báo chỉ có một nút.
- `2`: Thông báo có hai nút (OK và Cancel).
- Các thành phần được kiểm tra:
  - Icon thông báo
  - Tiêu đề thông báo
  - Nội dung thông báo
  - Nút OK
  - Nút Cancel (nếu `${twoButton} == 2`)</doc>
<status status="PASS" start="2025-05-11T22:21:52.348161" elapsed="1.746060"/>
</kw>
<kw name="Check Icon In Notification" owner="notification_keyword">
<kw name="Capture Element Screenshot" owner="CaptureElementScreenshot">
<msg time="2025-05-11T22:21:54.789850" level="INFO">${element_screenshot_path} = E:\PythonProject\MFramework\screenshot\current\curr_20250511_222154.png</msg>
<var>${element_screenshot_path}</var>
<arg>${NOTIFY_ICON}</arg>
<status status="PASS" start="2025-05-11T22:21:54.096412" elapsed="0.693518"/>
</kw>
<kw name="Compare Image" owner="compare_image">
<kw name="Create Session" owner="RequestsLibrary">
<msg time="2025-05-11T22:21:54.791296" level="INFO">Creating Session using : alias=compareImage, url=http://127.0.0.1:500, headers={},                     cookies={}, auth=None, timeout=None, proxies=None, verify=False,                     debug=0 </msg>
<arg>compareImage</arg>
<arg>${API_URL}</arg>
<doc>Create Session: create a HTTP session to a server</doc>
<status status="PASS" start="2025-05-11T22:21:54.791005" elapsed="0.000588"/>
</kw>
<kw name="Create Dictionary" owner="BuiltIn">
<msg time="2025-05-11T22:21:54.792739" level="INFO">${para} = {'image_path1': 'E:\\PythonProject\\MFramework\\screenshot\\current\\curr_20250511_222154.png', 'image_path2': 'E:/PythonProject/Mframework/screenshot/baseline/success_notify_icon.png'}</msg>
<var>${para}</var>
<arg>image_path1=${IMAGE_PATH1}</arg>
<arg>image_path2=${IMAGE_PATH2}</arg>
<doc>Creates and returns a dictionary based on the given ``items``.</doc>
<status status="PASS" start="2025-05-11T22:21:54.792080" elapsed="0.000720"/>
</kw>
<kw name="Run Keyword And Ignore Error" owner="BuiltIn">
<kw name="POST On Session" owner="RequestsLibrary">
<msg time="2025-05-11T22:21:54.878049" level="INFO">POST Request : url=http://127.0.0.1:500/compare_using_pixelmatch 
 path_url=/compare_using_pixelmatch 
 headers={'User-Agent': 'python-requests/2.32.3', 'Accept-Encoding': 'gzip, deflate', 'Accept': '*/*', 'Connection': 'keep-alive', 'Content-Length': '185', 'Content-Type': 'application/json'} 
 body=b'{"image_path1": "E:\\\\PythonProject\\\\MFramework\\\\screenshot\\\\current\\\\curr_20250511_222154.png", "image_path2": "E:/PythonProject/Mframework/screenshot/baseline/success_notify_icon.png"}' 
 </msg>
<msg time="2025-05-11T22:21:54.878182" level="INFO">POST Response : url=http://127.0.0.1:500/compare_using_pixelmatch 
 status=200, reason=OK 
 headers={'Server': 'Werkzeug/3.1.3 Python/3.13.1', 'Date': 'Sun, 11 May 2025 15:21:54 GMT', 'Content-Type': 'application/json', 'Content-Length': '285', 'Connection': 'close'} 
 body={"Color_Details":{"Hue Change":"0.00%","Saturation Change":"0.00%","Value Change":"89.65%"},"Differences":["Hai h\u00ecnh \u1ea3nh gi\u1ed1ng nhau nh\u01b0ng gi\u1eefa hai h\u00ecnh \u1ea3nh c\u00f3 s\u1ef1 kh\u00e1c nhau v\u1ec1 m\u00e0u s\u1eafc"],"Similarity_Percent":97.802734375}
 
 </msg>
<arg>compareImage</arg>
<arg>${METHOD}</arg>
<arg>json=${para}</arg>
<doc>Sends a POST request on a previously created HTTP Session.</doc>
<status status="PASS" start="2025-05-11T22:21:54.793428" elapsed="0.084907"/>
</kw>
<msg time="2025-05-11T22:21:54.878588" level="INFO">${status} = PASS</msg>
<msg time="2025-05-11T22:21:54.878676" level="INFO">${response} = &lt;Response [200]&gt;</msg>
<var>${status}</var>
<var>${response}</var>
<arg>POST On Session</arg>
<arg>compareImage</arg>
<arg>${METHOD}</arg>
<arg>json=${para}</arg>
<doc>Runs the given keyword with the given arguments and ignores possible error.</doc>
<status status="PASS" start="2025-05-11T22:21:54.793090" elapsed="0.085639"/>
</kw>
<kw name="Run Keyword If" owner="BuiltIn">
<arg>'${status}' == 'FAIL'</arg>
<arg>Get Latest File By Modified Time</arg>
<doc>Runs the given keyword with the given arguments, if ``condition`` is true.</doc>
<status status="PASS" start="2025-05-11T22:21:54.879041" elapsed="0.000362"/>
</kw>
<kw name="Log" owner="BuiltIn">
<msg time="2025-05-11T22:21:54.880013" level="INFO" html="true">&lt;Response [200]&gt;</msg>
<arg>${response}</arg>
<arg>html=True</arg>
<doc>Logs the given message with the given level.</doc>
<status status="PASS" start="2025-05-11T22:21:54.879692" elapsed="0.000419"/>
</kw>
<kw name="Should Be Equal As Strings" owner="BuiltIn">
<arg>${status}</arg>
<arg>PASS</arg>
<doc>Fails if objects are unequal after converting them to strings.</doc>
<status status="PASS" start="2025-05-11T22:21:54.880362" elapsed="0.000271"/>
</kw>
<msg time="2025-05-11T22:21:54.880779" level="INFO">${result} = None</msg>
<var>${result}</var>
<arg>${element_screenshot_path}</arg>
<arg>${expected_icon_link}</arg>
<status status="PASS" start="2025-05-11T22:21:54.790276" elapsed="0.090558"/>
</kw>
<return>
<value>${result}</value>
<status status="PASS" start="2025-05-11T22:21:54.880918" elapsed="0.000050"/>
</return>
<arg>${icon}</arg>
<doc>Từ khóa này kiểm tra xem icon của thông báo có khớp với icon mong đợi hay không.
- Tham số `${expected_icon_link}`: Đường dẫn hoặc hình ảnh icon mẫu.
- Chụp ảnh icon hiện tại và so sánh với icon mẫu.
- Trả về kết quả so sánh (`True` hoặc `False`).</doc>
<status status="PASS" start="2025-05-11T22:21:54.096032" elapsed="0.785058"/>
</kw>
<kw name="Check Title In Notification" owner="notification_keyword">
<kw name="Get Title In Notification" owner="notification_keyword">
<kw name="Wait Until Page Contains Element" owner="AppiumLibrary">
<msg time="2025-05-11T22:21:54.941501" level="INFO">xpath criteria: //android.widget.TextView[@resource-id="com.example.mcm_mangacollectionmanagement:id/successtitle"]</msg>
<arg>${TXT_NOTIFY_TITLE}</arg>
<doc>Waits until element specified with `locator` appears on current page.</doc>
<status status="PASS" start="2025-05-11T22:21:54.885807" elapsed="0.055842"/>
</kw>
<kw name="Get Text" owner="AppiumLibrary">
<msg time="2025-05-11T22:21:55.098311" level="INFO">Element '//android.widget.TextView[@resource-id="com.example.mcm_mangacollectionmanagement:id/successtitle"]' text is 'Thông báo' </msg>
<msg time="2025-05-11T22:21:55.098386" level="INFO">xpath criteria: //android.widget.TextView[@resource-id="com.example.mcm_mangacollectionmanagement:id/successtitle"]</msg>
<msg time="2025-05-11T22:21:55.098468" level="INFO">${title} = Thông báo</msg>
<var>${title}</var>
<arg>${TXT_NOTIFY_TITLE}</arg>
<doc>Get element text (for hybrid and mobile browser use `xpath` locator, others might cause problem)</doc>
<status status="PASS" start="2025-05-11T22:21:54.942066" elapsed="0.156429"/>
</kw>
<return>
<value>${title}</value>
<status status="PASS" start="2025-05-11T22:21:55.098562" elapsed="0.000042"/>
</return>
<msg time="2025-05-11T22:21:55.098829" level="INFO">${actual} = Thông báo</msg>
<var>${actual}</var>
<doc>Từ khóa này lấy tiêu đề của thông báo.
- Đợi cho đến khi phần tử tiêu đề xuất hiện.
- Trả về tiêu đề của thông báo dưới dạng chuỗi.</doc>
<status status="PASS" start="2025-05-11T22:21:54.884738" elapsed="0.214139"/>
</kw>
<kw name="Should Contain" owner="BuiltIn">
<arg>${actual}</arg>
<arg>${expected}</arg>
<doc>Fails if ``container`` does not contain ``item`` one or more times.</doc>
<status status="PASS" start="2025-05-11T22:21:55.099141" elapsed="0.000311"/>
</kw>
<arg>${title}</arg>
<doc>Từ khóa này kiểm tra tiêu đề của thông báo có chứa nội dung mong đợi hay không.
- Tham số `${expected}`: Chuỗi tiêu đề mong đợi.
- So sánh tiêu đề thực tế với tiêu đề mong đợi.</doc>
<status status="PASS" start="2025-05-11T22:21:54.883920" elapsed="0.215640"/>
</kw>
<kw name="Check Content In Notification" owner="notification_keyword">
<kw name="Get Content In Notification" owner="notification_keyword">
<kw name="Wait Until Page Contains Element" owner="AppiumLibrary">
<msg time="2025-05-11T22:21:55.172058" level="INFO">xpath criteria: //android.widget.TextView[@resource-id="com.example.mcm_mangacollectionmanagement:id/successdesc"]</msg>
<arg>${TXT_NOTIFY_CONTENT}</arg>
<doc>Waits until element specified with `locator` appears on current page.</doc>
<status status="PASS" start="2025-05-11T22:21:55.101528" elapsed="0.070618"/>
</kw>
<kw name="Get Text" owner="AppiumLibrary">
<msg time="2025-05-11T22:21:55.309804" level="INFO">Element '//android.widget.TextView[@resource-id="com.example.mcm_mangacollectionmanagement:id/successdesc"]' text is 'Đã lưu thông tin' </msg>
<msg time="2025-05-11T22:21:55.309882" level="INFO">xpath criteria: //android.widget.TextView[@resource-id="com.example.mcm_mangacollectionmanagement:id/successdesc"]</msg>
<msg time="2025-05-11T22:21:55.309961" level="INFO">${content} = Đã lưu thông tin</msg>
<var>${content}</var>
<arg>${TXT_NOTIFY_CONTENT}</arg>
<doc>Get element text (for hybrid and mobile browser use `xpath` locator, others might cause problem)</doc>
<status status="PASS" start="2025-05-11T22:21:55.172330" elapsed="0.137658"/>
</kw>
<return>
<value>${content}</value>
<status status="PASS" start="2025-05-11T22:21:55.310054" elapsed="0.000043"/>
</return>
<msg time="2025-05-11T22:21:55.310224" level="INFO">${actual} = Đã lưu thông tin</msg>
<var>${actual}</var>
<doc>Từ khóa này lấy nội dung hiển thị trong thông báo.
- Đợi cho đến khi phần tử nội dung thông báo xuất hiện.
- Trả về nội dung của thông báo dưới dạng chuỗi.</doc>
<status status="PASS" start="2025-05-11T22:21:55.101258" elapsed="0.208992"/>
</kw>
<kw name="Should Contain" owner="BuiltIn">
<arg>${actual}</arg>
<arg>${expected}</arg>
<doc>Fails if ``container`` does not contain ``item`` one or more times.</doc>
<status status="PASS" start="2025-05-11T22:21:55.310403" elapsed="0.000168"/>
</kw>
<arg>${content}</arg>
<doc>Từ khóa này kiểm tra nội dung của thông báo có chứa giá trị mong đợi hay không.
- Tham số `${expected}`: Chuỗi nội dung mong đợi.
- So sánh nội dung thực tế với nội dung mong đợi.</doc>
<status status="PASS" start="2025-05-11T22:21:55.100919" elapsed="0.209722"/>
</kw>
<kw name="Click OK In Notification" owner="notification_keyword">
<kw name="Wait Until Page Contains Element" owner="AppiumLibrary">
<msg time="2025-05-11T22:21:55.390743" level="INFO">xpath criteria: //android.widget.Button[@resource-id="com.example.mcm_mangacollectionmanagement:id/successdone"]</msg>
<arg>${BTN_NOTIFY_OK}</arg>
<doc>Waits until element specified with `locator` appears on current page.</doc>
<status status="PASS" start="2025-05-11T22:21:55.311036" elapsed="0.079789"/>
</kw>
<kw name="Click Element" owner="AppiumLibrary">
<msg time="2025-05-11T22:21:55.393641" level="INFO">Clicking element '//android.widget.Button[@resource-id="com.example.mcm_mangacollectionmanagement:id/successdone"]'.</msg>
<msg time="2025-05-11T22:21:55.603769" level="INFO">xpath criteria: //android.widget.Button[@resource-id="com.example.mcm_mangacollectionmanagement:id/successdone"]</msg>
<arg>${BTN_NOTIFY_OK}</arg>
<doc>Click element identified by `locator`.</doc>
<status status="PASS" start="2025-05-11T22:21:55.391026" elapsed="0.213005"/>
</kw>
<doc>Từ khóa này nhấn vào nút OK trong thông báo.</doc>
<status status="PASS" start="2025-05-11T22:21:55.310800" elapsed="0.293498"/>
</kw>
<kw name="Verify Element In Notification Not Visible" owner="notification_keyword">
<kw name="Page Should Not Contain Element" owner="AppiumLibrary">
<msg time="2025-05-11T22:21:56.506501" level="INFO">Current page not contains element '//android.widget.ImageView[@resource-id="com.example.mcm_mangacollectionmanagement:id/successimage"]'.</msg>
<msg time="2025-05-11T22:21:56.506643" level="INFO">xpath criteria: //android.widget.ImageView[@resource-id="com.example.mcm_mangacollectionmanagement:id/successimage"]</msg>
<arg>${NOTIFY_ICON}</arg>
<doc>Verifies that current page not contains `locator` element.</doc>
<status status="PASS" start="2025-05-11T22:21:55.610403" elapsed="0.896356"/>
</kw>
<kw name="Page Should Not Contain Element" owner="AppiumLibrary">
<msg time="2025-05-11T22:21:56.626245" level="INFO">Current page not contains element '//android.widget.TextView[@resource-id="com.example.mcm_mangacollectionmanagement:id/successtitle"]'.</msg>
<msg time="2025-05-11T22:21:56.626322" level="INFO">xpath criteria: //android.widget.TextView[@resource-id="com.example.mcm_mangacollectionmanagement:id/successtitle"]</msg>
<arg>${TXT_NOTIFY_TITLE}</arg>
<doc>Verifies that current page not contains `locator` element.</doc>
<status status="PASS" start="2025-05-11T22:21:56.507019" elapsed="0.119352"/>
</kw>
<kw name="Page Should Not Contain Element" owner="AppiumLibrary">
<msg time="2025-05-11T22:21:56.714312" level="INFO">Current page not contains element '//android.widget.TextView[@resource-id="com.example.mcm_mangacollectionmanagement:id/successdesc"]'.</msg>
<msg time="2025-05-11T22:21:56.714400" level="INFO">xpath criteria: //android.widget.TextView[@resource-id="com.example.mcm_mangacollectionmanagement:id/successdesc"]</msg>
<arg>${TXT_NOTIFY_CONTENT}</arg>
<doc>Verifies that current page not contains `locator` element.</doc>
<status status="PASS" start="2025-05-11T22:21:56.626538" elapsed="0.087913"/>
</kw>
<kw name="Page Should Not Contain Element" owner="AppiumLibrary">
<msg time="2025-05-11T22:21:56.841781" level="INFO">Current page not contains element '//android.widget.Button[@resource-id="com.example.mcm_mangacollectionmanagement:id/successdone"]'.</msg>
<msg time="2025-05-11T22:21:56.841862" level="INFO">xpath criteria: //android.widget.Button[@resource-id="com.example.mcm_mangacollectionmanagement:id/successdone"]</msg>
<arg>${BTN_NOTIFY_OK}</arg>
<doc>Verifies that current page not contains `locator` element.</doc>
<status status="PASS" start="2025-05-11T22:21:56.714642" elapsed="0.127272"/>
</kw>
<kw name="Run Keyword If" owner="BuiltIn">
<arg>"${twoButton}" == "2"</arg>
<arg>Page should not contain element</arg>
<arg>${BTN_NOTIFY_CANCEL}</arg>
<doc>Runs the given keyword with the given arguments, if ``condition`` is true.</doc>
<status status="PASS" start="2025-05-11T22:21:56.842118" elapsed="0.000220"/>
</kw>
<doc>Từ khóa này kiểm tra rằng tất cả các thành phần của thông báo không hiển thị trên màn hình.
- Tham số `${twoButton}` xác định số lượng nút trong thông báo:
  - `1`: Chỉ có một nút (OK).
  - `2`: Có hai nút (OK và Cancel).
- Các phần tử cần kiểm tra:
  - Icon thông báo
  - Tiêu đề thông báo
  - Nội dung thông báo
  - Nút OK
  - Nút Cancel (nếu `${twoButton} == 2`)</doc>
<status status="PASS" start="2025-05-11T22:21:55.609953" elapsed="1.232463"/>
</kw>
<arg>${icon}</arg>
<arg>${notif_title}</arg>
<arg>${notif_content}</arg>
<status status="PASS" start="2025-05-11T22:21:52.336835" elapsed="4.505668"/>
</kw>
<arg>${username}</arg>
<arg>${password}</arg>
<arg>${gmail}</arg>
<arg>${notif_title}</arg>
<arg>${notif_content}</arg>
<arg>${icon}</arg>
<arg>${type}</arg>
<status status="PASS" start="2025-05-11T22:21:43.887838" elapsed="12.954733"/>
</kw>
<arg>username=h</arg>
<arg>password=1</arg>
<arg>gmail=hien@gmail.com</arg>
<arg>notif_title=Thông báo</arg>
<arg>notif_content=Đã lưu thông tin</arg>
<arg>icon=E:/PythonProject/Mframework/screenshot/baseline/success_notify_icon.png</arg>
<arg>old_username=hien123</arg>
<arg>old_password=123</arg>
<arg>type=</arg>
<status status="PASS" start="2025-05-11T22:21:29.871163" elapsed="26.971475"/>
</kw>
<kw name="Close MCM Application" owner="common_keyword" type="TEARDOWN">
<kw name="Run Process" owner="Process">
<msg time="2025-05-11T22:21:56.843458" level="INFO">Starting process:
adb shell am force-stop com.example.mcm_mangacollectionmanagement</msg>
<msg time="2025-05-11T22:21:56.850778" level="INFO">Waiting for process to complete.</msg>
<msg time="2025-05-11T22:21:56.976820" level="INFO">Process completed.</msg>
<arg>adb</arg>
<arg>shell</arg>
<arg>am</arg>
<arg>force-stop</arg>
<arg>${APP_PACKAGE}</arg>
<doc>Runs a process and waits for it to complete.</doc>
<status status="PASS" start="2025-05-11T22:21:56.843210" elapsed="0.133823"/>
</kw>
<doc>Đóng ứng dụng MCM nếu nó đang chạy.
- Sử dụng lệnh `adb shell am force-stop` để đóng ứng dụng.</doc>
<status status="PASS" start="2025-05-11T22:21:56.842935" elapsed="0.135046"/>
</kw>
<status status="PASS" start="2025-05-11T22:21:21.810564" elapsed="35.167574"/>
</test>
<test id="s1-t2" name="Using data driven testing using hi and 12 and hien@gmail.com and Thông báo and Đã lưu thông tin and h and 1 and E:/PythonProject/Mframework/screenshot/baseline/success_notify_icon.png and " line="16">
<kw name="Open MCM Application" owner="common_keyword" type="SETUP">
<kw name="Check Is App Is Running" owner="common_keyword">
<kw name="Run Process" owner="Process">
<msg time="2025-05-11T22:21:56.985146" level="INFO">Starting process:
adb shell pidof com.example.mcm_mangacollectionmanagement</msg>
<msg time="2025-05-11T22:21:56.999828" level="INFO">Waiting for process to complete.</msg>
<msg time="2025-05-11T22:21:57.145717" level="INFO">Process completed.</msg>
<msg time="2025-05-11T22:21:57.145943" level="INFO">${output} = &lt;result object with rc 1&gt;</msg>
<var>${output}</var>
<arg>adb shell pidof ${APP_PACKAGE}</arg>
<arg>shell=True</arg>
<arg>stdout=STDOUT</arg>
<doc>Runs a process and waits for it to complete.</doc>
<status status="PASS" start="2025-05-11T22:21:56.981774" elapsed="0.164216"/>
</kw>
<kw name="Run Keyword And Return Status" owner="BuiltIn">
<kw name="Should Not Be Empty" owner="BuiltIn">
<msg time="2025-05-11T22:21:57.147807" level="INFO">Length is 0.</msg>
<msg time="2025-05-11T22:21:57.147935" level="FAIL">'' should not be empty.</msg>
<arg>${output.stdout}</arg>
<doc>Verifies that the given item is not empty.</doc>
<status status="FAIL" start="2025-05-11T22:21:57.146528" elapsed="0.001514">'' should not be empty.</status>
</kw>
<msg time="2025-05-11T22:21:57.148201" level="INFO">${status} = False</msg>
<var>${status}</var>
<arg>Should Not Be Empty</arg>
<arg>${output.stdout}</arg>
<doc>Runs the given keyword with given arguments and returns the status as a Boolean value.</doc>
<status status="PASS" start="2025-05-11T22:21:57.146230" elapsed="0.002007"/>
</kw>
<return>
<value>${status}</value>
<status status="PASS" start="2025-05-11T22:21:57.148309" elapsed="0.000042"/>
</return>
<msg time="2025-05-11T22:21:57.148575" level="INFO">${status} = False</msg>
<var>${status}</var>
<doc>Kiểm tra xem ứng dụng MCM có đang chạy không.
- Lệnh `adb shell pidof` được sử dụng để lấy PID của ứng dụng.
- Nếu `output.stdout` không rỗng, ứng dụng đang chạy.
- Trả về `True` nếu ứng dụng đang chạy, ngược lại trả về `False`.</doc>
<status status="PASS" start="2025-05-11T22:21:56.981469" elapsed="0.167152"/>
</kw>
<kw name="Run Keyword If" owner="BuiltIn">
<arg>${status}</arg>
<arg>Close MCM Application</arg>
<doc>Runs the given keyword with the given arguments, if ``condition`` is true.</doc>
<status status="PASS" start="2025-05-11T22:21:57.148903" elapsed="0.000311"/>
</kw>
<kw name="Sleep" owner="BuiltIn">
<msg time="2025-05-11T22:21:59.150138" level="INFO">Slept 2 seconds.</msg>
<arg>2</arg>
<doc>Pauses the test executed for the given time.</doc>
<status status="PASS" start="2025-05-11T22:21:57.149564" elapsed="2.000779"/>
</kw>
<kw name="Open Application" owner="AppiumLibrary">
<arg>${REMOTE_URL}</arg>
<arg>platformName=${PLATFORM_NAME}</arg>
<arg>deviceName=${EMULATOR_DEVICE_NAME}</arg>
<arg>appPackage=${APP_PACKAGE}</arg>
<arg>appActivity=${APP_ACTIVITY}</arg>
<arg>noReset=${NO_RESET}</arg>
<arg>automationName=${AUTOMATION_NAME}</arg>
<doc>Opens a new application to given Appium server.
Capabilities of appium server, Android and iOS,
Please check https://appium.io/docs/en/2.1/cli/args/
| *Option*            | *Man.* | *Description*     |
| remote_url          | Yes    | Appium server url |
| alias               | no     | alias             |
| strict_ssl          | No     | allows you to send commands to an invalid certificate host like a self-signed one. |</doc>
<status status="PASS" start="2025-05-11T22:21:59.150755" elapsed="6.914992"/>
</kw>
<doc>Mở ứng dụng MCM trên thiết bị/emulator.
- Nếu ứng dụng đã chạy trước đó, nó sẽ được đóng trước khi mở lại.
- Sử dụng `Open Application` với các tham số cấu hình từ biến môi trường.</doc>
<status status="PASS" start="2025-05-11T22:21:56.981096" elapsed="9.084837"/>
</kw>
<kw name="Data Driven Testing For Account Setting Feature">
<kw name="Check Login" owner="login_keyword">
<if>
<branch type="IF" condition="&quot;${type}&quot; == &quot;remove_app&quot;">
<kw name="Reset MCM App" owner="common_keyword">
<doc>Reset ứng dụng MCM về trạng thái mặc định.
- Dừng ứng dụng (`Terminate application`).
- Xóa dữ liệu ứng dụng bằng `adb shell pm clear`.</doc>
<status status="NOT RUN" start="2025-05-11T22:22:06.067743" elapsed="0.000059"/>
</kw>
<kw name="Sleep" owner="BuiltIn">
<arg>3s</arg>
<doc>Pauses the test executed for the given time.</doc>
<status status="NOT RUN" start="2025-05-11T22:22:06.068038" elapsed="0.000033"/>
</kw>
<kw name="Open MCM Application" owner="common_keyword">
<doc>Mở ứng dụng MCM trên thiết bị/emulator.
- Nếu ứng dụng đã chạy trước đó, nó sẽ được đóng trước khi mở lại.
- Sử dụng `Open Application` với các tham số cấu hình từ biến môi trường.</doc>
<status status="NOT RUN" start="2025-05-11T22:22:06.068248" elapsed="0.000030"/>
</kw>
<status status="NOT RUN" start="2025-05-11T22:22:06.067310" elapsed="0.001011"/>
</branch>
<status status="PASS" start="2025-05-11T22:22:06.067282" elapsed="0.001094"/>
</if>
<kw name="Login" owner="login_keyword">
<kw name="Wait Until Page Contains Element" owner="AppiumLibrary">
<msg time="2025-05-11T22:22:08.905184" level="INFO">xpath criteria: //android.widget.EditText[@resource-id="com.example.mcm_mangacollectionmanagement:id/edtLoginUsername"]
xpath criteria: //android.widget.EditText[@resource-id="com.example.mcm_mangacollectionmanagement:id/edtLoginUsername"]
xpath criteria: //android.widget.EditText[@resource-id="com.example.mcm_mangacollectionmanagement:id/edtLoginUsername"]
xpath criteria: //android.widget.EditText[@resource-id="com.example.mcm_mangacollectionmanagement:id/edtLoginUsername"]
xpath criteria: //android.widget.EditText[@resource-id="com.example.mcm_mangacollectionmanagement:id/edtLoginUsername"]
xpath criteria: //android.widget.EditText[@resource-id="com.example.mcm_mangacollectionmanagement:id/edtLoginUsername"]
xpath criteria: //android.widget.EditText[@resource-id="com.example.mcm_mangacollectionmanagement:id/edtLoginUsername"]</msg>
<arg>${EDT_LOGIN_USERNAME}</arg>
<arg>20s</arg>
<doc>Waits until element specified with `locator` appears on current page.</doc>
<status status="PASS" start="2025-05-11T22:22:06.069091" elapsed="2.836202"/>
</kw>
<kw name="Wait Until Page Contains Element" owner="AppiumLibrary">
<msg time="2025-05-11T22:22:09.024406" level="INFO">xpath criteria: //android.widget.EditText[@resource-id="com.example.mcm_mangacollectionmanagement:id/edtLoginPassword"]</msg>
<arg>${EDT_LOGIN_PASSWORD}</arg>
<arg>10s</arg>
<doc>Waits until element specified with `locator` appears on current page.</doc>
<status status="PASS" start="2025-05-11T22:22:08.905499" elapsed="0.118992"/>
</kw>
<kw name="Input Text" owner="AppiumLibrary">
<msg time="2025-05-11T22:22:09.033463" level="INFO">Typing text 'h' into text field '//android.widget.EditText[@resource-id="com.example.mcm_mangacollectionmanagement:id/edtLoginUsername"]'</msg>
<msg time="2025-05-11T22:22:09.881883" level="INFO">xpath criteria: //android.widget.EditText[@resource-id="com.example.mcm_mangacollectionmanagement:id/edtLoginUsername"]</msg>
<arg>${EDT_LOGIN_USERNAME}</arg>
<arg>${USERNAME}</arg>
<doc>Types the given `text` into text field identified by `locator`.</doc>
<status status="PASS" start="2025-05-11T22:22:09.024686" elapsed="0.857630"/>
</kw>
<kw name="Input Text" owner="AppiumLibrary">
<msg time="2025-05-11T22:22:09.886758" level="INFO">Typing text '1' into text field '//android.widget.EditText[@resource-id="com.example.mcm_mangacollectionmanagement:id/edtLoginPassword"]'</msg>
<msg time="2025-05-11T22:22:11.155737" level="INFO">xpath criteria: //android.widget.EditText[@resource-id="com.example.mcm_mangacollectionmanagement:id/edtLoginPassword"]</msg>
<arg>${EDT_LOGIN_PASSWORD}</arg>
<arg>${PASSWORD}</arg>
<doc>Types the given `text` into text field identified by `locator`.</doc>
<status status="PASS" start="2025-05-11T22:22:09.882767" elapsed="1.273151"/>
</kw>
<kw name="Click Element" owner="AppiumLibrary">
<msg time="2025-05-11T22:22:11.162771" level="INFO">Clicking element '//android.widget.Button[@resource-id="com.example.mcm_mangacollectionmanagement:id/btnLogin"]'.</msg>
<msg time="2025-05-11T22:22:11.778416" level="INFO">xpath criteria: //android.widget.Button[@resource-id="com.example.mcm_mangacollectionmanagement:id/btnLogin"]</msg>
<arg>${BTN_LOGIN_LOGIN}</arg>
<doc>Click element identified by `locator`.</doc>
<status status="PASS" start="2025-05-11T22:22:11.156369" elapsed="0.622144"/>
</kw>
<kw name="Sleep" owner="BuiltIn">
<msg time="2025-05-11T22:22:13.779123" level="INFO">Slept 2 seconds.</msg>
<arg>2</arg>
<doc>Pauses the test executed for the given time.</doc>
<status status="PASS" start="2025-05-11T22:22:11.778681" elapsed="2.000637"/>
</kw>
<arg>${username}</arg>
<arg>${password}</arg>
<status status="PASS" start="2025-05-11T22:22:06.068651" elapsed="7.710867"/>
</kw>
<kw name="Verify Notification" owner="notificationall_keyword">
<kw name="Verify Element In Notification Visible" owner="notification_keyword">
<kw name="Wait Until Element Is Visible" owner="AppiumLibrary">
<msg time="2025-05-11T22:22:13.889137" level="INFO">xpath criteria: //android.widget.ImageView[@resource-id="com.example.mcm_mangacollectionmanagement:id/successimage"]</msg>
<arg>${NOTIFY_ICON}</arg>
<doc>Waits until element specified with `locator` is visible.</doc>
<status status="PASS" start="2025-05-11T22:22:13.788157" elapsed="0.101062"/>
</kw>
<kw name="Wait Until Element Is Visible" owner="AppiumLibrary">
<msg time="2025-05-11T22:22:14.028770" level="INFO">xpath criteria: //android.widget.TextView[@resource-id="com.example.mcm_mangacollectionmanagement:id/successtitle"]</msg>
<arg>${TXT_NOTIFY_TITLE}</arg>
<doc>Waits until element specified with `locator` is visible.</doc>
<status status="PASS" start="2025-05-11T22:22:13.889384" elapsed="0.139514"/>
</kw>
<kw name="Wait Until Element Is Visible" owner="AppiumLibrary">
<msg time="2025-05-11T22:22:14.155789" level="INFO">xpath criteria: //android.widget.TextView[@resource-id="com.example.mcm_mangacollectionmanagement:id/successdesc"]</msg>
<arg>${TXT_NOTIFY_CONTENT}</arg>
<doc>Waits until element specified with `locator` is visible.</doc>
<status status="PASS" start="2025-05-11T22:22:14.029137" elapsed="0.126809"/>
</kw>
<kw name="Wait Until Element Is Visible" owner="AppiumLibrary">
<msg time="2025-05-11T22:22:14.285949" level="INFO">xpath criteria: //android.widget.Button[@resource-id="com.example.mcm_mangacollectionmanagement:id/successdone"]</msg>
<arg>${BTN_NOTIFY_OK}</arg>
<doc>Waits until element specified with `locator` is visible.</doc>
<status status="PASS" start="2025-05-11T22:22:14.156198" elapsed="0.129875"/>
</kw>
<kw name="Run Keyword If" owner="BuiltIn">
<arg>"${twoButton}" == "2"</arg>
<arg>Wait until element is visible</arg>
<arg>${BTN_NOTIFY_CANCEL}</arg>
<doc>Runs the given keyword with the given arguments, if ``condition`` is true.</doc>
<status status="PASS" start="2025-05-11T22:22:14.286284" elapsed="0.000205"/>
</kw>
<doc>Từ khóa này đợi cho đến khi các thành phần trong thông báo hiển thị.
- Tham số `${twoButton}` xác định số lượng nút trong thông báo:
- `1`: Thông báo chỉ có một nút.
- `2`: Thông báo có hai nút (OK và Cancel).
- Các thành phần được kiểm tra:
  - Icon thông báo
  - Tiêu đề thông báo
  - Nội dung thông báo
  - Nút OK
  - Nút Cancel (nếu `${twoButton} == 2`)</doc>
<status status="PASS" start="2025-05-11T22:22:13.787347" elapsed="0.499257"/>
</kw>
<kw name="Check Icon In Notification" owner="notification_keyword">
<kw name="Capture Element Screenshot" owner="CaptureElementScreenshot">
<msg time="2025-05-11T22:22:14.786208" level="INFO">${element_screenshot_path} = E:\PythonProject\MFramework\screenshot\current\curr_20250511_222214.png</msg>
<var>${element_screenshot_path}</var>
<arg>${NOTIFY_ICON}</arg>
<status status="PASS" start="2025-05-11T22:22:14.288483" elapsed="0.497833"/>
</kw>
<kw name="Compare Image" owner="compare_image">
<kw name="Create Session" owner="RequestsLibrary">
<msg time="2025-05-11T22:22:14.787765" level="INFO">Creating Session using : alias=compareImage, url=http://127.0.0.1:500, headers={},                     cookies={}, auth=None, timeout=None, proxies=None, verify=False,                     debug=0 </msg>
<arg>compareImage</arg>
<arg>${API_URL}</arg>
<doc>Create Session: create a HTTP session to a server</doc>
<status status="PASS" start="2025-05-11T22:22:14.787458" elapsed="0.000633"/>
</kw>
<kw name="Create Dictionary" owner="BuiltIn">
<msg time="2025-05-11T22:22:14.789092" level="INFO">${para} = {'image_path1': 'E:\\PythonProject\\MFramework\\screenshot\\current\\curr_20250511_222214.png', 'image_path2': 'E:/PythonProject/Mframework/screenshot/baseline/success_notify_icon.png'}</msg>
<var>${para}</var>
<arg>image_path1=${IMAGE_PATH1}</arg>
<arg>image_path2=${IMAGE_PATH2}</arg>
<doc>Creates and returns a dictionary based on the given ``items``.</doc>
<status status="PASS" start="2025-05-11T22:22:14.788452" elapsed="0.000724"/>
</kw>
<kw name="Run Keyword And Ignore Error" owner="BuiltIn">
<kw name="POST On Session" owner="RequestsLibrary">
<msg time="2025-05-11T22:22:14.878180" level="INFO">POST Request : url=http://127.0.0.1:500/compare_using_pixelmatch 
 path_url=/compare_using_pixelmatch 
 headers={'User-Agent': 'python-requests/2.32.3', 'Accept-Encoding': 'gzip, deflate', 'Accept': '*/*', 'Connection': 'keep-alive', 'Content-Length': '185', 'Content-Type': 'application/json'} 
 body=b'{"image_path1": "E:\\\\PythonProject\\\\MFramework\\\\screenshot\\\\current\\\\curr_20250511_222214.png", "image_path2": "E:/PythonProject/Mframework/screenshot/baseline/success_notify_icon.png"}' 
 </msg>
<msg time="2025-05-11T22:22:14.878277" level="INFO">POST Response : url=http://127.0.0.1:500/compare_using_pixelmatch 
 status=200, reason=OK 
 headers={'Server': 'Werkzeug/3.1.3 Python/3.13.1', 'Date': 'Sun, 11 May 2025 15:22:14 GMT', 'Content-Type': 'application/json', 'Content-Length': '285', 'Connection': 'close'} 
 body={"Color_Details":{"Hue Change":"0.00%","Saturation Change":"0.00%","Value Change":"89.65%"},"Differences":["Hai h\u00ecnh \u1ea3nh gi\u1ed1ng nhau nh\u01b0ng gi\u1eefa hai h\u00ecnh \u1ea3nh c\u00f3 s\u1ef1 kh\u00e1c nhau v\u1ec1 m\u00e0u s\u1eafc"],"Similarity_Percent":97.802734375}
 
 </msg>
<arg>compareImage</arg>
<arg>${METHOD}</arg>
<arg>json=${para}</arg>
<doc>Sends a POST request on a previously created HTTP Session.</doc>
<status status="PASS" start="2025-05-11T22:22:14.789983" elapsed="0.088388"/>
</kw>
<msg time="2025-05-11T22:22:14.878499" level="INFO">${status} = PASS</msg>
<msg time="2025-05-11T22:22:14.878547" level="INFO">${response} = &lt;Response [200]&gt;</msg>
<var>${status}</var>
<var>${response}</var>
<arg>POST On Session</arg>
<arg>compareImage</arg>
<arg>${METHOD}</arg>
<arg>json=${para}</arg>
<doc>Runs the given keyword with the given arguments and ignores possible error.</doc>
<status status="PASS" start="2025-05-11T22:22:14.789566" elapsed="0.089006"/>
</kw>
<kw name="Run Keyword If" owner="BuiltIn">
<arg>'${status}' == 'FAIL'</arg>
<arg>Get Latest File By Modified Time</arg>
<doc>Runs the given keyword with the given arguments, if ``condition`` is true.</doc>
<status status="PASS" start="2025-05-11T22:22:14.878806" elapsed="0.000214"/>
</kw>
<kw name="Log" owner="BuiltIn">
<msg time="2025-05-11T22:22:14.879314" level="INFO" html="true">&lt;Response [200]&gt;</msg>
<arg>${response}</arg>
<arg>html=True</arg>
<doc>Logs the given message with the given level.</doc>
<status status="PASS" start="2025-05-11T22:22:14.879152" elapsed="0.000212"/>
</kw>
<kw name="Should Be Equal As Strings" owner="BuiltIn">
<arg>${status}</arg>
<arg>PASS</arg>
<doc>Fails if objects are unequal after converting them to strings.</doc>
<status status="PASS" start="2025-05-11T22:22:14.880186" elapsed="0.001205"/>
</kw>
<msg time="2025-05-11T22:22:14.881718" level="INFO">${result} = None</msg>
<var>${result}</var>
<arg>${element_screenshot_path}</arg>
<arg>${expected_icon_link}</arg>
<status status="PASS" start="2025-05-11T22:22:14.786714" elapsed="0.095143"/>
</kw>
<return>
<value>${result}</value>
<status status="PASS" start="2025-05-11T22:22:14.881984" elapsed="0.000071"/>
</return>
<arg>${icon}</arg>
<doc>Từ khóa này kiểm tra xem icon của thông báo có khớp với icon mong đợi hay không.
- Tham số `${expected_icon_link}`: Đường dẫn hoặc hình ảnh icon mẫu.
- Chụp ảnh icon hiện tại và so sánh với icon mẫu.
- Trả về kết quả so sánh (`True` hoặc `False`).</doc>
<status status="PASS" start="2025-05-11T22:22:14.288134" elapsed="0.594111"/>
</kw>
<kw name="Check Title In Notification" owner="notification_keyword">
<kw name="Get Title In Notification" owner="notification_keyword">
<kw name="Wait Until Page Contains Element" owner="AppiumLibrary">
<msg time="2025-05-11T22:22:14.925894" level="INFO">xpath criteria: //android.widget.TextView[@resource-id="com.example.mcm_mangacollectionmanagement:id/successtitle"]</msg>
<arg>${TXT_NOTIFY_TITLE}</arg>
<doc>Waits until element specified with `locator` appears on current page.</doc>
<status status="PASS" start="2025-05-11T22:22:14.885542" elapsed="0.040460"/>
</kw>
<kw name="Get Text" owner="AppiumLibrary">
<msg time="2025-05-11T22:22:15.064437" level="INFO">Element '//android.widget.TextView[@resource-id="com.example.mcm_mangacollectionmanagement:id/successtitle"]' text is 'Thông báo' </msg>
<msg time="2025-05-11T22:22:15.064526" level="INFO">xpath criteria: //android.widget.TextView[@resource-id="com.example.mcm_mangacollectionmanagement:id/successtitle"]</msg>
<msg time="2025-05-11T22:22:15.064611" level="INFO">${title} = Thông báo</msg>
<var>${title}</var>
<arg>${TXT_NOTIFY_TITLE}</arg>
<doc>Get element text (for hybrid and mobile browser use `xpath` locator, others might cause problem)</doc>
<status status="PASS" start="2025-05-11T22:22:14.926174" elapsed="0.138464"/>
</kw>
<return>
<value>${title}</value>
<status status="PASS" start="2025-05-11T22:22:15.064711" elapsed="0.000046"/>
</return>
<msg time="2025-05-11T22:22:15.064890" level="INFO">${actual} = Thông báo</msg>
<var>${actual}</var>
<doc>Từ khóa này lấy tiêu đề của thông báo.
- Đợi cho đến khi phần tử tiêu đề xuất hiện.
- Trả về tiêu đề của thông báo dưới dạng chuỗi.</doc>
<status status="PASS" start="2025-05-11T22:22:14.885209" elapsed="0.179707"/>
</kw>
<kw name="Should Contain" owner="BuiltIn">
<arg>${actual}</arg>
<arg>${expected}</arg>
<doc>Fails if ``container`` does not contain ``item`` one or more times.</doc>
<status status="PASS" start="2025-05-11T22:22:15.065070" elapsed="0.000165"/>
</kw>
<arg>${title}</arg>
<doc>Từ khóa này kiểm tra tiêu đề của thông báo có chứa nội dung mong đợi hay không.
- Tham số `${expected}`: Chuỗi tiêu đề mong đợi.
- So sánh tiêu đề thực tế với tiêu đề mong đợi.</doc>
<status status="PASS" start="2025-05-11T22:22:14.884517" elapsed="0.180782"/>
</kw>
<kw name="Check Content In Notification" owner="notification_keyword">
<kw name="Get Content In Notification" owner="notification_keyword">
<kw name="Wait Until Page Contains Element" owner="AppiumLibrary">
<msg time="2025-05-11T22:22:15.140569" level="INFO">xpath criteria: //android.widget.TextView[@resource-id="com.example.mcm_mangacollectionmanagement:id/successdesc"]</msg>
<arg>${TXT_NOTIFY_CONTENT}</arg>
<doc>Waits until element specified with `locator` appears on current page.</doc>
<status status="PASS" start="2025-05-11T22:22:15.067066" elapsed="0.073620"/>
</kw>
<kw name="Get Text" owner="AppiumLibrary">
<msg time="2025-05-11T22:22:15.285360" level="INFO">Element '//android.widget.TextView[@resource-id="com.example.mcm_mangacollectionmanagement:id/successdesc"]' text is 'Đăng nhập thành công 
 Chào mừng h &gt;.&lt; ' </msg>
<msg time="2025-05-11T22:22:15.285472" level="INFO">xpath criteria: //android.widget.TextView[@resource-id="com.example.mcm_mangacollectionmanagement:id/successdesc"]</msg>
<msg time="2025-05-11T22:22:15.285592" level="INFO">${content} = Đăng nhập thành công 
 Chào mừng h &gt;.&lt; </msg>
<var>${content}</var>
<arg>${TXT_NOTIFY_CONTENT}</arg>
<doc>Get element text (for hybrid and mobile browser use `xpath` locator, others might cause problem)</doc>
<status status="PASS" start="2025-05-11T22:22:15.140930" elapsed="0.144706"/>
</kw>
<return>
<value>${content}</value>
<status status="PASS" start="2025-05-11T22:22:15.285731" elapsed="0.000058"/>
</return>
<msg time="2025-05-11T22:22:15.285983" level="INFO">${actual} = Đăng nhập thành công 
 Chào mừng h &gt;.&lt; </msg>
<var>${actual}</var>
<doc>Từ khóa này lấy nội dung hiển thị trong thông báo.
- Đợi cho đến khi phần tử nội dung thông báo xuất hiện.
- Trả về nội dung của thông báo dưới dạng chuỗi.</doc>
<status status="PASS" start="2025-05-11T22:22:15.066840" elapsed="0.219188"/>
</kw>
<kw name="Should Contain" owner="BuiltIn">
<arg>${actual}</arg>
<arg>${expected}</arg>
<doc>Fails if ``container`` does not contain ``item`` one or more times.</doc>
<status status="PASS" start="2025-05-11T22:22:15.286244" elapsed="0.000251"/>
</kw>
<arg>${content}</arg>
<doc>Từ khóa này kiểm tra nội dung của thông báo có chứa giá trị mong đợi hay không.
- Tham số `${expected}`: Chuỗi nội dung mong đợi.
- So sánh nội dung thực tế với nội dung mong đợi.</doc>
<status status="PASS" start="2025-05-11T22:22:15.066510" elapsed="0.220085"/>
</kw>
<kw name="Click OK In Notification" owner="notification_keyword">
<kw name="Wait Until Page Contains Element" owner="AppiumLibrary">
<msg time="2025-05-11T22:22:15.361926" level="INFO">xpath criteria: //android.widget.Button[@resource-id="com.example.mcm_mangacollectionmanagement:id/successdone"]</msg>
<arg>${BTN_NOTIFY_OK}</arg>
<doc>Waits until element specified with `locator` appears on current page.</doc>
<status status="PASS" start="2025-05-11T22:22:15.287196" elapsed="0.074812"/>
</kw>
<kw name="Click Element" owner="AppiumLibrary">
<msg time="2025-05-11T22:22:15.364737" level="INFO">Clicking element '//android.widget.Button[@resource-id="com.example.mcm_mangacollectionmanagement:id/successdone"]'.</msg>
<msg time="2025-05-11T22:22:15.561974" level="INFO">xpath criteria: //android.widget.Button[@resource-id="com.example.mcm_mangacollectionmanagement:id/successdone"]</msg>
<arg>${BTN_NOTIFY_OK}</arg>
<doc>Click element identified by `locator`.</doc>
<status status="PASS" start="2025-05-11T22:22:15.362174" elapsed="0.199928"/>
</kw>
<doc>Từ khóa này nhấn vào nút OK trong thông báo.</doc>
<status status="PASS" start="2025-05-11T22:22:15.286831" elapsed="0.275411"/>
</kw>
<kw name="Verify Element In Notification Not Visible" owner="notification_keyword">
<kw name="Page Should Not Contain Element" owner="AppiumLibrary">
<msg time="2025-05-11T22:22:15.989816" level="INFO">Current page not contains element '//android.widget.ImageView[@resource-id="com.example.mcm_mangacollectionmanagement:id/successimage"]'.</msg>
<msg time="2025-05-11T22:22:15.990034" level="INFO">xpath criteria: //android.widget.ImageView[@resource-id="com.example.mcm_mangacollectionmanagement:id/successimage"]</msg>
<arg>${NOTIFY_ICON}</arg>
<doc>Verifies that current page not contains `locator` element.</doc>
<status status="PASS" start="2025-05-11T22:22:15.570052" elapsed="0.420073"/>
</kw>
<kw name="Page Should Not Contain Element" owner="AppiumLibrary">
[...]
<arg>${username}</arg>
<arg>${password}</arg>
<arg>${gmail}</arg>
<status status="NOT RUN" start="2025-05-11T22:26:15.960624" elapsed="0.000026"/>
</kw>
<if>
<branch type="IF" condition="'${type}' == 'change_avt&amp;bg'">
<kw name="Choose Avatar And Background" owner="accountsetting_keyword">
<status status="NOT RUN" start="2025-05-11T22:26:15.960954" elapsed="0.000026"/>
</kw>
<status status="NOT RUN" start="2025-05-11T22:26:15.960796" elapsed="0.000213"/>
</branch>
<status status="NOT RUN" start="2025-05-11T22:26:15.960769" elapsed="0.000269"/>
</if>
<kw name="Click Element" owner="AppiumLibrary">
<arg>${BTN_AS_SAVE}</arg>
<doc>Click element identified by `locator`.</doc>
<status status="NOT RUN" start="2025-05-11T22:26:15.961153" elapsed="0.000022"/>
</kw>
<status status="NOT RUN" start="2025-05-11T22:26:15.960272" elapsed="0.000937"/>
</branch>
<status status="PASS" start="2025-05-11T22:26:14.842809" elapsed="1.118424"/>
</if>
<kw name="Verify Notification" owner="notificationall_keyword">
<kw name="Verify Element In Notification Visible" owner="notification_keyword">
<kw name="Wait Until Element Is Visible" owner="AppiumLibrary">
<msg time="2025-05-11T22:26:16.888858" level="INFO">xpath criteria: //android.widget.ImageView[@resource-id="com.example.mcm_mangacollectionmanagement:id/successimage"]
xpath criteria: //android.widget.ImageView[@resource-id="com.example.mcm_mangacollectionmanagement:id/successimage"]</msg>
<arg>${NOTIFY_ICON}</arg>
<doc>Waits until element specified with `locator` is visible.</doc>
<status status="PASS" start="2025-05-11T22:26:15.970315" elapsed="0.918632"/>
</kw>
<kw name="Wait Until Element Is Visible" owner="AppiumLibrary">
<msg time="2025-05-11T22:26:17.091836" level="INFO">xpath criteria: //android.widget.TextView[@resource-id="com.example.mcm_mangacollectionmanagement:id/successtitle"]</msg>
<arg>${TXT_NOTIFY_TITLE}</arg>
<doc>Waits until element specified with `locator` is visible.</doc>
<status status="PASS" start="2025-05-11T22:26:16.889159" elapsed="0.202968"/>
</kw>
<kw name="Wait Until Element Is Visible" owner="AppiumLibrary">
<msg time="2025-05-11T22:26:17.216902" level="INFO">xpath criteria: //android.widget.TextView[@resource-id="com.example.mcm_mangacollectionmanagement:id/successdesc"]</msg>
<arg>${TXT_NOTIFY_CONTENT}</arg>
<doc>Waits until element specified with `locator` is visible.</doc>
<status status="PASS" start="2025-05-11T22:26:17.092686" elapsed="0.124350"/>
</kw>
<kw name="Wait Until Element Is Visible" owner="AppiumLibrary">
<msg time="2025-05-11T22:26:17.383318" level="INFO">xpath criteria: //android.widget.Button[@resource-id="com.example.mcm_mangacollectionmanagement:id/successdone"]</msg>
<arg>${BTN_NOTIFY_OK}</arg>
<doc>Waits until element specified with `locator` is visible.</doc>
<status status="PASS" start="2025-05-11T22:26:17.217309" elapsed="0.166187"/>
</kw>
<kw name="Run Keyword If" owner="BuiltIn">
<arg>"${twoButton}" == "2"</arg>
<arg>Wait until element is visible</arg>
<arg>${BTN_NOTIFY_CANCEL}</arg>
<doc>Runs the given keyword with the given arguments, if ``condition`` is true.</doc>
<status status="PASS" start="2025-05-11T22:26:17.383835" elapsed="0.000352"/>
</kw>
<doc>Từ khóa này đợi cho đến khi các thành phần trong thông báo hiển thị.
- Tham số `${twoButton}` xác định số lượng nút trong thông báo:
- `1`: Thông báo chỉ có một nút.
- `2`: Thông báo có hai nút (OK và Cancel).
- Các thành phần được kiểm tra:
  - Icon thông báo
  - Tiêu đề thông báo
  - Nội dung thông báo
  - Nút OK
  - Nút Cancel (nếu `${twoButton} == 2`)</doc>
<status status="PASS" start="2025-05-11T22:26:15.969642" elapsed="1.414679"/>
</kw>
<kw name="Check Icon In Notification" owner="notification_keyword">
<kw name="Capture Element Screenshot" owner="CaptureElementScreenshot">
<msg time="2025-05-11T22:26:18.069025" level="INFO">${element_screenshot_path} = E:\PythonProject\MFramework\screenshot\current\curr_20250511_222617.png</msg>
<var>${element_screenshot_path}</var>
<arg>${NOTIFY_ICON}</arg>
<status status="PASS" start="2025-05-11T22:26:17.388318" elapsed="0.680759"/>
</kw>
<kw name="Compare Image" owner="compare_image">
<kw name="Create Session" owner="RequestsLibrary">
<msg time="2025-05-11T22:26:18.069829" level="INFO">Creating Session using : alias=compareImage, url=http://127.0.0.1:500, headers={},                     cookies={}, auth=None, timeout=None, proxies=None, verify=False,                     debug=0 </msg>
<arg>compareImage</arg>
<arg>${API_URL}</arg>
<doc>Create Session: create a HTTP session to a server</doc>
<status status="PASS" start="2025-05-11T22:26:18.069677" elapsed="0.000315"/>
</kw>
<kw name="Create Dictionary" owner="BuiltIn">
<msg time="2025-05-11T22:26:18.070461" level="INFO">${para} = {'image_path1': 'E:\\PythonProject\\MFramework\\screenshot\\current\\curr_20250511_222617.png', 'image_path2': 'E:/PythonProject/Mframework/screenshot/baseline/success_notify_icon.png'}</msg>
<var>${para}</var>
<arg>image_path1=${IMAGE_PATH1}</arg>
<arg>image_path2=${IMAGE_PATH2}</arg>
<doc>Creates and returns a dictionary based on the given ``items``.</doc>
<status status="PASS" start="2025-05-11T22:26:18.070164" elapsed="0.000331"/>
</kw>
<kw name="Run Keyword And Ignore Error" owner="BuiltIn">
<kw name="POST On Session" owner="RequestsLibrary">
<msg time="2025-05-11T22:26:18.151329" level="INFO">POST Request : url=http://127.0.0.1:500/compare_using_pixelmatch 
 path_url=/compare_using_pixelmatch 
 headers={'User-Agent': 'python-requests/2.32.3', 'Accept-Encoding': 'gzip, deflate', 'Accept': '*/*', 'Connection': 'keep-alive', 'Content-Length': '185', 'Content-Type': 'application/json'} 
 body=b'{"image_path1": "E:\\\\PythonProject\\\\MFramework\\\\screenshot\\\\current\\\\curr_20250511_222617.png", "image_path2": "E:/PythonProject/Mframework/screenshot/baseline/success_notify_icon.png"}' 
 </msg>
<msg time="2025-05-11T22:26:18.151475" level="INFO">POST Response : url=http://127.0.0.1:500/compare_using_pixelmatch 
 status=200, reason=OK 
 headers={'Server': 'Werkzeug/3.1.3 Python/3.13.1', 'Date': 'Sun, 11 May 2025 15:26:18 GMT', 'Content-Type': 'application/json', 'Content-Length': '285', 'Connection': 'close'} 
 body={"Color_Details":{"Hue Change":"0.00%","Saturation Change":"0.00%","Value Change":"89.65%"},"Differences":["Hai h\u00ecnh \u1ea3nh gi\u1ed1ng nhau nh\u01b0ng gi\u1eefa hai h\u00ecnh \u1ea3nh c\u00f3 s\u1ef1 kh\u00e1c nhau v\u1ec1 m\u00e0u s\u1eafc"],"Similarity_Percent":97.802734375}
 
 </msg>
<arg>compareImage</arg>
<arg>${METHOD}</arg>
<arg>json=${para}</arg>
<doc>Sends a POST request on a previously created HTTP Session.</doc>
<status status="PASS" start="2025-05-11T22:26:18.070854" elapsed="0.080770"/>
</kw>
<msg time="2025-05-11T22:26:18.151915" level="INFO">${status} = PASS</msg>
<msg time="2025-05-11T22:26:18.152001" level="INFO">${response} = &lt;Response [200]&gt;</msg>
<var>${status}</var>
<var>${response}</var>
<arg>POST On Session</arg>
<arg>compareImage</arg>
<arg>${METHOD}</arg>
<arg>json=${para}</arg>
<doc>Runs the given keyword with the given arguments and ignores possible error.</doc>
<status status="PASS" start="2025-05-11T22:26:18.070696" elapsed="0.081355"/>
</kw>
<kw name="Run Keyword If" owner="BuiltIn">
<arg>'${status}' == 'FAIL'</arg>
<arg>Get Latest File By Modified Time</arg>
<doc>Runs the given keyword with the given arguments, if ``condition`` is true.</doc>
<status status="PASS" start="2025-05-11T22:26:18.152399" elapsed="0.000291"/>
</kw>
<kw name="Log" owner="BuiltIn">
<msg time="2025-05-11T22:26:18.153239" level="INFO" html="true">&lt;Response [200]&gt;</msg>
<arg>${response}</arg>
<arg>html=True</arg>
<doc>Logs the given message with the given level.</doc>
<status status="PASS" start="2025-05-11T22:26:18.152964" elapsed="0.000371"/>
</kw>
<kw name="Should Be Equal As Strings" owner="BuiltIn">
<arg>${status}</arg>
<arg>PASS</arg>
<doc>Fails if objects are unequal after converting them to strings.</doc>
<status status="PASS" start="2025-05-11T22:26:18.153613" elapsed="0.000280"/>
</kw>
<msg time="2025-05-11T22:26:18.154063" level="INFO">${result} = None</msg>
<var>${result}</var>
<arg>${element_screenshot_path}</arg>
<arg>${expected_icon_link}</arg>
<status status="PASS" start="2025-05-11T22:26:18.069292" elapsed="0.084822"/>
</kw>
<return>
<value>${result}</value>
<status status="PASS" start="2025-05-11T22:26:18.154208" elapsed="0.000064"/>
</return>
<arg>${icon}</arg>
<doc>Từ khóa này kiểm tra xem icon của thông báo có khớp với icon mong đợi hay không.
- Tham số `${expected_icon_link}`: Đường dẫn hoặc hình ảnh icon mẫu.
- Chụp ảnh icon hiện tại và so sánh với icon mẫu.
- Trả về kết quả so sánh (`True` hoặc `False`).</doc>
<status status="PASS" start="2025-05-11T22:26:17.387733" elapsed="0.766714"/>
</kw>
<kw name="Check Title In Notification" owner="notification_keyword">
<kw name="Get Title In Notification" owner="notification_keyword">
<kw name="Wait Until Page Contains Element" owner="AppiumLibrary">
<msg time="2025-05-11T22:26:18.188288" level="INFO">xpath criteria: //android.widget.TextView[@resource-id="com.example.mcm_mangacollectionmanagement:id/successtitle"]</msg>
<arg>${TXT_NOTIFY_TITLE}</arg>
<doc>Waits until element specified with `locator` appears on current page.</doc>
<status status="PASS" start="2025-05-11T22:26:18.157299" elapsed="0.031074"/>
</kw>
<kw name="Get Text" owner="AppiumLibrary">
<msg time="2025-05-11T22:26:18.398378" level="INFO">Element '//android.widget.TextView[@resource-id="com.example.mcm_mangacollectionmanagement:id/successtitle"]' text is 'Thông báo' </msg>
<msg time="2025-05-11T22:26:18.398629" level="INFO">xpath criteria: //android.widget.TextView[@resource-id="com.example.mcm_mangacollectionmanagement:id/successtitle"]</msg>
<msg time="2025-05-11T22:26:18.398986" level="INFO">${title} = Thông báo</msg>
<var>${title}</var>
<arg>${TXT_NOTIFY_TITLE}</arg>
<doc>Get element text (for hybrid and mobile browser use `xpath` locator, others might cause problem)</doc>
<status status="PASS" start="2025-05-11T22:26:18.188547" elapsed="0.210569"/>
</kw>
<return>
<value>${title}</value>
<status status="PASS" start="2025-05-11T22:26:18.399372" elapsed="0.000154"/>
</return>
<msg time="2025-05-11T22:26:18.400297" level="INFO">${actual} = Thông báo</msg>
<var>${actual}</var>
<doc>Từ khóa này lấy tiêu đề của thông báo.
- Đợi cho đến khi phần tử tiêu đề xuất hiện.
- Trả về tiêu đề của thông báo dưới dạng chuỗi.</doc>
<status status="PASS" start="2025-05-11T22:26:18.156989" elapsed="0.243452"/>
</kw>
<kw name="Should Contain" owner="BuiltIn">
<arg>${actual}</arg>
<arg>${expected}</arg>
<doc>Fails if ``container`` does not contain ``item`` one or more times.</doc>
<status status="PASS" start="2025-05-11T22:26:18.400917" elapsed="0.000466"/>
</kw>
<arg>${title}</arg>
<doc>Từ khóa này kiểm tra tiêu đề của thông báo có chứa nội dung mong đợi hay không.
- Tham số `${expected}`: Chuỗi tiêu đề mong đợi.
- So sánh tiêu đề thực tế với tiêu đề mong đợi.</doc>
<status status="PASS" start="2025-05-11T22:26:18.156515" elapsed="0.245042"/>
</kw>
<kw name="Check Content In Notification" owner="notification_keyword">
<kw name="Get Content In Notification" owner="notification_keyword">
<kw name="Wait Until Page Contains Element" owner="AppiumLibrary">
<msg time="2025-05-11T22:26:18.453378" level="INFO">xpath criteria: //android.widget.TextView[@resource-id="com.example.mcm_mangacollectionmanagement:id/successdesc"]</msg>
<arg>${TXT_NOTIFY_CONTENT}</arg>
<doc>Waits until element specified with `locator` appears on current page.</doc>
<status status="PASS" start="2025-05-11T22:26:18.406750" elapsed="0.046733"/>
</kw>
<kw name="Get Text" owner="AppiumLibrary">
<msg time="2025-05-11T22:26:18.603618" level="INFO">Element '//android.widget.TextView[@resource-id="com.example.mcm_mangacollectionmanagement:id/successdesc"]' text is 'Đã lưu thông tin' </msg>
<msg time="2025-05-11T22:26:18.603737" level="INFO">xpath criteria: //android.widget.TextView[@resource-id="com.example.mcm_mangacollectionmanagement:id/successdesc"]</msg>
<msg time="2025-05-11T22:26:18.603880" level="INFO">${content} = Đã lưu thông tin</msg>
<var>${content}</var>
<arg>${TXT_NOTIFY_CONTENT}</arg>
<doc>Get element text (for hybrid and mobile browser use `xpath` locator, others might cause problem)</doc>
<status status="PASS" start="2025-05-11T22:26:18.453676" elapsed="0.150260"/>
</kw>
<return>
<value>${content}</value>
<status status="PASS" start="2025-05-11T22:26:18.604045" elapsed="0.000062"/>
</return>
<msg time="2025-05-11T22:26:18.604333" level="INFO">${actual} = Đã lưu thông tin</msg>
<var>${actual}</var>
<doc>Từ khóa này lấy nội dung hiển thị trong thông báo.
- Đợi cho đến khi phần tử nội dung thông báo xuất hiện.
- Trả về nội dung của thông báo dưới dạng chuỗi.</doc>
<status status="PASS" start="2025-05-11T22:26:18.406097" elapsed="0.198286"/>
</kw>
<kw name="Should Contain" owner="BuiltIn">
<arg>${actual}</arg>
<arg>${expected}</arg>
<doc>Fails if ``container`` does not contain ``item`` one or more times.</doc>
<status status="PASS" start="2025-05-11T22:26:18.604651" elapsed="0.000301"/>
</kw>
<arg>${content}</arg>
<doc>Từ khóa này kiểm tra nội dung của thông báo có chứa giá trị mong đợi hay không.
- Tham số `${expected}`: Chuỗi nội dung mong đợi.
- So sánh nội dung thực tế với nội dung mong đợi.</doc>
<status status="PASS" start="2025-05-11T22:26:18.405083" elapsed="0.199990"/>
</kw>
<kw name="Click OK In Notification" owner="notification_keyword">
<kw name="Wait Until Page Contains Element" owner="AppiumLibrary">
<msg time="2025-05-11T22:26:18.671035" level="INFO">xpath criteria: //android.widget.Button[@resource-id="com.example.mcm_mangacollectionmanagement:id/successdone"]</msg>
<arg>${BTN_NOTIFY_OK}</arg>
<doc>Waits until element specified with `locator` appears on current page.</doc>
<status status="PASS" start="2025-05-11T22:26:18.605816" elapsed="0.065358"/>
</kw>
<kw name="Click Element" owner="AppiumLibrary">
<msg time="2025-05-11T22:26:18.675714" level="INFO">Clicking element '//android.widget.Button[@resource-id="com.example.mcm_mangacollectionmanagement:id/successdone"]'.</msg>
<msg time="2025-05-11T22:26:19.005197" level="INFO">xpath criteria: //android.widget.Button[@resource-id="com.example.mcm_mangacollectionmanagement:id/successdone"]</msg>
<arg>${BTN_NOTIFY_OK}</arg>
<doc>Click element identified by `locator`.</doc>
<status status="PASS" start="2025-05-11T22:26:18.671510" elapsed="0.333885"/>
</kw>
<doc>Từ khóa này nhấn vào nút OK trong thông báo.</doc>
<status status="PASS" start="2025-05-11T22:26:18.605359" elapsed="0.400151"/>
</kw>
<kw name="Verify Element In Notification Not Visible" owner="notification_keyword">
<kw name="Page Should Not Contain Element" owner="AppiumLibrary">
<msg time="2025-05-11T22:26:19.363288" level="INFO">Current page not contains element '//android.widget.ImageView[@resource-id="com.example.mcm_mangacollectionmanagement:id/successimage"]'.</msg>
<msg time="2025-05-11T22:26:19.363369" level="INFO">xpath criteria: //android.widget.ImageView[@resource-id="com.example.mcm_mangacollectionmanagement:id/successimage"]</msg>
<arg>${NOTIFY_ICON}</arg>
<doc>Verifies that current page not contains `locator` element.</doc>
<status status="PASS" start="2025-05-11T22:26:19.011386" elapsed="0.352032"/>
</kw>
<kw name="Page Should Not Contain Element" owner="AppiumLibrary">
<msg time="2025-05-11T22:26:19.631282" level="INFO">Current page not contains element '//android.widget.TextView[@resource-id="com.example.mcm_mangacollectionmanagement:id/successtitle"]'.</msg>
<msg time="2025-05-11T22:26:19.631374" level="INFO">xpath criteria: //android.widget.TextView[@resource-id="com.example.mcm_mangacollectionmanagement:id/successtitle"]</msg>
<arg>${TXT_NOTIFY_TITLE}</arg>
<doc>Verifies that current page not contains `locator` element.</doc>
<status status="PASS" start="2025-05-11T22:26:19.363589" elapsed="0.267845"/>
</kw>
<kw name="Page Should Not Contain Element" owner="AppiumLibrary">
<msg time="2025-05-11T22:26:19.723510" level="INFO">Current page not contains element '//android.widget.TextView[@resource-id="com.example.mcm_mangacollectionmanagement:id/successdesc"]'.</msg>
<msg time="2025-05-11T22:26:19.723616" level="INFO">xpath criteria: //android.widget.TextView[@resource-id="com.example.mcm_mangacollectionmanagement:id/successdesc"]</msg>
<arg>${TXT_NOTIFY_CONTENT}</arg>
<doc>Verifies that current page not contains `locator` element.</doc>
<status status="PASS" start="2025-05-11T22:26:19.631673" elapsed="0.092003"/>
</kw>
<kw name="Page Should Not Contain Element" owner="AppiumLibrary">
<msg time="2025-05-11T22:26:19.820447" level="INFO">Current page not contains element '//android.widget.Button[@resource-id="com.example.mcm_mangacollectionmanagement:id/successdone"]'.</msg>
<msg time="2025-05-11T22:26:19.820521" level="INFO">xpath criteria: //android.widget.Button[@resource-id="com.example.mcm_mangacollectionmanagement:id/successdone"]</msg>
<arg>${BTN_NOTIFY_OK}</arg>
<doc>Verifies that current page not contains `locator` element.</doc>
<status status="PASS" start="2025-05-11T22:26:19.723850" elapsed="0.096722"/>
</kw>
<kw name="Run Keyword If" owner="BuiltIn">
<arg>"${twoButton}" == "2"</arg>
<arg>Page should not contain element</arg>
<arg>${BTN_NOTIFY_CANCEL}</arg>
<doc>Runs the given keyword with the given arguments, if ``condition`` is true.</doc>
<status status="PASS" start="2025-05-11T22:26:19.820812" elapsed="0.000266"/>
</kw>
<doc>Từ khóa này kiểm tra rằng tất cả các thành phần của thông báo không hiển thị trên màn hình.
- Tham số `${twoButton}` xác định số lượng nút trong thông báo:
  - `1`: Chỉ có một nút (OK).
  - `2`: Có hai nút (OK và Cancel).
- Các phần tử cần kiểm tra:
  - Icon thông báo
  - Tiêu đề thông báo
  - Nội dung thông báo
  - Nút OK
  - Nút Cancel (nếu `${twoButton} == 2`)</doc>
<status status="PASS" start="2025-05-11T22:26:19.010109" elapsed="0.811088"/>
</kw>
<arg>${icon}</arg>
<arg>${notif_title}</arg>
<arg>${notif_content}</arg>
<status status="PASS" start="2025-05-11T22:26:15.961366" elapsed="3.859934"/>
</kw>
<arg>${username}</arg>
<arg>${password}</arg>
<arg>${gmail}</arg>
<arg>${notif_title}</arg>
<arg>${notif_content}</arg>
<arg>${icon}</arg>
<arg>${type}</arg>
<status status="PASS" start="2025-05-11T22:26:14.842373" elapsed="4.979022"/>
</kw>
<arg>username=</arg>
<arg>password=</arg>
<arg>gmail=</arg>
<arg>notif_title=Thông báo</arg>
<arg>notif_content=Đã lưu thông tin</arg>
<arg>icon=E:/PythonProject/Mframework/screenshot/baseline/success_notify_icon.png</arg>
<arg>old_username=hi</arg>
<arg>old_password=12</arg>
<arg>type=none</arg>
<status status="PASS" start="2025-05-11T22:25:43.236218" elapsed="36.585278"/>
</kw>
<kw name="Close MCM Application" owner="common_keyword" type="TEARDOWN">
<kw name="Run Process" owner="Process">
<msg time="2025-05-11T22:26:19.822309" level="INFO">Starting process:
adb shell am force-stop com.example.mcm_mangacollectionmanagement</msg>
<msg time="2025-05-11T22:26:19.827006" level="INFO">Waiting for process to complete.</msg>
<msg time="2025-05-11T22:26:19.955164" level="INFO">Process completed.</msg>
<arg>adb</arg>
<arg>shell</arg>
<arg>am</arg>
<arg>force-stop</arg>
<arg>${APP_PACKAGE}</arg>
<doc>Runs a process and waits for it to complete.</doc>
<status status="PASS" start="2025-05-11T22:26:19.822144" elapsed="0.133140"/>
</kw>
<doc>Đóng ứng dụng MCM nếu nó đang chạy.
- Sử dụng lệnh `adb shell am force-stop` để đóng ứng dụng.</doc>
<status status="PASS" start="2025-05-11T22:26:19.821853" elapsed="0.133539"/>
</kw>
<status status="PASS" start="2025-05-11T22:25:35.213237" elapsed="44.742206"/>
</test>
<status status="PASS" start="2025-05-11T22:21:19.015064" elapsed="300.946278"/>
</suite>
<statistics>
<total>
<stat pass="8" fail="0" skip="0">All Tests</stat>
</total>
<tag>
</tag>
<suite>
<stat name="TS AccountSetting" id="s1" pass="8" fail="0" skip="0">TS AccountSetting</stat>
</suite>
</statistics>
<errors>
</errors>
</robot>
